COM5: BB: LEX: 30 10:23:11: 0002661291: iMjrEvt: DP_COMPONENT          : DP ISOLATE       = 0      * (0 = disable, 1 = enable)
COM5: BB: LEX: 30 10:23:11: 0002661311: iMjrEvt: DP_COMPONENT          : DP New ALU cal   = 1      * (0: Legacy,   1:New)
COM5: BB: LEX: 30 10:23:11: 0002661329: iMjrEvt: DP_COMPONENT          : DP LEX SSC       = 2      * (0 = disable, 1 = advertise, 2 = pass monitor's value)
COM5: BB: LEX: 30 10:23:11: 0002661338: iMjrEvt: DP_COMPONENT          : DP REX SSC       = 1      * (0 = disable, 1 = advertise, 2 = pass monitor's value)
COM5: BB: LEX: 30 10:23:11: 0002661349: iMjrEvt: DP_COMPONENT          : DP No Read MCCS  = 1      * (0 = Don't read MCCS 1 = Read MCCS
COM5: BB: LEX: 30 10:23:11: 0002661359: iMjrEvt: DP_COMPONENT          : DP AUDIO Send    = 0      * (0 = Enable, 1 = Disable)
COM5: BB: LEX: 30 10:23:11: 0002661370: iMjrEvt: DP_COMPONENT          : DP PE            = 255      * (255 = default, anything else = forced)
COM5: BB: LEX: 30 10:23:11: 0002661380: iMjrEvt: DP_COMPONENT          : DP VS            = 255      * (255 = default, anything else = forced)
COM5: BB: LEX: 30 10:23:11: 0002661390: iMjrEvt: DP_COMPONENT          : DP BANDWIDTH     = 0x0    * (0 = default, anything else = forced)
COM5: BB: LEX: 30 10:23:11: 0002661401: iMjrEvt: DP_COMPONENT          : DP LANE COUNT    = 0x0    * (0 = default, anything else = forced)
COM5: BB: LEX: 30 10:23:11: 0002661411: iMjrEvt: DP_COMPONENT          : DP EDID TYPE     = 0      * (0 = monitor's edid, 1 = 4k, 2 = 1080p)
COM5: BB: LEX: 30 10:23:11: 0002661421: iMjrEvt: DP_COMPONENT          : DP BPC MODE      = 0      * (6 = 6bpc, 8 = 8bpc, 10 = 10bpc)
COM5: BB: LEX: 30 10:23:11: 0002661431: iMjrEvt: DP_COMPONENT          : DP YCBCR Disable = 0      * (1 = disable, 0 = Pass through)
COM5: BB: LEX: 30 10:23:11: 0002661441: iMjrEvt: DP_COMPONENT          : DP Rex PD Timeout= 0      * (Value in sec, Max 10 sec)
COM5: BB: LEX: 30 10:23:11: 0002661451: iMjrEvt: DP_COMPONENT          : DP En AUX        = 0      * (1 = enable, 0 = disable)
COM5: BB: LEX: 30 10:23:16: 0007423884: iUsrLog: DP_COMPONENT          : AUX EDID type = 0
COM5: BB: LEX: 30 10:23:16: 0007424680: iUsrLog: DP_COMPONENT          : SSC Advertise Mode = 1 | 0=disable, 1=enable, 2=pass Monitor's value
COM5: BB: LEX: 30 10:23:16: 0007431786: iUsrLog: DP_COMPONENT          : AUX Isolated = 0
COM5: BB: LEX: 30 10:23:16: 0007433752: iMjrEvt: DP_COMPONENT          : DP YCBCR Disable = 0      * (1 = disable, 0 = Pass through)
COM5: BB: LEX: 30 10:23:16: 0007435566: iUsrLog: DP_COMPONENT          : No Read MCCS = 1
COM5: BB: LEX: 30 10:23:16: 0007438057: iUsrLog: DP_COMPONENT          : AUX BPC Mode = 0
COM5: BB: LEX: 30 10:23:16: 0007443774: iUsrLog: DP_COMPONENT          : BW = 0x0; LC = 0x0
COM5: BB: LEX: 30 10:23:16: 0007448128: iUsrLog: DP_COMPONENT          : Enable AUX over UART = 0
COM5: BB: LEX: 30 10:23:16: 0007453991: iUsrLog: DP_COMPONENT          : Lex Audio status chnaged = 0
COM5: BB: LEX: 30 10:23:16: 0007734738: iUsrLog: DP_COMPONENT          : AUX EDID type = 0
COM5: BB: LEX: 30 10:23:16: 0007737678: iUsrLog: DP_COMPONENT          : SSC Advertise Mode = 1 | 0=disable, 1=enable, 2=pass Monitor's value
COM5: BB: LEX: 30 10:23:16: 0007739621: iUsrLog: DP_COMPONENT          : AUX Isolated = 0
COM5: BB: LEX: 30 10:23:16: 0007742903: iMjrEvt: DP_COMPONENT          : DP YCBCR Disable = 0      * (1 = disable, 0 = Pass through)
COM5: BB: LEX: 30 10:23:16: 0007748024: iUsrLog: DP_COMPONENT          : No Read MCCS = 1
COM5: BB: LEX: 30 10:23:16: 0007753403: iUsrLog: DP_COMPONENT          : AUX BPC Mode = 0
COM5: BB: LEX: 30 10:23:16: 0007760119: iUsrLog: DP_COMPONENT          : BW = 0x0; LC = 0x0
COM5: BB: LEX: 30 10:23:16: 0007777504: iUsrLog: DP_COMPONENT          : Enable AUX over UART = 0
COM5: BB: LEX: 30 10:23:16: 0007786436: iUsrLog: DP_COMPONENT          : Lex Audio status chnaged = 0
COM5: BB: LEX: 30 10:23:16: 0007925302: iUsrLog: DP_COMPONENT          : AUX EDID type = 0
COM5: BB: LEX: 30 10:23:16: 0007929468: iUsrLog: DP_COMPONENT          : SSC Advertise Mode = 1 | 0=disable, 1=enable, 2=pass Monitor's value
COM5: BB: LEX: 30 10:23:16: 0007933990: iUsrLog: DP_COMPONENT          : AUX Isolated = 0
COM5: BB: LEX: 30 10:23:16: 0007941192: iMjrEvt: DP_COMPONENT          : DP YCBCR Disable = 0      * (1 = disable, 0 = Pass through)
COM5: BB: LEX: 30 10:23:16: 0007945381: iUsrLog: DP_COMPONENT          : No Read MCCS = 1
COM5: BB: LEX: 30 10:23:16: 0007954332: iUsrLog: DP_COMPONENT          : AUX BPC Mode = 0
COM5: BB: LEX: 30 10:23:16: 0007969997: iUsrLog: DP_COMPONENT          : BW = 0x0; LC = 0x0
COM5: BB: LEX: 30 10:23:16: 0007983541: iUsrLog: DP_COMPONENT          : Enable AUX over UART = 0
COM5: BB: LEX: 30 10:23:16: 0007996252: iUsrLog: DP_COMPONENT          : Lex Audio status chnaged = 0
COM5: BB: LEX: 30 10:23:23: 0014413896: ISTATUS Data Link Disconnected
COM5: BB: LEX:  10:23:27.920: Software Info message: FPGA Chip ID Major 17 Minor 1 Debug 1 HW build was done on 2019/09/09 at 12:13:16 FallbackStatus 0x0
Bootrom ID Major 0 Minor 12 Software revision Major 0 Minor 0 Debug 70 SW build was done on 2019/09/19 at 15:19:44 this is LEX
COM5: BB: LEX: 30 10:23:27: 0000002640: iMinEvt: FLASH_DATA_COMPONENT  : Block number 0 address 0xc0b00000 status 1
COM5: BB: LEX: 30 10:23:27: 0000014461: iMinEvt: FLASH_DATA_COMPONENT  : Block number 1 address 0xc0b10000 status 0
COM5: BB: LEX: 30 10:23:27: 0000026256: iMinEvt: FLASH_DATA_COMPONENT  : *** Flash Vars erased header data found, from address c0b0011c, 65240 bytes
COM5: BB: LEX: 30 10:23:27: 0000026276: iMinEvt: FLASH_DATA_COMPONENT  : Flash storage initialization - status 0 active block 0 used space = 0x11c
COM5: BB: LEX: 30 10:23:27: 0000039923: iMjrErr: TOPLEVEL_COMPONENT    :   *** This is a PlugTest Image ***
COM5: BB: LEX: 30 10:23:28: 0000258815: iMjrErr: DP_COMPONENT          : ****** DP ISOLATED LEX DISABLED *******
COM5: BB: LEX: 30 10:23:28: 0000258836: iDbgGrn: DP_AUX_COMPONENT      : Clearing the AUX trans buffer
COM5: BB: LEX: 30 10:23:28: 0000263374: ISTATUS DP not in over current state
COM5: BB: LEX: 30 10:23:28: 0000263392: ISTATUS DP not in over current state
COM5: BB: LEX: 30 10:23:28: 0000263427: iMjrEvt: DP_AUX_COMPONENT      : Generating HPD down event
COM5: BB: LEX: 30 10:23:28: 0000263438: iMjrEvt: DP_STREAM_COMPONENT   : Reset DP Sink = 1 | (1:reset, 0:take out of reset)
COM5: BB: LEX: 30 10:23:28: 0000263445: iMjrEvt: DP_STREAM_COMPONENT   : Reset TICO Encoder = 1 | (1:reset, 0:take out of reset)
COM5: BB: LEX: 30 10:23:28: 0000263465: iMjrEvt: DP_COMPONENT          : LinkTR: old state = 0, new state = 0 on event = 0
COM5: BB: LEX: 30 10:23:28: 0000263486: iMjrEvt: DP_COMPONENT          : Policy maker: old state = 0, new state = 0 on event = 0
COM5: BB: LEX: 30 10:23:28: 0000263503: iMjrEvt: DP_COMPONENT          : Policy maker: old state = 0, new state = 1 on event = 2
COM5: BB: LEX: 30 10:23:28: 0000263530: iUsrLog: DP_COMPONENT          : Enable AUX over UART = 0
COM5: BB: LEX: 30 10:23:28: 0000263543: iMjrEvt: DP_COMPONENT          : Policy maker: old state = 1, new state = 1 on event = 0
COM5: BB: LEX: 30 10:23:28: 0000263573: iMjrEvt: DP_COMPONENT          : LinkTR: old state = 0, new state = 0 on event = 3
COM5: BB: LEX: 30 10:23:28: 0000263585: iMjrEvt: DP_COMPONENT          : LinkTR: old state = 0, new state = 0 on event = 3
COM5: BB: LEX: 30 10:23:28: 0000264683: iMjrEvt: DP_COMPONENT          : LinkTR: old state = 0, new state = 0 on event = 4
COM5: BB: LEX:  10:23:28.317: GE DBG:
COM5: BB: LEX:  10:23:28.323: Goldenears SW 0.1.4
COM5: BB: LEX:  10:23:28.330: GE DBG:
COM5: BB: LEX:  10:23:28.334: ASIC rev. B detected
COM5: BB: LEX: 30 10:23:28: 0000519015: iMjrEvt: DP_COMPONENT          : Policy maker: old state = 1, new state = 2 on event = 17
COM5: BB: LEX: 30 10:23:28: 0000519038: iMjrEvt: DP_COMPONENT          : AUX Got Host Connection Msg = 0
COM5: BB: LEX: 30 10:23:28: 0000519055: iMjrEvt: DP_COMPONENT          : Policy maker: old state = 2, new state = 2 on event = 0
COM5: BB: LEX: 30 10:23:28: 0000519068: iMjrEvt: DP_COMPONENT          : Policy maker: old state = 2, new state = 2 on event = 9
COM5: BB: LEX: 30 10:23:30: 0002312015: iMjrEvt: DP_COMPONENT          : LinkTR: old state = 0, new state = 1 on event = 21
COM5: BB: LEX: 30 10:23:30: 0002312038: iMjrEvt: DP_COMPONENT          : LinkTR: old state = 1, new state = 1 on event = 0
COM5: BB: LEX: 30 10:23:30: 0002312052: iMjrEvt: DP_AUX_COMPONENT      : Source connect count = 0 source disconnect count = 1 Aux status = 0
COM5: BB: LEX: 30 10:23:34: 0006828906: ISTATUS Data Link Operational, CATx at 10Gbps
