COM6: BB: REX: 30 10:23:17: 0009122576: iUsrLog: DP_COMPONENT          : AUX EDID type = 0
COM6: BB: REX: 30 10:23:18: 0009129524: iUsrLog: DP_COMPONENT          : AUX Isolated = 0
COM6: BB: REX: 30 10:23:18: 0009149092: iUsrLog: DP_COMPONENT          : SSC Advertise Mode = 1 | 0=disable, 1=enable, 2=pass Monitor's value
COM6: BB: REX: 30 10:23:18: 0009150302: iMjrEvt: DP_COMPONENT          : DP YCBCR Disable = 0      * (1 = disable, 0 = Pass through)
COM6: BB: REX: 30 10:23:18: 0009162881: iUsrLog: DP_COMPONENT          : No Read MCCS = 1
COM6: BB: REX: 30 10:23:18: 0009168397: iUsrLog: DP_COMPONENT          : AUX BPC Mode = 0
COM6: BB: REX: 30 10:23:18: 0009170775: iUsrLog: DP_COMPONENT          : BW = 0x0; LC = 0x0
COM6: BB: REX: 30 10:23:18: 0009175431: iUsrLog: DP_COMPONENT          : Enable AUX over UART = 0
COM6: BB: REX: 30 10:23:18: 0009179577: iUsrLog: DP_COMPONENT          : Lex Audio status chnaged = 0
COM6: BB: REX: 30 10:23:18: 0009312379: iUsrLog: DP_COMPONENT          : AUX EDID type = 0
COM6: BB: REX: 30 10:23:18: 0009315263: iUsrLog: DP_COMPONENT          : SSC Advertise Mode = 1 | 0=disable, 1=enable, 2=pass Monitor's value
COM6: BB: REX: 30 10:23:18: 0009316858: iUsrLog: DP_COMPONENT          : AUX Isolated = 0
COM6: BB: REX: 30 10:23:18: 0009317604: iMjrEvt: DP_COMPONENT          : DP YCBCR Disable = 0      * (1 = disable, 0 = Pass through)
COM6: BB: REX: 30 10:23:18: 0009319458: iUsrLog: DP_COMPONENT          : No Read MCCS = 1
COM6: BB: REX: 30 10:23:18: 0009324545: iUsrLog: DP_COMPONENT          : AUX BPC Mode = 0
COM6: BB: REX: 30 10:23:18: 0009327651: iUsrLog: DP_COMPONENT          : BW = 0x0; LC = 0x0
COM6: BB: REX: 30 10:23:18: 0009335695: iUsrLog: DP_COMPONENT          : Enable AUX over UART = 0
COM6: BB: REX: 30 10:23:18: 0009347033: iUsrLog: DP_COMPONENT          : Lex Audio status chnaged = 0
COM6: BB: REX: 30 10:23:18: 0009510448: iUsrLog: DP_COMPONENT          : AUX EDID type = 0
COM6: BB: REX: 30 10:23:18: 0009511166: iUsrLog: DP_COMPONENT          : SSC Advertise Mode = 1 | 0=disable, 1=enable, 2=pass Monitor's value
COM6: BB: REX: 30 10:23:18: 0009517250: iUsrLog: DP_COMPONENT          : AUX Isolated = 0
COM6: BB: REX: 30 10:23:18: 0009520014: iMjrEvt: DP_COMPONENT          : DP YCBCR Disable = 0      * (1 = disable, 0 = Pass through)
COM6: BB: REX: 30 10:23:18: 0009521858: iUsrLog: DP_COMPONENT          : No Read MCCS = 1
COM6: BB: REX: 30 10:23:18: 0009530266: iUsrLog: DP_COMPONENT          : AUX BPC Mode = 0
COM6: BB: REX: 30 10:23:18: 0009535950: iUsrLog: DP_COMPONENT          : BW = 0x0; LC = 0x0
COM6: BB: REX: 30 10:23:18: 0009549118: iUsrLog: DP_COMPONENT          : Enable AUX over UART = 0
COM6: BB: REX: 30 10:23:18: 0009560330: iUsrLog: DP_COMPONENT          : Lex Audio status chnaged = 0
COM6: BB: REX:  10:23:25.338: Software Info message: FPGA Chip ID Major 17 Minor 1 Debug 1 HW build was done on 2019/09/09 at 12:13:16 FallbackStatus 0x0
Bootrom ID Major 0 Minor 12 Software revision Major 0 Minor 0 Debug 70 SW build was done on 2019/09/19 at 15:19:44 this is REX
COM6: BB: REX: 30 10:23:25: 0000002640: iMinEvt: FLASH_DATA_COMPONENT  : Block number 0 address 0xc0b00000 status 1
COM6: BB: REX: 30 10:23:25: 0000014461: iMinEvt: FLASH_DATA_COMPONENT  : Block number 1 address 0xc0b10000 status 0
COM6: BB: REX: 30 10:23:25: 0000026247: iMinEvt: FLASH_DATA_COMPONENT  : *** Flash Vars erased header data found, from address c0b0017c, 65144 bytes
COM6: BB: REX: 30 10:23:25: 0000026266: iMinEvt: FLASH_DATA_COMPONENT  : Flash storage initialization - status 0 active block 0 used space = 0x17c
COM6: BB: REX: 30 10:23:25: 0000039137: iMjrErr: TOPLEVEL_COMPONENT    :   *** This is a PlugTest Image ***
COM6: BB: REX: 30 10:23:25: 0000257756: iMjrErr: DP_COMPONENT          : ****** DP ISOLATED REX DISABLED *******
COM6: BB: REX: 30 10:23:25: 0000257777: iDbgGrn: DP_AUX_COMPONENT      : Clearing the AUX trans buffer
COM6: BB: REX: 30 10:23:25: 0000258669: ISTATUS DP not in over current state
COM6: BB: REX: 30 10:23:25: 0000258687: ISTATUS DP not in over current state
COM6: BB: REX: 30 10:23:25: 0000258729: iMjrEvt: DP_COMPONENT          : Policy maker: old state = 0, new state = 0 on event = 0
COM6: BB: REX: 30 10:23:25: 0000258750: iMjrEvt: DP_COMPONENT          : Policy maker: old state = 0, new state = 1 on event = 2
COM6: BB: REX: 30 10:23:25: 0000258788: iUsrLog: DP_COMPONENT          : Enable AUX over UART = 0
COM6: BB: REX: 30 10:23:25: 0000258797: iMjrEvt: DP_COMPONENT          : Policy maker: old state = 1, new state = 1 on event = 0
COM6: BB: REX: 30 10:23:25: 0000258825: iMjrEvt: DP_COMPONENT          : LinkTR: old state = 0, new state = 0 on event = 3
COM6: BB: REX: 30 10:23:25: 0000258843: iMjrEvt: DP_COMPONENT          : LinkTR: old state = 0, new state = 0 on event = 3
COM6: BB: REX:  10:23:25.725: GE DBG:
COM6: BB: REX:  10:23:25.743: Goldenears SW 0.1.4
COM6: BB: REX:  10:23:25.771: GE DBG:
COM6: BB: REX:  10:23:25.776: ASIC rev. B detected
COM6: BB: REX: 30 10:23:26: 0000668364: iMjrEvt: DP_COMPONENT          : Policy maker: old state = 1, new state = 1 on event = 16
COM6: BB: REX: 30 10:23:34: 0009402906: ISTATUS Data Link Operational, CATx at 10Gbps
COM6: BB: REX: 30 10:23:36: 0001033363: iMjrEvt: DP_COMPONENT          : AUX Got Phy Link Msg = 1
COM6: BB: REX: 30 10:23:36: 0001033419: iMjrErr: DP_COMPONENT          : Policy maker: got invalid event 20 in state 1
COM6: BB: REX: 30 10:23:36: 0001033435: iMjrEvt: DP_COMPONENT          : Policy maker: old state = 1, new state = 1 on event = 20
COM6: BB: REX: 30 10:23:56: 0004309751: iMjrEvt: DP_STREAM_COMPONENT   : Lane Count                  = 2
COM6: BB: REX: 30 10:23:56: 0004309767: iMjrEvt: DP_STREAM_COMPONENT   : Bandwidth                   = 1.62 Gbps
COM6: BB: REX: 30 10:23:56: 0004309784: iMjrEvt: DP_STREAM_COMPONENT   : Enhanced Framing            = 0
COM6: BB: REX: 30 10:23:56: 0004309790: iMjrEvt: DP_STREAM_COMPONENT   : Mvid                        = 9109511
COM6: BB: REX: 30 10:23:56: 0004309798: iMjrEvt: DP_STREAM_COMPONENT   : Nvid                        = 9109511
COM6: BB: REX: 30 10:23:56: 0004309805: iMjrEvt: DP_STREAM_COMPONENT   : H Total                     = 651
COM6: BB: REX: 30 10:23:56: 0004309813: iMjrEvt: DP_STREAM_COMPONENT   : H Start                     = 7
COM6: BB: REX: 30 10:23:56: 0004309819: iMjrEvt: DP_STREAM_COMPONENT   : H Width                     = 651
COM6: BB: REX: 30 10:23:56: 0004309827: iMjrEvt: DP_STREAM_COMPONENT   : H Polarity                  = 0
COM6: BB: REX: 30 10:23:56: 0004309834: iMjrEvt: DP_STREAM_COMPONENT   : H Sync Width                = 7
COM6: BB: REX: 30 10:23:56: 0004309841: iMjrEvt: DP_STREAM_COMPONENT   : V Total                     = 651
COM6: BB: REX: 30 10:23:56: 0004309849: iMjrEvt: DP_STREAM_COMPONENT   : V Start                     = 7
COM6: BB: REX: 30 10:23:56: 0004309856: iMjrEvt: DP_STREAM_COMPONENT   : V Height                    = 651
COM6: BB: REX: 30 10:23:56: 0004309863: iMjrEvt: DP_STREAM_COMPONENT   : V Polarity                  = 0
COM6: BB: REX: 30 10:23:56: 0004309871: iMjrEvt: DP_STREAM_COMPONENT   : V Sync Width                = 7
COM6: BB: REX: 30 10:23:56: 0004309877: iMjrEvt: DP_STREAM_COMPONENT   : Misc Y Only                 = 0
COM6: BB: REX: 30 10:23:56: 0004309885: iMjrEvt: DP_STREAM_COMPONENT   : Misc Stereo                 = 0
COM6: BB: REX: 30 10:23:56: 0004309892: iMjrEvt: DP_STREAM_COMPONENT   : Misc Int Total              = 0
COM6: BB: REX: 30 10:23:56: 0004309900: iMjrEvt: DP_STREAM_COMPONENT   : Misc Clock Sync             = 1
COM6: BB: REX: 30 10:23:56: 0004309906: iMjrEvt: DP_STREAM_COMPONENT   : CS Packet Length            = 704
COM6: BB: REX: 30 10:23:56: 0004309914: iMjrEvt: DP_STREAM_COMPONENT   : Color Code                  = 0x3 and BPP = 255
COM6: BB: REX: 30 10:23:56: 0004309922: iMjrEvt: DP_STREAM_COMPONENT   : **** DP STATS ****
COM6: BB: REX: 30 10:23:56: 0004309932: iMjrEvt: DP_STREAM_COMPONENT   : fifo_pix_0_overflow         = 7
COM6: BB: REX: 30 10:23:56: 0004309942: iMjrEvt: DP_STREAM_COMPONENT   : fifo_pix_0_underflow        = 7
COM6: BB: REX: 30 10:23:56: 0004309952: iMjrEvt: DP_STREAM_COMPONENT   : pix_0_sr_underflow          = 7
COM6: BB: REX: 30 10:23:56: 0004309963: iMjrEvt: DP_STREAM_COMPONENT   : pix_1_sr_underflow          = 7
COM6: BB: REX: 30 10:23:56: 0004309973: iMjrEvt: DP_STREAM_COMPONENT   : pix_2_sr_underflow          = 7
COM6: BB: REX: 30 10:23:56: 0004309983: iMjrEvt: DP_STREAM_COMPONENT   : pix_3_sr_underflow          = 7
COM6: BB: REX: 30 10:23:56: 0004309995: iMjrEvt: DP_STREAM_COMPONENT   : fifo_pix_0_level            = 7
COM6: BB: REX: 30 10:23:56: 0004310006: iMjrEvt: DP_STREAM_COMPONENT   : fifo_pix_0_level_watermark  = 7
COM6: BB: REX: 30 10:23:56: 0004310016: iMjrEvt: DP_STREAM_COMPONENT   : fifo_cs_overflow            = 7
COM6: BB: REX: 30 10:23:56: 0004310026: iMjrEvt: DP_STREAM_COMPONENT   : fifo_cs_underflow           = 7
COM6: BB: REX: 30 10:23:56: 0004310037: iMjrEvt: DP_STREAM_COMPONENT   : fifo_cs_level               = 7
COM6: BB: REX: 30 10:23:56: 0004310049: iMjrEvt: DP_STREAM_COMPONENT   : fifo_cs_level_watermark     = 7
COM6: BB: REX: 30 10:23:56: 0004310058: iMjrEvt: DP_STREAM_COMPONENT   : **** DP_ALU_STATS ****
COM6: BB: REX: 30 10:23:56: 0004310070: iMjrEvt: DP_STREAM_COMPONENT   : dp_width_active            = 651
COM6: BB: REX: 30 10:23:56: 0004310082: iMjrEvt: DP_STREAM_COMPONENT   : dp_width_total             = 7
COM6: BB: REX: 30 10:23:56: 0004310093: iMjrEvt: DP_STREAM_COMPONENT   : full_tu_size               = 11
COM6: BB: REX: 30 10:23:56: 0004310104: iMjrEvt: DP_STREAM_COMPONENT   : last_tu_size               = 0
COM6: BB: REX: 30 10:23:56: 0004310115: iMjrEvt: DP_STREAM_COMPONENT   : full_tu_num                = 7
COM6: BB: REX: 30 10:23:56: 0004310126: iMjrEvt: DP_STREAM_COMPONENT   : cpu_math_result_rdy        = 0
COM6: BB: REX: 30 10:23:56: 0004310137: iMjrEvt: DP_STREAM_COMPONENT   : valid_bytes_repeat_num     = 10
COM6: BB: REX: 30 10:23:56: 0004310149: iMjrEvt: DP_STREAM_COMPONENT   : valid_bytes_per_full_tu    = 22
COM6: BB: REX: 30 10:23:56: 0004310159: iMjrEvt: DP_STREAM_COMPONENT   : valid_bytes_num_per_lane   = 7
COM6: BB: REX: 30 10:23:56: 0004310168: iMjrEvt: DP_STREAM_COMPONENT   : **** DP FSM STATS ****
COM6: BB: REX: 30 10:23:56: 0004310180: iMjrEvt: DP_STREAM_COMPONENT   : fsm_state_vid  = 0
COM6: BB: REX: 30 10:23:56: 0004310191: iMjrEvt: DP_STREAM_COMPONENT   : fsm_state_dp   = 3
COM6: BB: REX: 30 10:24:01: 0009622933: iMjrEvt: DP_STREAM_COMPONENT   : Lane Count                  = 2
COM6: BB: REX: 30 10:24:01: 0009622950: iMjrEvt: DP_STREAM_COMPONENT   : Bandwidth                   = 1.62 Gbps
COM6: BB: REX: 30 10:24:01: 0009622966: iMjrEvt: DP_STREAM_COMPONENT   : Enhanced Framing            = 0
COM6: BB: REX: 30 10:24:01: 0009622973: iMjrEvt: DP_STREAM_COMPONENT   : Mvid                        = 9109511
COM6: BB: REX: 30 10:24:01: 0009622980: iMjrEvt: DP_STREAM_COMPONENT   : Nvid                        = 9109511
COM6: BB: REX: 30 10:24:01: 0009622988: iMjrEvt: DP_STREAM_COMPONENT   : H Total                     = 651
COM6: BB: REX: 30 10:24:01: 0009622994: iMjrEvt: DP_STREAM_COMPONENT   : H Start                     = 7
COM6: BB: REX: 30 10:24:01: 0009623002: iMjrEvt: DP_STREAM_COMPONENT   : H Width                     = 651
COM6: BB: REX: 30 10:24:01: 0009623009: iMjrEvt: DP_STREAM_COMPONENT   : H Polarity                  = 0
COM6: BB: REX: 30 10:24:01: 0009623017: iMjrEvt: DP_STREAM_COMPONENT   : H Sync Width                = 7
COM6: BB: REX: 30 10:24:01: 0009623023: iMjrEvt: DP_STREAM_COMPONENT   : V Total                     = 651
COM6: BB: REX: 30 10:24:01: 0009623031: iMjrEvt: DP_STREAM_COMPONENT   : V Start                     = 7
COM6: BB: REX: 30 10:24:01: 0009623038: iMjrEvt: DP_STREAM_COMPONENT   : V Height                    = 651
COM6: BB: REX: 30 10:24:01: 0009623046: iMjrEvt: DP_STREAM_COMPONENT   : V Polarity                  = 0
COM6: BB: REX: 30 10:24:01: 0009623053: iMjrEvt: DP_STREAM_COMPONENT   : V Sync Width                = 7
COM6: BB: REX: 30 10:24:01: 0009623060: iMjrEvt: DP_STREAM_COMPONENT   : Misc Y Only                 = 0
COM6: BB: REX: 30 10:24:01: 0009623067: iMjrEvt: DP_STREAM_COMPONENT   : Misc Stereo                 = 0
COM6: BB: REX: 30 10:24:01: 0009623075: iMjrEvt: DP_STREAM_COMPONENT   : Misc Int Total              = 0
COM6: BB: REX: 30 10:24:01: 0009623082: iMjrEvt: DP_STREAM_COMPONENT   : Misc Clock Sync             = 1
COM6: BB: REX: 30 10:24:01: 0009623089: iMjrEvt: DP_STREAM_COMPONENT   : CS Packet Length            = 704
COM6: BB: REX: 30 10:24:01: 0009623096: iMjrEvt: DP_STREAM_COMPONENT   : Color Code                  = 0x3 and BPP = 255
COM6: BB: REX: 30 10:24:01: 0009623105: iMjrEvt: DP_STREAM_COMPONENT   : **** DP STATS ****
COM6: BB: REX: 30 10:24:01: 0009623115: iMjrEvt: DP_STREAM_COMPONENT   : fifo_pix_0_overflow         = 7
COM6: BB: REX: 30 10:24:01: 0009623126: iMjrEvt: DP_STREAM_COMPONENT   : fifo_pix_0_underflow        = 7
COM6: BB: REX: 30 10:24:01: 0009623135: iMjrEvt: DP_STREAM_COMPONENT   : pix_0_sr_underflow          = 7
COM6: BB: REX: 30 10:24:01: 0009623146: iMjrEvt: DP_STREAM_COMPONENT   : pix_1_sr_underflow          = 7
COM6: BB: REX: 30 10:24:01: 0009623155: iMjrEvt: DP_STREAM_COMPONENT   : pix_2_sr_underflow          = 7
COM6: BB: REX: 30 10:24:01: 0009623166: iMjrEvt: DP_STREAM_COMPONENT   : pix_3_sr_underflow          = 7
COM6: BB: REX: 30 10:24:01: 0009623177: iMjrEvt: DP_STREAM_COMPONENT   : fifo_pix_0_level            = 7
COM6: BB: REX: 30 10:24:01: 0009623189: iMjrEvt: DP_STREAM_COMPONENT   : fifo_pix_0_level_watermark  = 7
COM6: BB: REX: 30 10:24:01: 0009623199: iMjrEvt: DP_STREAM_COMPONENT   : fifo_cs_overflow            = 7
COM6: BB: REX: 30 10:24:01: 0009623209: iMjrEvt: DP_STREAM_COMPONENT   : fifo_cs_underflow           = 7
COM6: BB: REX: 30 10:24:01: 0009623220: iMjrEvt: DP_STREAM_COMPONENT   : fifo_cs_level               = 7
COM6: BB: REX: 30 10:24:01: 0009623232: iMjrEvt: DP_STREAM_COMPONENT   : fifo_cs_level_watermark     = 7
COM6: BB: REX: 30 10:24:01: 0009623241: iMjrEvt: DP_STREAM_COMPONENT   : **** DP_ALU_STATS ****
COM6: BB: REX: 30 10:24:01: 0009623254: iMjrEvt: DP_STREAM_COMPONENT   : dp_width_active            = 651
COM6: BB: REX: 30 10:24:01: 0009623264: iMjrEvt: DP_STREAM_COMPONENT   : dp_width_total             = 7
COM6: BB: REX: 30 10:24:01: 0009623276: iMjrEvt: DP_STREAM_COMPONENT   : full_tu_size               = 11
COM6: BB: REX: 30 10:24:01: 0009623287: iMjrEvt: DP_STREAM_COMPONENT   : last_tu_size               = 0
COM6: BB: REX: 30 10:24:01: 0009623298: iMjrEvt: DP_STREAM_COMPONENT   : full_tu_num                = 7
COM6: BB: REX: 30 10:24:01: 0009623308: iMjrEvt: DP_STREAM_COMPONENT   : cpu_math_result_rdy        = 0
COM6: BB: REX: 30 10:24:01: 0009623320: iMjrEvt: DP_STREAM_COMPONENT   : valid_bytes_repeat_num     = 10
COM6: BB: REX: 30 10:24:01: 0009623331: iMjrEvt: DP_STREAM_COMPONENT   : valid_bytes_per_full_tu    = 22
COM6: BB: REX: 30 10:24:01: 0009623342: iMjrEvt: DP_STREAM_COMPONENT   : valid_bytes_num_per_lane   = 7
COM6: BB: REX: 30 10:24:01: 0009623350: iMjrEvt: DP_STREAM_COMPONENT   : **** DP FSM STATS ****
COM6: BB: REX: 30 10:24:01: 0009623363: iMjrEvt: DP_STREAM_COMPONENT   : fsm_state_vid  = 0
COM6: BB: REX: 30 10:24:01: 0009623373: iMjrEvt: DP_STREAM_COMPONENT   : fsm_state_dp   = 3
COM6: BB: REX: 30 10:24:11: 0002755680: iMjrEvt: DP_STREAM_COMPONENT   : Lane Count                  = 2
COM6: BB: REX: 30 10:24:11: 0002755697: iMjrEvt: DP_STREAM_COMPONENT   : Bandwidth                   = 1.62 Gbps
COM6: BB: REX: 30 10:24:11: 0002755713: iMjrEvt: DP_STREAM_COMPONENT   : Enhanced Framing            = 0
COM6: BB: REX: 30 10:24:11: 0002755720: iMjrEvt: DP_STREAM_COMPONENT   : Mvid                        = 9109511
COM6: BB: REX: 30 10:24:11: 0002755727: iMjrEvt: DP_STREAM_COMPONENT   : Nvid                        = 9109511
COM6: BB: REX: 30 10:24:11: 0002755734: iMjrEvt: DP_STREAM_COMPONENT   : H Total                     = 651
COM6: BB: REX: 30 10:24:11: 0002755742: iMjrEvt: DP_STREAM_COMPONENT   : H Start                     = 7
COM6: BB: REX: 30 10:24:11: 0002755749: iMjrEvt: DP_STREAM_COMPONENT   : H Width                     = 651
COM6: BB: REX: 30 10:24:11: 0002755757: iMjrEvt: DP_STREAM_COMPONENT   : H Polarity                  = 0
COM6: BB: REX: 30 10:24:11: 0002755763: iMjrEvt: DP_STREAM_COMPONENT   : H Sync Width                = 7
COM6: BB: REX: 30 10:24:11: 0002755771: iMjrEvt: DP_STREAM_COMPONENT   : V Total                     = 651
COM6: BB: REX: 30 10:24:11: 0002755778: iMjrEvt: DP_STREAM_COMPONENT   : V Start                     = 7
COM6: BB: REX: 30 10:24:11: 0002755786: iMjrEvt: DP_STREAM_COMPONENT   : V Height                    = 651
COM6: BB: REX: 30 10:24:11: 0002755792: iMjrEvt: DP_STREAM_COMPONENT   : V Polarity                  = 0
COM6: BB: REX: 30 10:24:11: 0002755800: iMjrEvt: DP_STREAM_COMPONENT   : V Sync Width                = 7
COM6: BB: REX: 30 10:24:11: 0002755807: iMjrEvt: DP_STREAM_COMPONENT   : Misc Y Only                 = 0
COM6: BB: REX: 30 10:24:11: 0002755814: iMjrEvt: DP_STREAM_COMPONENT   : Misc Stereo                 = 0
COM6: BB: REX: 30 10:24:11: 0002755822: iMjrEvt: DP_STREAM_COMPONENT   : Misc Int Total              = 0
COM6: BB: REX: 30 10:24:11: 0002755829: iMjrEvt: DP_STREAM_COMPONENT   : Misc Clock Sync             = 1
COM6: BB: REX: 30 10:24:11: 0002755836: iMjrEvt: DP_STREAM_COMPONENT   : CS Packet Length            = 704
COM6: BB: REX: 30 10:24:11: 0002755844: iMjrEvt: DP_STREAM_COMPONENT   : Color Code                  = 0x3 and BPP = 255
COM6: BB: REX: 30 10:24:11: 0002755852: iMjrEvt: DP_STREAM_COMPONENT   : **** DP STATS ****
COM6: BB: REX: 30 10:24:11: 0002755862: iMjrEvt: DP_STREAM_COMPONENT   : fifo_pix_0_overflow         = 7
COM6: BB: REX: 30 10:24:11: 0002755872: iMjrEvt: DP_STREAM_COMPONENT   : fifo_pix_0_underflow        = 7
COM6: BB: REX: 30 10:24:11: 0002755882: iMjrEvt: DP_STREAM_COMPONENT   : pix_0_sr_underflow          = 7
COM6: BB: REX: 30 10:24:11: 0002755892: iMjrEvt: DP_STREAM_COMPONENT   : pix_1_sr_underflow          = 7
COM6: BB: REX: 30 10:24:11: 0002755902: iMjrEvt: DP_STREAM_COMPONENT   : pix_2_sr_underflow          = 7
COM6: BB: REX: 30 10:24:11: 0002755912: iMjrEvt: DP_STREAM_COMPONENT   : pix_3_sr_underflow          = 7
COM6: BB: REX: 30 10:24:11: 0002755924: iMjrEvt: DP_STREAM_COMPONENT   : fifo_pix_0_level            = 7
COM6: BB: REX: 30 10:24:11: 0002755935: iMjrEvt: DP_STREAM_COMPONENT   : fifo_pix_0_level_watermark  = 7
COM6: BB: REX: 30 10:24:11: 0002755945: iMjrEvt: DP_STREAM_COMPONENT   : fifo_cs_overflow            = 7
COM6: BB: REX: 30 10:24:11: 0002755955: iMjrEvt: DP_STREAM_COMPONENT   : fifo_cs_underflow           = 7
COM6: BB: REX: 30 10:24:11: 0002755967: iMjrEvt: DP_STREAM_COMPONENT   : fifo_cs_level               = 7
COM6: BB: REX: 30 10:24:11: 0002755978: iMjrEvt: DP_STREAM_COMPONENT   : fifo_cs_level_watermark     = 7
COM6: BB: REX: 30 10:24:11: 0002755988: iMjrEvt: DP_STREAM_COMPONENT   : **** DP_ALU_STATS ****
COM6: BB: REX: 30 10:24:11: 0002756000: iMjrEvt: DP_STREAM_COMPONENT   : dp_width_active            = 651
COM6: BB: REX: 30 10:24:11: 0002756011: iMjrEvt: DP_STREAM_COMPONENT   : dp_width_total             = 7
COM6: BB: REX: 30 10:24:11: 0002756022: iMjrEvt: DP_STREAM_COMPONENT   : full_tu_size               = 11
COM6: BB: REX: 30 10:24:11: 0002756034: iMjrEvt: DP_STREAM_COMPONENT   : last_tu_size               = 0
COM6: BB: REX: 30 10:24:11: 0002756044: iMjrEvt: DP_STREAM_COMPONENT   : full_tu_num                = 7
COM6: BB: REX: 30 10:24:11: 0002756056: iMjrEvt: DP_STREAM_COMPONENT   : cpu_math_result_rdy        = 0
COM6: BB: REX: 30 10:24:11: 0002756067: iMjrEvt: DP_STREAM_COMPONENT   : valid_bytes_repeat_num     = 10
COM6: BB: REX: 30 10:24:11: 0002756078: iMjrEvt: DP_STREAM_COMPONENT   : valid_bytes_per_full_tu    = 22
COM6: BB: REX: 30 10:24:11: 0002756088: iMjrEvt: DP_STREAM_COMPONENT   : valid_bytes_num_per_lane   = 7
COM6: BB: REX: 30 10:24:11: 0002756098: iMjrEvt: DP_STREAM_COMPONENT   : **** DP FSM STATS ****
COM6: BB: REX: 30 10:24:11: 0002756109: iMjrEvt: DP_STREAM_COMPONENT   : fsm_state_vid  = 0
COM6: BB: REX: 30 10:24:11: 0002756121: iMjrEvt: DP_STREAM_COMPONENT   : fsm_state_dp   = 3
