COM5: BB: REX: 02 09:52:26: 0010743394: iMjrEvt: DP_STREAM_COMPONENT   : Lane Count                  = 4
COM5: BB: REX: 02 09:52:26: 0010743411: iMjrEvt: DP_STREAM_COMPONENT   : Bandwidth                   = 5.40 Gbps
COM5: BB: REX: 02 09:52:26: 0010743427: iMjrEvt: DP_STREAM_COMPONENT   : Enhanced Framing            = 1
COM5: BB: REX: 02 09:52:26: 0010743434: iMjrEvt: DP_STREAM_COMPONENT   : Mvid                        = 32435
COM5: BB: REX: 02 09:52:26: 0010743441: iMjrEvt: DP_STREAM_COMPONENT   : Nvid                        = 32768
COM5: BB: REX: 02 09:52:26: 0010743449: iMjrEvt: DP_STREAM_COMPONENT   : H Total                     = 4000
COM5: BB: REX: 02 09:52:26: 0010743456: iMjrEvt: DP_STREAM_COMPONENT   : H Start                     = 112
COM5: BB: REX: 02 09:52:26: 0010743463: iMjrEvt: DP_STREAM_COMPONENT   : H Width                     = 3840
COM5: BB: REX: 02 09:52:26: 0010743471: iMjrEvt: DP_STREAM_COMPONENT   : H Polarity                  = 0
COM5: BB: REX: 02 09:52:26: 0010743478: iMjrEvt: DP_STREAM_COMPONENT   : H Sync Width                = 32
COM5: BB: REX: 02 09:52:26: 0010743486: iMjrEvt: DP_STREAM_COMPONENT   : V Total                     = 2222
COM5: BB: REX: 02 09:52:26: 0010743494: iMjrEvt: DP_STREAM_COMPONENT   : V Start                     = 59
COM5: BB: REX: 02 09:52:26: 0010743501: iMjrEvt: DP_STREAM_COMPONENT   : V Height                    = 2160
COM5: BB: REX: 02 09:52:26: 0010743508: iMjrEvt: DP_STREAM_COMPONENT   : V Polarity                  = 1
COM5: BB: REX: 02 09:52:26: 0010743516: iMjrEvt: DP_STREAM_COMPONENT   : V Sync Width                = 5
COM5: BB: REX: 02 09:52:26: 0010743523: iMjrEvt: DP_STREAM_COMPONENT   : Misc Y Only                 = 0
COM5: BB: REX: 02 09:52:26: 0010743530: iMjrEvt: DP_STREAM_COMPONENT   : Misc Stereo                 = 0
COM5: BB: REX: 02 09:52:26: 0010743538: iMjrEvt: DP_STREAM_COMPONENT   : Misc Int Total              = 0
COM5: BB: REX: 02 09:52:26: 0010743545: iMjrEvt: DP_STREAM_COMPONENT   : Misc Clock Sync             = 0
COM5: BB: REX: 02 09:52:26: 0010743553: iMjrEvt: DP_STREAM_COMPONENT   : CS Packet Length            = 450
COM5: BB: REX: 02 09:52:26: 0010743561: iMjrEvt: DP_STREAM_COMPONENT   : Color Code                  = 0x20 and BPP = 30
COM5: BB: REX: 02 09:52:26: 0010743569: iMjrEvt: DP_STREAM_COMPONENT   : **** DP STATS ****
COM5: BB: REX: 02 09:52:26: 0010743580: iMjrEvt: DP_STREAM_COMPONENT   : fifo_pix_0_overflow         = 0
COM5: BB: REX: 02 09:52:26: 0010743590: iMjrEvt: DP_STREAM_COMPONENT   : fifo_pix_0_underflow        = 0
COM5: BB: REX: 02 09:52:26: 0010743600: iMjrEvt: DP_STREAM_COMPONENT   : pix_0_sr_underflow          = 0
COM5: BB: REX: 02 09:52:26: 0010743610: iMjrEvt: DP_STREAM_COMPONENT   : pix_1_sr_underflow          = 0
COM5: BB: REX: 02 09:52:26: 0010743621: iMjrEvt: DP_STREAM_COMPONENT   : pix_2_sr_underflow          = 0
COM5: BB: REX: 02 09:52:26: 0010743631: iMjrEvt: DP_STREAM_COMPONENT   : pix_3_sr_underflow          = 0
COM5: BB: REX: 02 09:52:26: 0010743643: iMjrEvt: DP_STREAM_COMPONENT   : fifo_pix_0_level            = 530
COM5: BB: REX: 02 09:52:26: 0010743654: iMjrEvt: DP_STREAM_COMPONENT   : fifo_pix_0_level_watermark  = 957
COM5: BB: REX: 02 09:52:26: 0010743665: iMjrEvt: DP_STREAM_COMPONENT   : fifo_cs_overflow            = 0
COM5: BB: REX: 02 09:52:26: 0010743675: iMjrEvt: DP_STREAM_COMPONENT   : fifo_cs_underflow           = 0
COM5: BB: REX: 02 09:52:26: 0010743686: iMjrEvt: DP_STREAM_COMPONENT   : fifo_cs_level               = 900
COM5: BB: REX: 02 09:52:26: 0010743698: iMjrEvt: DP_STREAM_COMPONENT   : fifo_cs_level_watermark     = 919
COM5: BB: REX: 02 09:52:26: 0010743708: iMjrEvt: DP_STREAM_COMPONENT   : **** DP_ALU_STATS ****
COM5: BB: REX: 02 09:52:26: 0010743720: iMjrEvt: DP_STREAM_COMPONENT   : dp_width_active            = 3876
COM5: BB: REX: 02 09:52:26: 0010743732: iMjrEvt: DP_STREAM_COMPONENT   : dp_width_total             = 4041
COM5: BB: REX: 02 09:52:26: 0010743743: iMjrEvt: DP_STREAM_COMPONENT   : full_tu_size               = 64
COM5: BB: REX: 02 09:52:26: 0010743755: iMjrEvt: DP_STREAM_COMPONENT   : last_tu_size               = 36
COM5: BB: REX: 02 09:52:26: 0010743765: iMjrEvt: DP_STREAM_COMPONENT   : full_tu_num                = 60
COM5: BB: REX: 02 09:52:26: 0010743777: iMjrEvt: DP_STREAM_COMPONENT   : cpu_math_result_rdy        = 0
COM5: BB: REX: 02 09:52:26: 0010743788: iMjrEvt: DP_STREAM_COMPONENT   : valid_bytes_repeat_num     = 36
COM5: BB: REX: 02 09:52:26: 0010743800: iMjrEvt: DP_STREAM_COMPONENT   : valid_bytes_per_full_tu    = 59
COM5: BB: REX: 02 09:52:26: 0010743810: iMjrEvt: DP_STREAM_COMPONENT   : valid_bytes_num_per_lane   = 3600
COM5: BB: REX: 02 09:52:26: 0010743820: iMjrEvt: DP_STREAM_COMPONENT   : **** DP FSM STATS ****
COM5: BB: REX: 02 09:52:26: 0010743831: iMjrEvt: DP_STREAM_COMPONENT   : fsm_state_vid  = 1
COM5: BB: REX: 02 09:52:26: 0010743843: iMjrEvt: DP_STREAM_COMPONENT   : fsm_state_dp   = 2
COM5: BB: REX: 02 10:07:29: 0008205338: iMjrEvt: DP_COMPONENT          : Policy maker: old state = 8, new state = 5 on event = 20
COM5: BB: REX: 02 10:07:29: 0008205361: iMjrEvt: DP_COMPONENT          : Sending dummy video to the monitor
COM5: BB: REX: 02 10:07:29: 0008205396: iMjrEvt: DP_COMPONENT          : Policy maker: old state = 5, new state = 5 on event = 0
COM5: BB: REX: 02 10:07:29: 0008216271: iMjrEvt: DP_COMPONENT          : Aux DP Channel Status: 0
COM5: BB: REX: 02 10:07:29: 0008216287: iMjrErr: DP_COMPONENT          : Aux detect MCA link down or disabled.
COM5: BB: REX: 02 10:07:29: 0008216319: iMjrErr: DP_COMPONENT          : Policy maker: got invalid event 5 in state 5
COM5: BB: REX: 02 10:07:29: 0008216328: iMjrEvt: DP_COMPONENT          : Policy maker: old state = 5, new state = 5 on event = 5
COM5: BB: REX: 02 10:08:01: 0003730904: iMjrEvt: DP_COMPONENT          : Got new host information: new streamParams = 1, new linkParams = 0
COM5: BB: REX: 02 10:08:01: 0003730932: iMjrEvt: DP_COMPONENT          : Utilzation is (9279)
COM5: BB: REX: 02 10:08:01: 0003730958: iMjrEvt: DP_COMPONENT          : MCCS send criteria ReadyToSend : 1, SendCount: 2
COM5: BB: REX: 02 10:08:01: 0003730966: iMjrEvt: DP_COMPONENT          : MCCS send to LEX is pending
COM5: BB: REX: 02 10:08:01: 0003730975: iMjrEvt: DP_COMPONENT          : Policy maker: old state = 5, new state = 6 on event = 15
COM5: BB: REX: 02 10:08:01: 0003731005: iMjrEvt: DP_COMPONENT          : Policy maker: old state = 6, new state = 6 on event = 0
COM5: BB: REX: 02 10:08:01: 0003731139: iMjrEvt: DP_COMPONENT          : Aux DP Channel Status: 1
COM5: BB: REX: 02 10:08:01: 0003731157: iMjrEvt: DP_COMPONENT          : Aux DP Channel Status: 3
COM5: BB: REX: 02 10:08:01: 0003731171: iMjrEvt: DP_COMPONENT          : Policy maker: old state = 6, new state = 7 on event = 4
COM5: BB: REX: 02 10:08:01: 0003731188: iMjrEvt: DP_COMPONENT          : Policy maker: old state = 7, new state = 7 on event = 0
COM5: BB: REX: 02 10:08:01: 0003731286: iMjrEvt: DP_COMPONENT          : Policy maker: old state = 7, new state = 8 on event = 19
COM5: BB: REX: 02 10:08:01: 0003731324: iMjrEvt: DP_COMPONENT          : Utilzation is (9279)
COM5: BB: REX: 02 10:08:01: 0003731358: iMjrEvt: DP_STREAM_COMPONENT   : Average Valid Symbol: Int 59: Fraction 391 /1000
COM5: BB: REX: 02 10:08:01: 0003731371: iMjrEvt: DP_STREAM_COMPONENT   : Enabling TICO decoder
COM5: BB: REX: 02 10:08:01: 0003731380: iMjrEvt: DP_STREAM_COMPONENT   : Lane Count                  = 4
COM5: BB: REX: 02 10:08:01: 0003731388: iMjrEvt: DP_STREAM_COMPONENT   : Bandwidth                   = 5.40 Gbps
COM5: BB: REX: 02 10:08:01: 0003731396: iMjrEvt: DP_STREAM_COMPONENT   : Enhanced Framing            = 1
COM5: BB: REX: 02 10:08:01: 0003731403: iMjrEvt: DP_STREAM_COMPONENT   : Mvid                        = 32435
COM5: BB: REX: 02 10:08:01: 0003731411: iMjrEvt: DP_STREAM_COMPONENT   : Nvid                        = 32768
COM5: BB: REX: 02 10:08:01: 0003731418: iMjrEvt: DP_STREAM_COMPONENT   : H Total                     = 4000
COM5: BB: REX: 02 10:08:01: 0003731426: iMjrEvt: DP_STREAM_COMPONENT   : H Start                     = 112
COM5: BB: REX: 02 10:08:01: 0003731433: iMjrEvt: DP_STREAM_COMPONENT   : H Width                     = 3840
COM5: BB: REX: 02 10:08:01: 0003731441: iMjrEvt: DP_STREAM_COMPONENT   : H Polarity                  = 0
COM5: BB: REX: 02 10:08:01: 0003731448: iMjrEvt: DP_STREAM_COMPONENT   : H Sync Width                = 32
COM5: BB: REX: 02 10:08:01: 0003731456: iMjrEvt: DP_STREAM_COMPONENT   : V Total                     = 2222
COM5: BB: REX: 02 10:08:01: 0003731463: iMjrEvt: DP_STREAM_COMPONENT   : V Start                     = 59
COM5: BB: REX: 02 10:08:01: 0003731470: iMjrEvt: DP_STREAM_COMPONENT   : V Height                    = 2160
COM5: BB: REX: 02 10:08:01: 0003731478: iMjrEvt: DP_STREAM_COMPONENT   : V Polarity                  = 1
COM5: BB: REX: 02 10:08:01: 0003731485: iMjrEvt: DP_STREAM_COMPONENT   : V Sync Width                = 5
COM5: BB: REX: 02 10:08:01: 0003731492: iMjrEvt: DP_STREAM_COMPONENT   : Misc Y Only                 = 0
COM5: BB: REX: 02 10:08:01: 0003731500: iMjrEvt: DP_STREAM_COMPONENT   : Misc Stereo                 = 0
COM5: BB: REX: 02 10:08:01: 0003731507: iMjrEvt: DP_STREAM_COMPONENT   : Misc Int Total              = 0
COM5: BB: REX: 02 10:08:01: 0003731515: iMjrEvt: DP_STREAM_COMPONENT   : Misc Clock Sync             = 0
COM5: BB: REX: 02 10:08:01: 0003731522: iMjrEvt: DP_STREAM_COMPONENT   : CS Packet Length            = 450
COM5: BB: REX: 02 10:08:01: 0003731530: iMjrEvt: DP_STREAM_COMPONENT   : Color Code                  = 0x20 and BPP = 30
COM5: BB: REX: 02 10:08:01: 0003731539: iMjrEvt: DP_COMPONENT          : Rex start sending MCCS to LEX
COM5: BB: REX: 02 10:08:01: 0003731645: iMjrEvt: DP_COMPONENT          : Policy maker: old state = 8, new state = 8 on event = 0
COM5: BB: REX: 02 10:08:01: 0003731672: iMjrErr: DP_STREAM_COMPONENT   : DP Idle pattern interrupt occurred
COM5: BB: REX: 02 10:08:01: 0003732544: iUsrLog: DP_COMPONENT          : Sent MCCS Capabilities
COM5: BB: REX: 02 10:08:01: 0003732922: iUsrLog: DP_COMPONENT          : Sent VCP Table
COM5: BB: REX: 02 10:08:01: 0003732984: iUsrLog: DP_COMPONENT          : Sent Timing Report
COM5: BB: REX: 02 10:08:01: 0003858366: iMjrEvt: DP_COMPONENT          : Policy maker: old state = 8, new state = 5 on event = 20
COM5: BB: REX: 02 10:08:01: 0003858389: iMjrEvt: DP_COMPONENT          : Sending dummy video to the monitor
COM5: BB: REX: 02 10:08:01: 0003858424: iMjrEvt: DP_COMPONENT          : Policy maker: old state = 5, new state = 5 on event = 0
COM5: BB: REX: 02 10:08:01: 0003868838: iMjrEvt: DP_COMPONENT          : Aux DP Channel Status: 0
COM5: BB: REX: 02 10:08:01: 0003868855: iMjrErr: DP_COMPONENT          : Aux detect MCA link down or disabled.
COM5: BB: REX: 02 10:08:01: 0003868886: iMjrErr: DP_COMPONENT          : Policy maker: got invalid event 5 in state 5
COM5: BB: REX: 02 10:08:01: 0003868895: iMjrEvt: DP_COMPONENT          : Policy maker: old state = 5, new state = 5 on event = 5
COM5: BB: REX: 02 10:08:01: 0004944902: iMjrEvt: DP_COMPONENT          : Got new host information: new streamParams = 1, new linkParams = 0
COM5: BB: REX: 02 10:08:01: 0004944930: iMjrEvt: DP_COMPONENT          : Utilzation is (9279)
COM5: BB: REX: 02 10:08:01: 0004944956: iMjrEvt: DP_COMPONENT          : MCCS send criteria ReadyToSend : 1, SendCount: 3
COM5: BB: REX: 02 10:08:01: 0004944965: iMjrEvt: DP_COMPONENT          : MCCS send to LEX is pending
COM5: BB: REX: 02 10:08:01: 0004944973: iMjrEvt: DP_COMPONENT          : Policy maker: old state = 5, new state = 6 on event = 15
COM5: BB: REX: 02 10:08:01: 0004945004: iMjrEvt: DP_COMPONENT          : Policy maker: old state = 6, new state = 6 on event = 0
COM5: BB: REX: 02 10:08:01: 0004945137: iMjrEvt: DP_COMPONENT          : Aux DP Channel Status: 1
COM5: BB: REX: 02 10:08:01: 0004945155: iMjrEvt: DP_COMPONENT          : Aux DP Channel Status: 3
COM5: BB: REX: 02 10:08:01: 0004945169: iMjrEvt: DP_COMPONENT          : Policy maker: old state = 6, new state = 7 on event = 4
COM5: BB: REX: 02 10:08:01: 0004945187: iMjrEvt: DP_COMPONENT          : Policy maker: old state = 7, new state = 7 on event = 0
COM5: BB: REX: 02 10:08:01: 0004945284: iMjrEvt: DP_COMPONENT          : Policy maker: old state = 7, new state = 8 on event = 19
COM5: BB: REX: 02 10:08:01: 0004945323: iMjrEvt: DP_COMPONENT          : Utilzation is (9279)
COM5: BB: REX: 02 10:08:01: 0004945357: iMjrEvt: DP_STREAM_COMPONENT   : Average Valid Symbol: Int 59: Fraction 391 /1000
COM5: BB: REX: 02 10:08:01: 0004945370: iMjrEvt: DP_STREAM_COMPONENT   : Enabling TICO decoder
COM5: BB: REX: 02 10:08:01: 0004945378: iMjrEvt: DP_STREAM_COMPONENT   : Lane Count                  = 4
COM5: BB: REX: 02 10:08:01: 0004945386: iMjrEvt: DP_STREAM_COMPONENT   : Bandwidth                   = 5.40 Gbps
COM5: BB: REX: 02 10:08:01: 0004945394: iMjrEvt: DP_STREAM_COMPONENT   : Enhanced Framing            = 1
COM5: BB: REX: 02 10:08:01: 0004945402: iMjrEvt: DP_STREAM_COMPONENT   : Mvid                        = 32435
COM5: BB: REX: 02 10:08:01: 0004945409: iMjrEvt: DP_STREAM_COMPONENT   : Nvid                        = 32768
COM5: BB: REX: 02 10:08:01: 0004945417: iMjrEvt: DP_STREAM_COMPONENT   : H Total                     = 4000
COM5: BB: REX: 02 10:08:01: 0004945424: iMjrEvt: DP_STREAM_COMPONENT   : H Start                     = 112
COM5: BB: REX: 02 10:08:01: 0004945432: iMjrEvt: DP_STREAM_COMPONENT   : H Width                     = 3840
COM5: BB: REX: 02 10:08:01: 0004945439: iMjrEvt: DP_STREAM_COMPONENT   : H Polarity                  = 0
COM5: BB: REX: 02 10:08:01: 0004945446: iMjrEvt: DP_STREAM_COMPONENT   : H Sync Width                = 32
COM5: BB: REX: 02 10:08:01: 0004945454: iMjrEvt: DP_STREAM_COMPONENT   : V Total                     = 2222
COM5: BB: REX: 02 10:08:01: 0004945461: iMjrEvt: DP_STREAM_COMPONENT   : V Start                     = 59
COM5: BB: REX: 02 10:08:01: 0004945469: iMjrEvt: DP_STREAM_COMPONENT   : V Height                    = 2160
COM5: BB: REX: 02 10:08:01: 0004945476: iMjrEvt: DP_STREAM_COMPONENT   : V Polarity                  = 1
COM5: BB: REX: 02 10:08:01: 0004945484: iMjrEvt: DP_STREAM_COMPONENT   : V Sync Width                = 5
COM5: BB: REX: 02 10:08:01: 0004945491: iMjrEvt: DP_STREAM_COMPONENT   : Misc Y Only                 = 0
COM5: BB: REX: 02 10:08:01: 0004945499: iMjrEvt: DP_STREAM_COMPONENT   : Misc Stereo                 = 0
COM5: BB: REX: 02 10:08:01: 0004945506: iMjrEvt: DP_STREAM_COMPONENT   : Misc Int Total              = 0
COM5: BB: REX: 02 10:08:01: 0004945513: iMjrEvt: DP_STREAM_COMPONENT   : Misc Clock Sync             = 0
COM5: BB: REX: 02 10:08:01: 0004945521: iMjrEvt: DP_STREAM_COMPONENT   : CS Packet Length            = 450
COM5: BB: REX: 02 10:08:01: 0004945528: iMjrEvt: DP_STREAM_COMPONENT   : Color Code                  = 0x20 and BPP = 30
COM5: BB: REX: 02 10:08:01: 0004945538: iMjrEvt: DP_COMPONENT          : Rex start sending MCCS to LEX
COM5: BB: REX: 02 10:08:01: 0004945644: iMjrEvt: DP_COMPONENT          : Policy maker: old state = 8, new state = 8 on event = 0
COM5: BB: REX: 02 10:08:01: 0004945657: iMjrErr: DP_STREAM_COMPONENT   : DP Idle pattern interrupt occurred
COM5: BB: REX: 02 10:08:01: 0004946515: iUsrLog: DP_COMPONENT          : Sent MCCS Capabilities
COM5: BB: REX: 02 10:08:01: 0004946858: iUsrLog: DP_COMPONENT          : Sent VCP Table
COM5: BB: REX: 02 10:08:01: 0004946919: iUsrLog: DP_COMPONENT          : Sent Timing Report
COM5: BB: REX: 02 10:08:01: 0005977845: ISTATUS Video Operational, 3840*2160, 59.99  Hz, 10 bits per component, color code 0x40
COM5: BB: REX: 02 10:09:04: 0002117771: iMjrEvt: DP_COMPONENT          : DPCD Byte 0x0 = 0x12
COM5: BB: REX: 02 10:09:04: 0002117795: iMjrEvt: DP_COMPONENT          : DPCD Byte 0x1 = 0x14
COM5: BB: REX: 02 10:09:04: 0002117815: iMjrEvt: DP_COMPONENT          : DPCD Byte 0x2 = 0xc4
COM5: BB: REX: 02 10:09:04: 0002117828: iMjrEvt: DP_COMPONENT          : DPCD Byte 0x3 = 0x1
COM5: BB: REX: 02 10:09:04: 0002117841: iMjrEvt: DP_COMPONENT          : DPCD Byte 0x4 = 0x1
COM5: BB: REX: 02 10:09:04: 0002117855: iMjrEvt: DP_COMPONENT          : DPCD Byte 0x5 = 0x0
COM5: BB: REX: 02 10:09:04: 0002117868: iMjrEvt: DP_COMPONENT          : DPCD Byte 0x6 = 0x1
COM5: BB: REX: 02 10:09:04: 0002117882: iMjrEvt: DP_COMPONENT          : DPCD Byte 0x7 = 0x40
COM5: BB: REX: 02 10:09:04: 0002117895: iMjrEvt: DP_COMPONENT          : DPCD Byte 0x8 = 0x2
COM5: BB: REX: 02 10:09:04: 0002117908: iMjrEvt: DP_COMPONENT          : DPCD Byte 0x9 = 0x2
COM5: BB: REX: 02 10:09:04: 0002117922: iMjrEvt: DP_COMPONENT          : DPCD Byte 0xa = 0x6
COM5: BB: REX: 02 10:09:04: 0002117935: iMjrEvt: DP_COMPONENT          : DPCD Byte 0xb = 0x0
COM5: BB: REX: 02 10:09:04: 0002117949: iMjrEvt: DP_COMPONENT          : DPCD Byte 0xc = 0x0
COM5: BB: REX: 02 10:09:04: 0002117963: iMjrEvt: DP_COMPONENT          : DPCD Byte 0xd = 0x0
COM5: BB: REX: 02 10:09:04: 0002117976: iMjrEvt: DP_COMPONENT          : DPCD Byte 0xe = 0x0
COM5: BB: REX: 02 10:09:04: 0002117989: iMjrEvt: DP_COMPONENT          : DPCD Byte 0xf = 0x0
COM5: BB: REX: 02 10:10:08: 0016252055: iMjrEvt: DP_COMPONENT          : Policy maker: old state = 8, new state = 5 on event = 20
COM5: BB: REX: 02 10:10:08: 0016252077: iMjrEvt: DP_COMPONENT          : Sending dummy video to the monitor
COM5: BB: REX: 02 10:10:08: 0016252113: iMjrEvt: DP_COMPONENT          : Policy maker: old state = 5, new state = 5 on event = 0
COM5: BB: REX: 02 10:10:08: 0016252132: iMjrEvt: DP_COMPONENT          : Aux Generate Lex Active/Offline Phy:1, dpEnable:1, Host:0
COM5: BB: REX: 02 10:10:08: 0016252155: iMjrErr: DP_COMPONENT          : Policy maker: got invalid event 7 in state 5
COM5: BB: REX: 02 10:10:08: 0016252163: iMjrEvt: DP_COMPONENT          : Policy maker: old state = 5, new state = 5 on event = 7
COM5: BB: REX: 02 10:10:08: 0016252175: iMjrErr: DP_COMPONENT          : Policy maker: got invalid event 20 in state 5
COM5: BB: REX: 02 10:10:08: 0016252184: iMjrEvt: DP_COMPONENT          : Policy maker: old state = 5, new state = 5 on event = 20
COM5: BB: REX: 02 10:10:08: 0016263324: iMjrEvt: DP_COMPONENT          : Aux DP Channel Status: 0
COM5: BB: REX: 02 10:10:08: 0016263340: iMjrErr: DP_COMPONENT          : Aux detect MCA link down or disabled.
COM5: BB: REX: 02 10:10:08: 0016263372: iMjrErr: DP_COMPONENT          : Policy maker: got invalid event 5 in state 5
COM5: BB: REX: 02 10:10:08: 0016263381: iMjrEvt: DP_COMPONENT          : Policy maker: old state = 5, new state = 5 on event = 5
COM5: BB: REX: 02 10:10:09: 0016512781: iMjrErr: DP_COMPONENT          : Policy maker: got invalid event 20 in state 5
COM5: BB: REX: 02 10:10:09: 0016512800: iMjrEvt: DP_COMPONENT          : Policy maker: old state = 5, new state = 5 on event = 20
COM5: BB: REX: 02 10:10:11: 0001641528: iMjrEvt: DP_COMPONENT          : Aux Generate Lex Active/Offline Phy:1, dpEnable:1, Host:1
COM5: BB: REX: 02 10:10:11: 0001641584: iMjrEvt: DP_COMPONENT          : MCCS send criteria ReadyToSend : 1, SendCount: 4
COM5: BB: REX: 02 10:10:11: 0001641596: iMjrEvt: DP_COMPONENT          : MCCS send to LEX is pending
COM5: BB: REX: 02 10:10:11: 0001641607: iMjrEvt: DP_COMPONENT          : Policy maker: old state = 5, new state = 5 on event = 6
COM5: BB: REX: 02 10:10:11: 0001641634: iMjrErr: DP_COMPONENT          : Policy maker: got invalid event 20 in state 5
COM5: BB: REX: 02 10:10:11: 0001641642: iMjrEvt: DP_COMPONENT          : Policy maker: old state = 5, new state = 5 on event = 20
COM5: BB: REX: 02 10:10:11: 0001641731: iUsrLog: DP_COMPONENT          : Sent Sink Params (CAP, EDID)
COM5: BB: REX: 02 10:10:11: 0001641740: iMjrEvt: DP_COMPONENT          : Policy maker: old state = 5, new state = 5 on event = 14
COM5: BB: REX: 02 10:10:11: 0001642044: iMjrEvt: DP_COMPONENT          : Sink Parameters sent to LEX
COM5: BB: REX: 02 10:10:13: 0002969496: iMjrEvt: DP_COMPONENT          : Got new host information: new streamParams = 1, new linkParams = 0
COM5: BB: REX: 02 10:10:13: 0002969524: iMjrEvt: DP_COMPONENT          : Utilzation is (9279)
COM5: BB: REX: 02 10:10:13: 0002969550: iMjrEvt: DP_COMPONENT          : MCCS send criteria ReadyToSend : 1, SendCount: 4
COM5: BB: REX: 02 10:10:13: 0002969558: iMjrEvt: DP_COMPONENT          : MCCS send to LEX is pending
COM5: BB: REX: 02 10:10:13: 0002969567: iMjrEvt: DP_COMPONENT          : Policy maker: old state = 5, new state = 6 on event = 15
COM5: BB: REX: 02 10:10:13: 0002969597: iMjrEvt: DP_COMPONENT          : Policy maker: old state = 6, new state = 6 on event = 0
COM5: BB: REX: 02 10:10:13: 0002969730: iMjrEvt: DP_COMPONENT          : Aux DP Channel Status: 1
COM5: BB: REX: 02 10:10:13: 0002969749: iMjrEvt: DP_COMPONENT          : Aux DP Channel Status: 3
COM5: BB: REX: 02 10:10:13: 0002969763: iMjrEvt: DP_COMPONENT          : Policy maker: old state = 6, new state = 7 on event = 4
COM5: BB: REX: 02 10:10:13: 0002969781: iMjrEvt: DP_COMPONENT          : Policy maker: old state = 7, new state = 7 on event = 0
COM5: BB: REX: 02 10:10:13: 0002969879: iMjrEvt: DP_COMPONENT          : Policy maker: old state = 7, new state = 8 on event = 19
COM5: BB: REX: 02 10:10:13: 0002969918: iMjrEvt: DP_COMPONENT          : Utilzation is (9279)
COM5: BB: REX: 02 10:10:13: 0002969951: iMjrEvt: DP_STREAM_COMPONENT   : Average Valid Symbol: Int 59: Fraction 391 /1000
COM5: BB: REX: 02 10:10:13: 0002969964: iMjrEvt: DP_STREAM_COMPONENT   : Enabling TICO decoder
COM5: BB: REX: 02 10:10:13: 0002969973: iMjrEvt: DP_STREAM_COMPONENT   : Lane Count                  = 4
COM5: BB: REX: 02 10:10:13: 0002969981: iMjrEvt: DP_STREAM_COMPONENT   : Bandwidth                   = 5.40 Gbps
COM5: BB: REX: 02 10:10:13: 0002969989: iMjrEvt: DP_STREAM_COMPONENT   : Enhanced Framing            = 1
COM5: BB: REX: 02 10:10:13: 0002969996: iMjrEvt: DP_STREAM_COMPONENT   : Mvid                        = 32435
COM5: BB: REX: 02 10:10:13: 0002970004: iMjrEvt: DP_STREAM_COMPONENT   : Nvid                        = 32768
COM5: BB: REX: 02 10:10:13: 0002970011: iMjrEvt: DP_STREAM_COMPONENT   : H Total                     = 4000
COM5: BB: REX: 02 10:10:13: 0002970018: iMjrEvt: DP_STREAM_COMPONENT   : H Start                     = 112
COM5: BB: REX: 02 10:10:13: 0002970026: iMjrEvt: DP_STREAM_COMPONENT   : H Width                     = 3840
COM5: BB: REX: 02 10:10:13: 0002970033: iMjrEvt: DP_STREAM_COMPONENT   : H Polarity                  = 0
COM5: BB: REX: 02 10:10:13: 0002970041: iMjrEvt: DP_STREAM_COMPONENT   : H Sync Width                = 32
COM5: BB: REX: 02 10:10:13: 0002970048: iMjrEvt: DP_STREAM_COMPONENT   : V Total                     = 2222
COM5: BB: REX: 02 10:10:13: 0002970056: iMjrEvt: DP_STREAM_COMPONENT   : V Start                     = 59
COM5: BB: REX: 02 10:10:13: 0002970063: iMjrEvt: DP_STREAM_COMPONENT   : V Height                    = 2160
COM5: BB: REX: 02 10:10:13: 0002970071: iMjrEvt: DP_STREAM_COMPONENT   : V Polarity                  = 1
COM5: BB: REX: 02 10:10:13: 0002970078: iMjrEvt: DP_STREAM_COMPONENT   : V Sync Width                = 5
COM5: BB: REX: 02 10:10:13: 0002970085: iMjrEvt: DP_STREAM_COMPONENT   : Misc Y Only                 = 0
COM5: BB: REX: 02 10:10:13: 0002970093: iMjrEvt: DP_STREAM_COMPONENT   : Misc Stereo                 = 0
COM5: BB: REX: 02 10:10:13: 0002970100: iMjrEvt: DP_STREAM_COMPONENT   : Misc Int Total              = 0
COM5: BB: REX: 02 10:10:13: 0002970107: iMjrEvt: DP_STREAM_COMPONENT   : Misc Clock Sync             = 0
COM5: BB: REX: 02 10:10:13: 0002970115: iMjrEvt: DP_STREAM_COMPONENT   : CS Packet Length            = 450
COM5: BB: REX: 02 10:10:13: 0002970123: iMjrEvt: DP_STREAM_COMPONENT   : Color Code                  = 0x20 and BPP = 30
COM5: BB: REX: 02 10:10:13: 0002970133: iMjrEvt: DP_COMPONENT          : Rex start sending MCCS to LEX
COM5: BB: REX: 02 10:10:13: 0002970238: iMjrEvt: DP_COMPONENT          : Policy maker: old state = 8, new state = 8 on event = 0
COM5: BB: REX: 02 10:10:13: 0002970262: iMjrErr: DP_STREAM_COMPONENT   : DP Idle pattern interrupt occurred
COM5: BB: REX: 02 10:10:13: 0002971125: iUsrLog: DP_COMPONENT          : Sent MCCS Capabilities
COM5: BB: REX: 02 10:10:13: 0002971468: iUsrLog: DP_COMPONENT          : Sent VCP Table
COM5: BB: REX: 02 10:10:13: 0002971529: iUsrLog: DP_COMPONENT          : Sent Timing Report
COM5: BB: REX: 02 10:10:13: 0004002117: ISTATUS Video Operational, 3840*2160, 59.99  Hz, 10 bits per component, color code 0x40
COM5: BB: REX: 02 10:11:43: 0010155304: iMjrEvt: DP_COMPONENT          : Policy maker: old state = 8, new state = 5 on event = 20
COM5: BB: REX: 02 10:11:43: 0010155326: iMjrEvt: DP_COMPONENT          : Sending dummy video to the monitor
COM5: BB: REX: 02 10:11:43: 0010155362: iMjrEvt: DP_COMPONENT          : Policy maker: old state = 5, new state = 5 on event = 0
COM5: BB: REX: 02 10:11:43: 0010155381: iMjrEvt: DP_COMPONENT          : Aux Generate Lex Active/Offline Phy:1, dpEnable:1, Host:0
COM5: BB: REX: 02 10:11:43: 0010155404: iMjrErr: DP_COMPONENT          : Policy maker: got invalid event 7 in state 5
COM5: BB: REX: 02 10:11:43: 0010155412: iMjrEvt: DP_COMPONENT          : Policy maker: old state = 5, new state = 5 on event = 7
COM5: BB: REX: 02 10:11:43: 0010155424: iMjrErr: DP_COMPONENT          : Policy maker: got invalid event 20 in state 5
COM5: BB: REX: 02 10:11:43: 0010155433: iMjrEvt: DP_COMPONENT          : Policy maker: old state = 5, new state = 5 on event = 20
COM5: BB: REX: 02 10:11:43: 0010167031: iMjrEvt: DP_COMPONENT          : Aux DP Channel Status: 0
COM5: BB: REX: 02 10:11:43: 0010167047: iMjrErr: DP_COMPONENT          : Aux detect MCA link down or disabled.
COM5: BB: REX: 02 10:11:43: 0010167079: iMjrErr: DP_COMPONENT          : Policy maker: got invalid event 5 in state 5
COM5: BB: REX: 02 10:11:43: 0010167088: iMjrEvt: DP_COMPONENT          : Policy maker: old state = 5, new state = 5 on event = 5
COM5: BB: REX: 02 10:11:43: 0010415720: iMjrErr: DP_COMPONENT          : Policy maker: got invalid event 20 in state 5
COM5: BB: REX: 02 10:11:43: 0010415739: iMjrEvt: DP_COMPONENT          : Policy maker: old state = 5, new state = 5 on event = 20
COM5: BB: REX: 02 10:11:45: 0012322683: iMjrEvt: DP_COMPONENT          : Aux Generate Lex Active/Offline Phy:1, dpEnable:1, Host:1
COM5: BB: REX: 02 10:11:45: 0012322739: iMjrEvt: DP_COMPONENT          : MCCS send criteria ReadyToSend : 1, SendCount: 5
COM5: BB: REX: 02 10:11:45: 0012322751: iMjrEvt: DP_COMPONENT          : MCCS send to LEX is pending
COM5: BB: REX: 02 10:11:45: 0012322762: iMjrEvt: DP_COMPONENT          : Policy maker: old state = 5, new state = 5 on event = 6
COM5: BB: REX: 02 10:11:45: 0012322789: iMjrErr: DP_COMPONENT          : Policy maker: got invalid event 20 in state 5
COM5: BB: REX: 02 10:11:45: 0012322798: iMjrEvt: DP_COMPONENT          : Policy maker: old state = 5, new state = 5 on event = 20
COM5: BB: REX: 02 10:11:45: 0012322886: iUsrLog: DP_COMPONENT          : Sent Sink Params (CAP, EDID)
COM5: BB: REX: 02 10:11:45: 0012322896: iMjrEvt: DP_COMPONENT          : Policy maker: old state = 5, new state = 5 on event = 14
COM5: BB: REX: 02 10:11:45: 0012323202: iMjrEvt: DP_COMPONENT          : Sink Parameters sent to LEX
COM5: BB: REX: 02 10:11:48: 0013645651: iMjrEvt: DP_COMPONENT          : Got new host information: new streamParams = 1, new linkParams = 0
COM5: BB: REX: 02 10:11:48: 0013645679: iMjrEvt: DP_COMPONENT          : Utilzation is (9279)
COM5: BB: REX: 02 10:11:48: 0013645706: iMjrEvt: DP_COMPONENT          : MCCS send criteria ReadyToSend : 1, SendCount: 5
COM5: BB: REX: 02 10:11:48: 0013645714: iMjrEvt: DP_COMPONENT          : MCCS send to LEX is pending
COM5: BB: REX: 02 10:11:48: 0013645722: iMjrEvt: DP_COMPONENT          : Policy maker: old state = 5, new state = 6 on event = 15
COM5: BB: REX: 02 10:11:48: 0013645753: iMjrEvt: DP_COMPONENT          : Policy maker: old state = 6, new state = 6 on event = 0
COM5: BB: REX: 02 10:11:48: 0013645886: iMjrEvt: DP_COMPONENT          : Aux DP Channel Status: 1
COM5: BB: REX: 02 10:11:48: 0013645904: iMjrEvt: DP_COMPONENT          : Aux DP Channel Status: 3
COM5: BB: REX: 02 10:11:48: 0013645918: iMjrEvt: DP_COMPONENT          : Policy maker: old state = 6, new state = 7 on event = 4
COM5: BB: REX: 02 10:11:48: 0013645936: iMjrEvt: DP_COMPONENT          : Policy maker: old state = 7, new state = 7 on event = 0
COM5: BB: REX: 02 10:11:48: 0013646034: iMjrEvt: DP_COMPONENT          : Policy maker: old state = 7, new state = 8 on event = 19
COM5: BB: REX: 02 10:11:48: 0013646073: iMjrEvt: DP_COMPONENT          : Utilzation is (9279)
COM5: BB: REX: 02 10:11:48: 0013646107: iMjrEvt: DP_STREAM_COMPONENT   : Average Valid Symbol: Int 59: Fraction 391 /1000
COM5: BB: REX: 02 10:11:48: 0013646120: iMjrEvt: DP_STREAM_COMPONENT   : Enabling TICO decoder
COM5: BB: REX: 02 10:11:48: 0013646129: iMjrEvt: DP_STREAM_COMPONENT   : Lane Count                  = 4
COM5: BB: REX: 02 10:11:48: 0013646137: iMjrEvt: DP_STREAM_COMPONENT   : Bandwidth                   = 5.40 Gbps
COM5: BB: REX: 02 10:11:48: 0013646145: iMjrEvt: DP_STREAM_COMPONENT   : Enhanced Framing            = 1
COM5: BB: REX: 02 10:11:48: 0013646152: iMjrEvt: DP_STREAM_COMPONENT   : Mvid                        = 32435
COM5: BB: REX: 02 10:11:48: 0013646160: iMjrEvt: DP_STREAM_COMPONENT   : Nvid                        = 32768
COM5: BB: REX: 02 10:11:48: 0013646167: iMjrEvt: DP_STREAM_COMPONENT   : H Total                     = 4000
COM5: BB: REX: 02 10:11:48: 0013646174: iMjrEvt: DP_STREAM_COMPONENT   : H Start                     = 112
COM5: BB: REX: 02 10:11:48: 0013646182: iMjrEvt: DP_STREAM_COMPONENT   : H Width                     = 3840
COM5: BB: REX: 02 10:11:48: 0013646189: iMjrEvt: DP_STREAM_COMPONENT   : H Polarity                  = 0
COM5: BB: REX: 02 10:11:48: 0013646196: iMjrEvt: DP_STREAM_COMPONENT   : H Sync Width                = 32
COM5: BB: REX: 02 10:11:48: 0013646204: iMjrEvt: DP_STREAM_COMPONENT   : V Total                     = 2222
COM5: BB: REX: 02 10:11:48: 0013646211: iMjrEvt: DP_STREAM_COMPONENT   : V Start                     = 59
COM5: BB: REX: 02 10:11:48: 0013646219: iMjrEvt: DP_STREAM_COMPONENT   : V Height                    = 2160
COM5: BB: REX: 02 10:11:48: 0013646226: iMjrEvt: DP_STREAM_COMPONENT   : V Polarity                  = 1
COM5: BB: REX: 02 10:11:48: 0013646234: iMjrEvt: DP_STREAM_COMPONENT   : V Sync Width                = 5
COM5: BB: REX: 02 10:11:48: 0013646241: iMjrEvt: DP_STREAM_COMPONENT   : Misc Y Only                 = 0
COM5: BB: REX: 02 10:11:48: 0013646249: iMjrEvt: DP_STREAM_COMPONENT   : Misc Stereo                 = 0
COM5: BB: REX: 02 10:11:48: 0013646256: iMjrEvt: DP_STREAM_COMPONENT   : Misc Int Total              = 0
COM5: BB: REX: 02 10:11:48: 0013646263: iMjrEvt: DP_STREAM_COMPONENT   : Misc Clock Sync             = 0
COM5: BB: REX: 02 10:11:48: 0013646271: iMjrEvt: DP_STREAM_COMPONENT   : CS Packet Length            = 450
COM5: BB: REX: 02 10:11:48: 0013646278: iMjrEvt: DP_STREAM_COMPONENT   : Color Code                  = 0x20 and BPP = 30
COM5: BB: REX: 02 10:11:48: 0013646288: iMjrEvt: DP_COMPONENT          : Rex start sending MCCS to LEX
COM5: BB: REX: 02 10:11:48: 0013646394: iMjrEvt: DP_COMPONENT          : Policy maker: old state = 8, new state = 8 on event = 0
COM5: BB: REX: 02 10:11:48: 0013646417: iMjrErr: DP_STREAM_COMPONENT   : DP Idle pattern interrupt occurred
COM5: BB: REX: 02 10:11:48: 0013647280: iUsrLog: DP_COMPONENT          : Sent MCCS Capabilities
COM5: BB: REX: 02 10:11:48: 0013647622: iUsrLog: DP_COMPONENT          : Sent VCP Table
COM5: BB: REX: 02 10:11:48: 0013647683: iUsrLog: DP_COMPONENT          : Sent Timing Report
COM5: BB: REX: 02 10:11:48: 0014678037: ISTATUS Video Operational, 3840*2160, 59.99  Hz, 10 bits per component, color code 0x40
COM5: BB: REX: 02 10:13:22: 0008659000: iMjrEvt: DP_STREAM_COMPONENT   : Lane Count                  = 4
COM5: BB: REX: 02 10:13:22: 0008659016: iMjrEvt: DP_STREAM_COMPONENT   : Bandwidth                   = 5.40 Gbps
COM5: BB: REX: 02 10:13:22: 0008659033: iMjrEvt: DP_STREAM_COMPONENT   : Enhanced Framing            = 1
COM5: BB: REX: 02 10:13:22: 0008659040: iMjrEvt: DP_STREAM_COMPONENT   : Mvid                        = 32435
COM5: BB: REX: 02 10:13:22: 0008659047: iMjrEvt: DP_STREAM_COMPONENT   : Nvid                        = 32768
COM5: BB: REX: 02 10:13:22: 0008659055: iMjrEvt: DP_STREAM_COMPONENT   : H Total                     = 4000
COM5: BB: REX: 02 10:13:22: 0008659062: iMjrEvt: DP_STREAM_COMPONENT   : H Start                     = 112
COM5: BB: REX: 02 10:13:22: 0008659069: iMjrEvt: DP_STREAM_COMPONENT   : H Width                     = 3840
COM5: BB: REX: 02 10:13:22: 0008659077: iMjrEvt: DP_STREAM_COMPONENT   : H Polarity                  = 0
COM5: BB: REX: 02 10:13:22: 0008659084: iMjrEvt: DP_STREAM_COMPONENT   : H Sync Width                = 32
COM5: BB: REX: 02 10:13:22: 0008659092: iMjrEvt: DP_STREAM_COMPONENT   : V Total                     = 2222
COM5: BB: REX: 02 10:13:22: 0008659099: iMjrEvt: DP_STREAM_COMPONENT   : V Start                     = 59
COM5: BB: REX: 02 10:13:22: 0008659107: iMjrEvt: DP_STREAM_COMPONENT   : V Height                    = 2160
COM5: BB: REX: 02 10:13:22: 0008659114: iMjrEvt: DP_STREAM_COMPONENT   : V Polarity                  = 1
COM5: BB: REX: 02 10:13:22: 0008659122: iMjrEvt: DP_STREAM_COMPONENT   : V Sync Width                = 5
COM5: BB: REX: 02 10:13:22: 0008659129: iMjrEvt: DP_STREAM_COMPONENT   : Misc Y Only                 = 0
COM5: BB: REX: 02 10:13:22: 0008659136: iMjrEvt: DP_STREAM_COMPONENT   : Misc Stereo                 = 0
COM5: BB: REX: 02 10:13:22: 0008659144: iMjrEvt: DP_STREAM_COMPONENT   : Misc Int Total              = 0
COM5: BB: REX: 02 10:13:22: 0008659151: iMjrEvt: DP_STREAM_COMPONENT   : Misc Clock Sync             = 0
COM5: BB: REX: 02 10:13:22: 0008659158: iMjrEvt: DP_STREAM_COMPONENT   : CS Packet Length            = 450
COM5: BB: REX: 02 10:13:22: 0008659166: iMjrEvt: DP_STREAM_COMPONENT   : Color Code                  = 0x20 and BPP = 30
COM5: BB: REX: 02 10:13:22: 0008659175: iMjrEvt: DP_STREAM_COMPONENT   : **** DP STATS ****
COM5: BB: REX: 02 10:13:22: 0008659186: iMjrEvt: DP_STREAM_COMPONENT   : fifo_pix_0_overflow         = 0
COM5: BB: REX: 02 10:13:22: 0008659195: iMjrEvt: DP_STREAM_COMPONENT   : fifo_pix_0_underflow        = 0
COM5: BB: REX: 02 10:13:22: 0008659206: iMjrEvt: DP_STREAM_COMPONENT   : pix_0_sr_underflow          = 0
COM5: BB: REX: 02 10:13:22: 0008659216: iMjrEvt: DP_STREAM_COMPONENT   : pix_1_sr_underflow          = 0
COM5: BB: REX: 02 10:13:22: 0008659227: iMjrEvt: DP_STREAM_COMPONENT   : pix_2_sr_underflow          = 0
COM5: BB: REX: 02 10:13:22: 0008659236: iMjrEvt: DP_STREAM_COMPONENT   : pix_3_sr_underflow          = 0
COM5: BB: REX: 02 10:13:22: 0008659249: iMjrEvt: DP_STREAM_COMPONENT   : fifo_pix_0_level            = 525
COM5: BB: REX: 02 10:13:22: 0008659260: iMjrEvt: DP_STREAM_COMPONENT   : fifo_pix_0_level_watermark  = 958
COM5: BB: REX: 02 10:13:22: 0008659271: iMjrEvt: DP_STREAM_COMPONENT   : fifo_cs_overflow            = 0
COM5: BB: REX: 02 10:13:22: 0008659280: iMjrEvt: DP_STREAM_COMPONENT   : fifo_cs_underflow           = 0
COM5: BB: REX: 02 10:13:22: 0008659292: iMjrEvt: DP_STREAM_COMPONENT   : fifo_cs_level               = 900
COM5: BB: REX: 02 10:13:22: 0008659304: iMjrEvt: DP_STREAM_COMPONENT   : fifo_cs_level_watermark     = 919
COM5: BB: REX: 02 10:13:22: 0008659314: iMjrEvt: DP_STREAM_COMPONENT   : **** DP_ALU_STATS ****
COM5: BB: REX: 02 10:13:22: 0008659326: iMjrEvt: DP_STREAM_COMPONENT   : dp_width_active            = 3876
COM5: BB: REX: 02 10:13:22: 0008659338: iMjrEvt: DP_STREAM_COMPONENT   : dp_width_total             = 4040
COM5: BB: REX: 02 10:13:22: 0008659349: iMjrEvt: DP_STREAM_COMPONENT   : full_tu_size               = 64
COM5: BB: REX: 02 10:13:22: 0008659361: iMjrEvt: DP_STREAM_COMPONENT   : last_tu_size               = 36
COM5: BB: REX: 02 10:13:22: 0008659371: iMjrEvt: DP_STREAM_COMPONENT   : full_tu_num                = 60
COM5: BB: REX: 02 10:13:22: 0008659383: iMjrEvt: DP_STREAM_COMPONENT   : cpu_math_result_rdy        = 0
COM5: BB: REX: 02 10:13:22: 0008659394: iMjrEvt: DP_STREAM_COMPONENT   : valid_bytes_repeat_num     = 36
COM5: BB: REX: 02 10:13:22: 0008659406: iMjrEvt: DP_STREAM_COMPONENT   : valid_bytes_per_full_tu    = 59
COM5: BB: REX: 02 10:13:22: 0008659416: iMjrEvt: DP_STREAM_COMPONENT   : valid_bytes_num_per_lane   = 3600
COM5: BB: REX: 02 10:13:22: 0008659426: iMjrEvt: DP_STREAM_COMPONENT   : **** DP FSM STATS ****
COM5: BB: REX: 02 10:13:22: 0008659437: iMjrEvt: DP_STREAM_COMPONENT   : fsm_state_vid  = 1
COM5: BB: REX: 02 10:13:22: 0008659449: iMjrEvt: DP_STREAM_COMPONENT   : fsm_state_dp   = 2
COM5: BB: REX: 02 10:19:35: 0012763633: iMjrEvt: DP_COMPONENT          : Aux DP Channel Status: 2
COM5: BB: REX: 02 10:19:35: 0012763649: iMjrErr: DP_COMPONENT          : Aux detect MCA link down or disabled.
COM5: BB: REX: 02 10:19:35: 0012763698: iMjrEvt: DP_COMPONENT          : Policy maker: old state = 8, new state = 5 on event = 5
COM5: BB: REX: 02 10:19:35: 0012763709: iMjrEvt: DP_COMPONENT          : Sending dummy video to the monitor
COM5: BB: REX: 02 10:19:35: 0012763740: iMjrEvt: DP_COMPONENT          : Policy maker: old state = 5, new state = 5 on event = 0
COM5: BB: REX: 02 10:19:35: 0012770156: ISTATUS Data Link Disconnected
COM5: BB: REX: 02 10:19:35: 0012770173: iMjrEvt: DP_COMPONENT          : AUX Got Phy Link Msg = 0
COM5: BB: REX: 02 10:19:35: 0012770190: iMjrEvt: DP_COMPONENT          : Aux Generate Lex Active/Offline Phy:0, dpEnable:0, Host:0
COM5: BB: REX: 02 10:19:35: 0012770206: iMjrErr: DP_COMPONENT          : Policy maker: got invalid event 7 in state 5
COM5: BB: REX: 02 10:19:35: 0012770214: iMjrEvt: DP_COMPONENT          : Policy maker: old state = 5, new state = 5 on event = 7
COM5: BB: REX: 02 13:03:07: 0000000540: iMjrErr: TOPLEVEL_COMPONENT    : FPGA / FIRMWARE version doesn't match!
COM5: BB: REX:  13:03:07.136: Software Info message: FPGA Chip ID Major 17 Minor 1 Debug 1 HW build was done on 2019/09/09 at 12:13:16 FallbackStatus 0x0
Bootrom ID Major 0 Minor 12 Software revision Major 255 Minor 255 Debug 255 SW build was done on 2019/10/01 at 15:24:40 this is REX
COM5: BB: REX: 02 13:03:07: 0000002926: iMinEvt: FLASH_DATA_COMPONENT  : Block number 0 address 0xc0b00000 status 1
COM5: BB: REX: 02 13:03:07: 0000014747: iMinEvt: FLASH_DATA_COMPONENT  : Block number 1 address 0xc0b10000 status 0
COM5: BB: REX: 02 13:03:07: 0000026520: iMinEvt: FLASH_DATA_COMPONENT  : *** Flash Vars erased header data found, from address c0b001f4, 65024 bytes
COM5: BB: REX: 02 13:03:07: 0000026540: iMinEvt: FLASH_DATA_COMPONENT  : Flash storage initialization - status 0 active block 0 used space = 0x1f4
COM5: BB: REX: 02 13:03:07: 0000040399: iMjrErr: TOPLEVEL_COMPONENT    :   *** This is a PlugTest Image ***
COM5: BB: REX: 02 13:03:07: 0000258759: iMjrErr: DP_COMPONENT          : ****** DP ISOLATED REX DISABLED *******
COM5: BB: REX: 02 13:03:07: 0000258779: iDbgGrn: DP_AUX_COMPONENT      : Clearing the AUX trans buffer
COM5: BB: REX: 02 13:03:07: 0000259671: ISTATUS DP not in over current state
COM5: BB: REX: 02 13:03:07: 0000259689: ISTATUS DP not in over current state
COM5: BB: REX: 02 13:03:07: 0000259732: iMjrEvt: DP_COMPONENT          : Policy maker: old state = 0, new state = 0 on event = 0
COM5: BB: REX: 02 13:03:07: 0000259752: iMjrEvt: DP_COMPONENT          : Policy maker: old state = 0, new state = 1 on event = 2
COM5: BB: REX: 02 13:03:07: 0000259791: iUsrLog: DP_COMPONENT          : Enable AUX over UART = 0
COM5: BB: REX: 02 13:03:07: 0000259799: iMjrEvt: DP_COMPONENT          : Policy maker: old state = 1, new state = 1 on event = 0
COM5: BB: REX: 02 13:03:07: 0000259828: iMjrEvt: DP_COMPONENT          : LinkTR: old state = 0, new state = 0 on event = 3
COM5: BB: REX: 02 13:03:07: 0000259846: iMjrEvt: DP_COMPONENT          : LinkTR: old state = 0, new state = 0 on event = 3
COM5: BB: REX:  13:03:07.527: GE DBG:
COM5: BB: REX:  13:03:07.537: Goldenears SW 255.255.255
COM5: BB: REX:  13:03:07.542: GE DBG:
COM5: BB: REX:  13:03:07.548: ASIC rev. B detected
COM5: BB: REX: 02 13:03:07: 0000669353: iMjrEvt: DP_COMPONENT          : Policy maker: old state = 1, new state = 1 on event = 16
COM5: BB: REX: 02 13:03:10: 0003352517: ISTATUS ** Monitor connected **
COM5: BB: REX: 02 13:03:10: 0003352530: iMjrEvt: DP_COMPONENT          : Got HPD up event
COM5: BB: REX: 02 13:03:10: 0003352553: iMjrEvt: DP_COMPONENT          : Policy maker: old state = 1, new state = 1 on event = 8
