COM6: BB: LEX: 02 13:04:51: 0011859297: iMjrEvt: DP_AUX_COMPONENT      : Source connect count = 1 source disconnect count = 0 Aux status = 0
COM6: BB: LEX: 02 13:04:51: 0011959205: ISTATUS ** Host DP connected **
COM6: BB: LEX: 02 13:04:51: 0011959219: iMjrEvt: DP_COMPONENT          : AUX Got Host Connection Msg = 1
COM6: BB: LEX: 02 13:04:51: 0011959250: iUsrLog: DP_COMPONENT          : Enable AUX over UART = 0
COM6: BB: LEX: 02 13:04:51: 0011959286: iMjrEvt: DP_COMPONENT          : Policy maker: old state = 2, new state = 3 on event = 8
COM6: BB: LEX: 02 13:04:51: 0011959299: iMjrEvt: DP_COMPONENT          : Policy maker: old state = 3, new state = 3 on event = 0
COM6: BB: LEX: 02 13:04:51: 0011976438: iMjrEvt: DP_COMPONENT          : Lex get sink parameters, 2(New Link Params) 1(New) 0(Same): 1
COM6: BB: LEX: 02 13:04:51: 0011976504: iUsrLog: DP_COMPONENT          : SSC Advertise Mode = 2 | 0=disable, 1=enable, 2=pass Monitor's value
COM6: BB: LEX: 02 13:04:51: 0011976575: iMjrEvt: DP_COMPONENT          : Policy maker: old state = 3, new state = 5 on event = 10
COM6: BB: LEX: 02 13:04:51: 0011976595: iMjrEvt: DP_COMPONENT          : Policy maker: old state = 5, new state = 5 on event = 0
COM6: BB: LEX: 02 13:04:51: 0011976619: iMjrEvt: DP_COMPONENT          : LinkTR: old state = 1, new state = 1 on event = 3
COM6: BB: LEX: 02 13:04:51: 0011976631: iMjrEvt: DP_COMPONENT          : LinkTR: old state = 1, new state = 5 on event = 2
COM6: BB: LEX: 02 13:04:52: 0011976639: iMjrEvt: DP_AUX_COMPONENT      : Generating HPD up event
COM6: BB: LEX: 02 13:04:52: 0011976647: iMjrEvt: DP_COMPONENT          : LinkTR: old state = 5, new state = 5 on event = 0
COM6: BB: LEX: 02 13:04:53: 0013053720: iMjrEvt: DP_COMPONENT          : Aux Generate Rex Active/Offline Phy:1, dpEnable:1, Monitor:0
COM6: BB: LEX: 02 13:04:53: 0013053752: iMinErr: DP_COMPONENT          : Policy maker: got invalid event 7 in state 5
COM6: BB: LEX: 02 13:04:53: 0013053764: iMjrEvt: DP_COMPONENT          : Policy maker: old state = 5, new state = 5 on event = 7
COM6: BB: LEX: 02 13:04:54: 0014853615: iMjrEvt: DP_COMPONENT          : Aux Generate Rex Active/Offline Phy:1, dpEnable:1, Monitor:1
COM6: BB: LEX: 02 13:04:54: 0014853647: iMinErr: DP_COMPONENT          : Policy maker: got invalid event 6 in state 5
COM6: BB: LEX: 02 13:04:54: 0014853659: iMjrEvt: DP_COMPONENT          : Policy maker: old state = 5, new state = 5 on event = 6
COM6: BB: LEX: 02 13:04:54: 0014873160: iMinErr: DP_COMPONENT          : Policy maker: got invalid event 11 in state 5
COM6: BB: LEX: 02 13:04:54: 0014873179: iMjrEvt: DP_COMPONENT          : Policy maker: old state = 5, new state = 5 on event = 11
COM6: BB: LEX: 02 13:05:01: 0004351475: iMjrEvt: DP_COMPONENT          : BW: 0x14, LC:4, Enhanced:1
COM6: BB: LEX: 02 13:05:01: 0004351496: iMjrEvt: DP_STREAM_COMPONENT   : Setting training pattern 1
COM6: BB: LEX: 02 13:05:01: 0004351518: iMjrEvt: DP_COMPONENT          : LinkTR: old state = 5, new state = 6 on event = 5
COM6: BB: LEX: 02 13:05:01: 0004351528: iMjrEvt: DP_STREAM_COMPONENT   : Reset DP Sink = 1 | (1:reset, 0:take out of reset)
COM6: BB: LEX: 02 13:05:01: 0004351535: iMjrEvt: DP_STREAM_COMPONENT   : Reset TICO Encoder = 1 | (1:reset, 0:take out of reset)
COM6: BB: LEX: 02 13:05:01: 0004351561: iMjrEvt: DP_COMPONENT          : LinkTR: old state = 6, new state = 6 on event = 0
COM6: BB: LEX: 02 13:05:01: 0004351580: iMinErr: DP_COMPONENT          : Policy maker: got invalid event 12 in state 5
COM6: BB: LEX: 02 13:05:01: 0004351589: iMjrEvt: DP_COMPONENT          : Policy maker: old state = 5, new state = 5 on event = 12
COM6: BB: LEX: 02 13:05:01: 0004352958: iMjrEvt: DP_COMPONENT          : LinkTR: old state = 6, new state = 7 on event = 6
COM6: BB: LEX: 02 13:05:01: 0004352974: iMjrEvt: DP_COMPONENT          : LinkTR: old state = 7, new state = 7 on event = 0
COM6: BB: LEX: 02 13:05:01: 0004353130: iMjrEvt: DP_COMPONENT          : LinkTR: old state = 7, new state = 8 on event = 7
COM6: BB: LEX: 02 13:05:01: 0004353184: iMjrEvt: DP_COMPONENT          : LinkTR: old state = 8, new state = 8 on event = 0
COM6: BB: LEX: 02 13:05:01: 0004354025: iMjrEvt: DP_COMPONENT          : LinkTR: old state = 8, new state = 8 on event = 10
COM6: BB: LEX: 02 13:05:01: 0004354209: iMjrEvt: DP_COMPONENT          : LinkTR: old state = 8, new state = 9 on event = 8
COM6: BB: LEX: 02 13:05:01: 0004354224: iMjrEvt: DP_COMPONENT          : LinkTR: old state = 9, new state = 9 on event = 0
COM6: BB: LEX: 02 13:05:01: 0004354315: iMjrEvt: DP_COMPONENT          : LinkTR: old state = 9, new state = 9 on event = 11
COM6: BB: LEX: 02 13:05:01: 0004355053: iMjrEvt: DP_COMPONENT          : LinkTR: old state = 9, new state = 10 on event = 12
COM6: BB: LEX: 02 13:05:01: 0004355064: iMjrEvt: DP_COMPONENT          : LinkTR: old state = 10, new state = 10 on event = 0
COM6: BB: LEX: 02 13:05:01: 0004356148: iMjrEvt: DP_STREAM_COMPONENT   : Setting training pattern 3
COM6: BB: LEX: 02 13:05:01: 0004356581: iMjrEvt: DP_COMPONENT          : LinkTR: old state = 10, new state = 11 on event = 13
COM6: BB: LEX: 02 13:05:01: 0004356601: iMjrEvt: DP_COMPONENT          : LinkTR: old state = 11, new state = 11 on event = 0
COM6: BB: LEX: 02 13:05:01: 0004356646: iMjrEvt: DP_COMPONENT          : Freq: 269925000, BW: 20, Detect SSC (0: disbled, 1:enabled): 0
COM6: BB: LEX: 02 13:05:01: 0004356661: iMjrEvt: DP_COMPONENT          : LinkTR: old state = 11, new state = 12 on event = 15
COM6: BB: LEX: 02 13:05:01: 0004356671: iMjrEvt: DP_COMPONENT          : LinkTR: old state = 12, new state = 12 on event = 0
COM6: BB: LEX: 02 13:05:01: 0004372775: iMjrEvt: DP_COMPONENT          : LinkTR: old state = 12, new state = 13 on event = 14
COM6: BB: LEX: 02 13:05:01: 0004372797: iMjrEvt: DP_STREAM_COMPONENT   : Reset DP Sink = 0 | (1:reset, 0:take out of reset)
COM6: BB: LEX: 02 13:05:01: 0004372814: iMjrEvt: DP_COMPONENT          : LinkTR: old state = 13, new state = 13 on event = 0
COM6: BB: LEX: 02 13:05:01: 0004389472: iMjrEvt: DP_COMPONENT          : LinkTR: old state = 13, new state = 13 on event = 14
COM6: BB: LEX: 02 13:05:01: 0004389497: iMjrEvt: DP_COMPONENT          : LinkTR: old state = 13, new state = 13 on event = 11
COM6: BB: LEX: 02 13:05:01: 0004406170: iMjrEvt: DP_COMPONENT          : LinkTR: old state = 13, new state = 13 on event = 14
COM6: BB: LEX: 02 13:05:01: 0004406195: iMjrEvt: DP_COMPONENT          : LinkTR: old state = 13, new state = 13 on event = 11
COM6: BB: LEX: 02 13:05:01: 0004422859: iMjrEvt: DP_COMPONENT          : LinkTR: old state = 13, new state = 13 on event = 14
COM6: BB: LEX: 02 13:05:01: 0004423312: iMjrErr: DP_COMPONENT          : Link Trained with VS:2, EQ:1
COM6: BB: LEX: 02 13:05:01: 0004423350: iMjrEvt: DP_COMPONENT          : LinkTR: old state = 13, new state = 13 on event = 14
COM6: BB: LEX: 02 13:05:01: 0004423365: iMjrEvt: DP_COMPONENT          : LinkTR: old state = 13, new state = 14 on event = 16
COM6: BB: LEX: 02 13:05:01: 0004423378: iMjrEvt: DP_COMPONENT          : BW: 0x14, LC:4, Enhanced:1
COM6: BB: LEX: 02 13:05:01: 0004423387: iMjrEvt: DP_COMPONENT          : LinkTR: old state = 14, new state = 14 on event = 0
COM6: BB: LEX: 02 13:05:01: 0004423398: iMjrEvt: DP_COMPONENT          : Policy maker: old state = 5, new state = 6 on event = 15
COM6: BB: LEX: 02 13:05:01: 0004423410: iMjrEvt: DP_COMPONENT          : Policy maker: old state = 6, new state = 6 on event = 0
COM6: BB: LEX: 02 13:05:01: 0004423632: iMjrEvt: DP_STREAM_COMPONENT   : Setting training pattern 0
COM6: BB: LEX: 02 13:05:01: 0004423859: iMjrEvt: DP_COMPONENT          : LinkTR: old state = 14, new state = 14 on event = 14
COM6: BB: LEX: 02 13:05:01: 0004526907: iMjrEvt: DP_COMPONENT          : LinkTR: old state = 14, new state = 14 on event = 14
COM6: BB: LEX: 02 13:05:01: 0004550881: iMjrEvt: DP_COMPONENT          : Aux got DP ISR Type = 0x1
COM6: BB: LEX: 02 13:05:01: 0004758069: iMjrEvt: DP_COMPONENT          : Aux Frame period = 1250712, FPS on LEX = 59965
COM6: BB: LEX: 02 13:05:01: 0004758097: iMjrErr: DP_STREAM_COMPONENT   : Color Code = 0x20
COM6: BB: LEX: 02 13:05:01: 0004758123: iMjrEvt: DP_STREAM_COMPONENT   : Lane Count                  = 4
COM6: BB: LEX: 02 13:05:01: 0004758131: iMjrEvt: DP_STREAM_COMPONENT   : Bandwidth                   = 5.40 Gbps
COM6: BB: LEX: 02 13:05:01: 0004758139: iMjrEvt: DP_STREAM_COMPONENT   : Enhanced Framing            = 1
COM6: BB: LEX: 02 13:05:01: 0004758147: iMjrEvt: DP_STREAM_COMPONENT   : Mvid                        = 235059
COM6: BB: LEX: 02 13:05:01: 0004758154: iMjrEvt: DP_STREAM_COMPONENT   : Nvid                        = 524288
COM6: BB: LEX: 02 13:05:01: 0004758161: iMjrEvt: DP_STREAM_COMPONENT   : H Total                     = 2720
COM6: BB: LEX: 02 13:05:01: 0004758169: iMjrEvt: DP_STREAM_COMPONENT   : H Start                     = 112
COM6: BB: LEX: 02 13:05:01: 0004758176: iMjrEvt: DP_STREAM_COMPONENT   : H Width                     = 2560
COM6: BB: LEX: 02 13:05:01: 0004758184: iMjrEvt: DP_STREAM_COMPONENT   : H Polarity                  = 0
COM6: BB: LEX: 02 13:05:01: 0004758191: iMjrEvt: DP_STREAM_COMPONENT   : H Sync Width                = 32
COM6: BB: LEX: 02 13:05:01: 0004758199: iMjrEvt: DP_STREAM_COMPONENT   : V Total                     = 1481
COM6: BB: LEX: 02 13:05:01: 0004758206: iMjrEvt: DP_STREAM_COMPONENT   : V Start                     = 38
COM6: BB: LEX: 02 13:05:01: 0004758214: iMjrEvt: DP_STREAM_COMPONENT   : V Height                    = 1440
COM6: BB: LEX: 02 13:05:01: 0004758221: iMjrEvt: DP_STREAM_COMPONENT   : V Polarity                  = 0
COM6: BB: LEX: 02 13:05:01: 0004758229: iMjrEvt: DP_STREAM_COMPONENT   : V Sync Width                = 5
COM6: BB: LEX: 02 13:05:01: 0004758236: iMjrEvt: DP_STREAM_COMPONENT   : Misc Y Only                 = 0
COM6: BB: LEX: 02 13:05:01: 0004758243: iMjrEvt: DP_STREAM_COMPONENT   : Misc Stereo                 = 0
COM6: BB: LEX: 02 13:05:01: 0004758251: iMjrEvt: DP_STREAM_COMPONENT   : Misc Int Total              = 0
COM6: BB: LEX: 02 13:05:01: 0004758258: iMjrEvt: DP_STREAM_COMPONENT   : Misc Clock Sync             = 1
COM6: BB: LEX: 02 13:05:01: 0004758265: iMjrEvt: DP_STREAM_COMPONENT   : CS Packet Length            = 300
COM6: BB: LEX: 02 13:05:01: 0004758273: iMjrEvt: DP_STREAM_COMPONENT   : Color Code                  = 0x20 and BPP = 30
COM6: BB: LEX: 02 13:05:01: 0004758281: iMjrEvt: DP_STREAM_COMPONENT   : bond_align_debug_stats      = 0xf03000
COM6: BB: LEX: 02 13:05:01: 0004758288: iMjrEvt: DP_STREAM_COMPONENT   : com_det_dbg                 = 0x8
COM6: BB: LEX: 02 13:05:01: 0004758296: iMjrEvt: DP_STREAM_COMPONENT   : fifo_rd_en_dbg              = 0xe8e
COM6: BB: LEX: 02 13:05:01: 0004758303: iMjrEvt: DP_STREAM_COMPONENT   : state_dbg                   = 0x848
COM6: BB: LEX: 02 13:05:01: 0004758310: iMjrEvt: DP_STREAM_COMPONENT   : TPS pattern used            = 3
COM6: BB: LEX: 02 13:05:01: 0004758318: iMjrEvt: DP_STREAM_COMPONENT   : Tu Size                     = 64
COM6: BB: LEX: 02 13:05:01: 0004758325: iMjrEvt: DP_STREAM_COMPONENT   : Frames per second           = 59965
COM6: BB: LEX: 02 13:05:01: 0004769996: iMjrEvt: DP_COMPONENT          : Policy maker: old state = 6, new state = 7 on event = 13
COM6: BB: LEX: 02 13:05:01: 0004770034: iUsrLog: DP_COMPONENT          : Sent Stream Parameters
COM6: BB: LEX: 02 13:05:01: 0004770046: iMjrEvt: DP_COMPONENT          : Policy maker: old state = 7, new state = 7 on event = 0
COM6: BB: LEX: 02 13:05:01: 0004770194: iMjrEvt: DP_COMPONENT          : Policy maker: old state = 7, new state = 8 on event = 27
COM6: BB: LEX: 02 13:05:01: 0004770228: iMjrEvt: DP_COMPONENT          : Policy maker: old state = 8, new state = 8 on event = 0
COM6: BB: LEX: 02 13:05:01: 0004770292: iMjrEvt: DP_COMPONENT          : Aux DP Channel Status: 1
COM6: BB: LEX: 02 13:05:01: 0004770309: iMjrEvt: DP_COMPONENT          : Aux DP Channel Status: 3
COM6: BB: LEX: 02 13:05:01: 0004770322: iMjrEvt: DP_COMPONENT          : Policy maker: old state = 8, new state = 9 on event = 4
COM6: BB: LEX: 02 13:05:01: 0004770333: iMjrEvt: DP_COMPONENT          : Policy maker: old state = 9, new state = 9 on event = 0
COM6: BB: LEX: 02 13:05:01: 0004770363: iMjrEvt: DP_COMPONENT          : Policy maker: old state = 9, new state = 10 on event = 18
COM6: BB: LEX: 02 13:05:01: 0004770373: iMjrEvt: DP_STREAM_COMPONENT   : Read Cx Fifo Overflow to clear it. C0:0, C1:0, C2:0
COM6: BB: LEX: 02 13:05:01: 0004770382: iMjrEvt: DP_STREAM_COMPONENT   : Reset TICO Encoder = 1 | (1:reset, 0:take out of reset)
COM6: BB: LEX: 02 13:05:01: 0004770389: iMjrEvt: DP_STREAM_COMPONENT   : Reset TICO Encoder = 0 | (1:reset, 0:take out of reset)
COM6: BB: LEX: 02 13:05:01: 0004770398: iMjrEvt: DP_STREAM_COMPONENT   : Enabling TICO encoder
COM6: BB: LEX: 02 13:05:01: 0004770420: iMjrEvt: DP_COMPONENT          : Policy maker: old state = 10, new state = 10 on event = 0
COM6: BB: LEX: 02 13:05:01: 0004926742: iMjrEvt: DP_COMPONENT          : Aux got DP ISR Type = 0x80000000
COM6: BB: LEX: 02 13:05:02: 0004926771: iMjrEvt: DP_COMPONENT          : Policy maker: old state = 10, new state = 10 on event = 24
COM6: BB: LEX: 02 13:05:02: 0004932102: iMjrEvt: DP_COMPONENT          : Aux got DP ISR Type = 0x80000000
COM6: BB: LEX: 02 13:05:02: 0004932131: iMjrEvt: DP_COMPONENT          : Policy maker: old state = 10, new state = 10 on event = 24
COM6: BB: LEX: 02 13:05:02: 0004978144: iMjrEvt: DP_COMPONENT          : Aux got DP ISR Type = 0x80000000
COM6: BB: LEX: 02 13:05:02: 0004978173: iMjrEvt: DP_COMPONENT          : Policy maker: old state = 10, new state = 10 on event = 24
COM6: BB: LEX: 02 13:05:02: 0004985767: iMjrEvt: DP_COMPONENT          : Aux got DP ISR Type = 0x80000000
COM6: BB: LEX: 02 13:05:02: 0004985796: iMjrEvt: DP_COMPONENT          : Policy maker: old state = 10, new state = 10 on event = 24
COM6: BB: LEX: 02 13:05:02: 0005005517: iMjrEvt: DP_COMPONENT          : Aux got DP ISR Type = 0x80000000
COM6: BB: LEX: 02 13:05:02: 0005005546: iMjrEvt: DP_COMPONENT          : Policy maker: old state = 10, new state = 10 on event = 24
COM6: BB: LEX: 02 13:05:02: 0005804073: ISTATUS Video Operational, 2560*1440, 59.96  Hz, 10 bits per component, color code 0x40
COM6: BB: LEX: 02 13:05:03: 0006942532: iMjrEvt: DP_COMPONENT          : Aux got DP ISR Type = 0x80000000
COM6: BB: LEX: 02 13:05:03: 0006942561: iMjrEvt: DP_COMPONENT          : Policy maker: old state = 10, new state = 10 on event = 24
COM6: BB: LEX: 02 13:05:04: 0007595763: iMjrEvt: DP_COMPONENT          : Aux got DP ISR Type = 0x80000000
COM6: BB: LEX: 02 13:05:04: 0007595792: iMjrEvt: DP_COMPONENT          : Policy maker: old state = 10, new state = 10 on event = 24
COM6: BB: LEX: 02 13:05:05: 0008502671: iMjrErr: DP_STREAM_COMPONENT   : DP No Video Stream status = 1
COM6: BB: LEX: 02 13:05:05: 0008502688: iMjrEvt: DP_COMPONENT          : Aux got DP ISR Type = 0x40000000
COM6: BB: LEX: 02 13:05:05: 0008502707: iMjrEvt: DP_COMPONENT          : Aux got DP ISR Type = 0x80000000
COM6: BB: LEX: 02 13:05:05: 0008502721: iMjrEvt: DP_COMPONENT          : Policy maker: old state = 10, new state = 11 on event = 20
COM6: BB: LEX: 02 13:05:05: 0008502742: iMjrEvt: DP_STREAM_COMPONENT   : Reset TICO Encoder = 1 | (1:reset, 0:take out of reset)
COM6: BB: LEX: 02 13:05:05: 0008502760: iMjrEvt: DP_COMPONENT          : Policy maker: old state = 11, new state = 11 on event = 0
COM6: BB: LEX: 02 13:05:05: 0008502773: iMinErr: DP_COMPONENT          : Policy maker: got invalid event 24 in state 11
COM6: BB: LEX: 02 13:05:05: 0008502780: iMjrEvt: DP_COMPONENT          : Policy maker: old state = 11, new state = 11 on event = 24
COM6: BB: LEX: 02 13:05:05: 0008502845: iMinErr: DP_COMPONENT          : Policy maker: got invalid event 19 in state 11
COM6: BB: LEX: 02 13:05:05: 0008502854: iMjrEvt: DP_COMPONENT          : Policy maker: old state = 11, new state = 11 on event = 19
COM6: BB: LEX: 02 13:05:05: 0008502881: iMinErr: DP_COMPONENT          : Policy maker: got invalid event 11 in state 11
COM6: BB: LEX: 02 13:05:05: 0008502889: iMjrEvt: DP_COMPONENT          : Policy maker: old state = 11, new state = 11 on event = 11
COM6: BB: LEX: 02 13:05:05: 0008513067: iMjrEvt: DP_COMPONENT          : Aux DP Channel Status: 0
COM6: BB: LEX: 02 13:05:05: 0008513083: iMjrErr: DP_COMPONENT          : Aux detect MCA link down or disabled.
COM6: BB: LEX: 02 13:05:05: 0008513115: iMinErr: DP_COMPONENT          : Policy maker: got invalid event 5 in state 11
COM6: BB: LEX: 02 13:05:05: 0008513124: iMjrEvt: DP_COMPONENT          : Policy maker: old state = 11, new state = 11 on event = 5
COM6: BB: LEX: 02 13:05:05: 0008535271: iMjrEvt: DP_STREAM_COMPONENT   : DP freq out of range count = 1 , Frq Count = 4514
COM6: BB: LEX: 02 13:05:05: 0008641131: iMjrEvt: DP_COMPONENT          : LinkTR: old state = 14, new state = 14 on event = 14
COM6: BB: LEX: 02 13:05:05: 0008641676: iMjrEvt: DP_COMPONENT          : BW: 0x14, LC:4, Enhanced:1
COM6: BB: LEX: 02 13:05:05: 0008641697: iMjrEvt: DP_STREAM_COMPONENT   : Setting training pattern 1
COM6: BB: LEX: 02 13:05:05: 0008641719: iMjrEvt: DP_COMPONENT          : LinkTR: old state = 14, new state = 6 on event = 5
COM6: BB: LEX: 02 13:05:05: 0008641729: iMjrEvt: DP_STREAM_COMPONENT   : Reset DP Sink = 1 | (1:reset, 0:take out of reset)
COM6: BB: LEX: 02 13:05:05: 0008641736: iMjrEvt: DP_STREAM_COMPONENT   : Reset TICO Encoder = 1 | (1:reset, 0:take out of reset)
COM6: BB: LEX: 02 13:05:05: 0008641744: iMjrEvt: DP_STREAM_COMPONENT   : Reset DP Sink = 1 | (1:reset, 0:take out of reset)
COM6: BB: LEX: 02 13:05:05: 0008641752: iMjrEvt: DP_STREAM_COMPONENT   : Reset TICO Encoder = 1 | (1:reset, 0:take out of reset)
COM6: BB: LEX: 02 13:05:05: 0008641777: iMjrEvt: DP_COMPONENT          : LinkTR: old state = 6, new state = 6 on event = 0
COM6: BB: LEX: 02 13:05:05: 0008641790: iMjrEvt: DP_COMPONENT          : Policy maker: old state = 11, new state = 5 on event = 12
COM6: BB: LEX: 02 13:05:05: 0008641801: iMjrEvt: DP_COMPONENT          : Policy maker: old state = 5, new state = 5 on event = 0
COM6: BB: LEX: 02 13:05:05: 0008642278: iMjrEvt: DP_COMPONENT          : LinkTR: old state = 6, new state = 7 on event = 6
COM6: BB: LEX: 02 13:05:05: 0008642305: iMjrEvt: DP_COMPONENT          : LinkTR: old state = 7, new state = 7 on event = 0
COM6: BB: LEX: 02 13:05:05: 0008642473: iMjrEvt: DP_COMPONENT          : LinkTR: old state = 7, new state = 8 on event = 7
COM6: BB: LEX: 02 13:05:05: 0008642528: iMjrEvt: DP_COMPONENT          : LinkTR: old state = 8, new state = 8 on event = 0
COM6: BB: LEX: 02 13:05:05: 0008643365: iMjrEvt: DP_COMPONENT          : LinkTR: old state = 8, new state = 8 on event = 10
COM6: BB: LEX: 02 13:05:05: 0008643542: iMjrEvt: DP_COMPONENT          : LinkTR: old state = 8, new state = 9 on event = 8
COM6: BB: LEX: 02 13:05:05: 0008643557: iMjrEvt: DP_COMPONENT          : LinkTR: old state = 9, new state = 9 on event = 0
COM6: BB: LEX: 02 13:05:05: 0008643863: iMjrEvt: DP_COMPONENT          : LinkTR: old state = 9, new state = 9 on event = 11
COM6: BB: LEX: 02 13:05:05: 0008644589: iMjrEvt: DP_COMPONENT          : LinkTR: old state = 9, new state = 10 on event = 12
COM6: BB: LEX: 02 13:05:05: 0008644599: iMjrEvt: DP_COMPONENT          : LinkTR: old state = 10, new state = 10 on event = 0
COM6: BB: LEX: 02 13:05:05: 0008645658: iMjrEvt: DP_STREAM_COMPONENT   : Setting training pattern 3
COM6: BB: LEX: 02 13:05:05: 0008646102: iMjrEvt: DP_COMPONENT          : LinkTR: old state = 10, new state = 11 on event = 13
COM6: BB: LEX: 02 13:05:05: 0008646122: iMjrEvt: DP_COMPONENT          : LinkTR: old state = 11, new state = 11 on event = 0
COM6: BB: LEX: 02 13:05:05: 0008646167: iMjrEvt: DP_COMPONENT          : Freq: 269925000, BW: 20, Detect SSC (0: disbled, 1:enabled): 0
COM6: BB: LEX: 02 13:05:05: 0008646183: iMjrEvt: DP_COMPONENT          : LinkTR: old state = 11, new state = 12 on event = 15
COM6: BB: LEX: 02 13:05:05: 0008646192: iMjrEvt: DP_COMPONENT          : LinkTR: old state = 12, new state = 12 on event = 0
COM6: BB: LEX: 02 13:05:05: 0008662284: iMjrEvt: DP_COMPONENT          : LinkTR: old state = 12, new state = 13 on event = 14
COM6: BB: LEX: 02 13:05:05: 0008662306: iMjrEvt: DP_STREAM_COMPONENT   : Reset DP Sink = 0 | (1:reset, 0:take out of reset)
COM6: BB: LEX: 02 13:05:05: 0008662323: iMjrEvt: DP_COMPONENT          : LinkTR: old state = 13, new state = 13 on event = 0
COM6: BB: LEX: 02 13:05:05: 0008678979: iMjrEvt: DP_COMPONENT          : LinkTR: old state = 13, new state = 13 on event = 14
COM6: BB: LEX: 02 13:05:05: 0008679005: iMjrEvt: DP_COMPONENT          : LinkTR: old state = 13, new state = 13 on event = 11
COM6: BB: LEX: 02 13:05:05: 0008695675: iMjrEvt: DP_COMPONENT          : LinkTR: old state = 13, new state = 13 on event = 14
COM6: BB: LEX: 02 13:05:05: 0008695701: iMjrEvt: DP_COMPONENT          : LinkTR: old state = 13, new state = 13 on event = 11
COM6: BB: LEX: 02 13:05:05: 0008712362: iMjrEvt: DP_COMPONENT          : LinkTR: old state = 13, new state = 13 on event = 14
COM6: BB: LEX: 02 13:05:05: 0008712813: iMjrErr: DP_COMPONENT          : Link Trained with VS:2, EQ:1
COM6: BB: LEX: 02 13:05:05: 0008712851: iMjrEvt: DP_COMPONENT          : LinkTR: old state = 13, new state = 13 on event = 14
COM6: BB: LEX: 02 13:05:05: 0008712866: iMjrEvt: DP_COMPONENT          : LinkTR: old state = 13, new state = 14 on event = 16
COM6: BB: LEX: 02 13:05:05: 0008712879: iMjrEvt: DP_COMPONENT          : BW: 0x14, LC:4, Enhanced:1
COM6: BB: LEX: 02 13:05:05: 0008712887: iMjrEvt: DP_COMPONENT          : LinkTR: old state = 14, new state = 14 on event = 0
COM6: BB: LEX: 02 13:05:05: 0008712899: iMjrEvt: DP_COMPONENT          : Policy maker: old state = 5, new state = 6 on event = 15
COM6: BB: LEX: 02 13:05:05: 0008712912: iMjrEvt: DP_COMPONENT          : Policy maker: old state = 6, new state = 6 on event = 0
COM6: BB: LEX: 02 13:05:05: 0008713128: iMjrEvt: DP_STREAM_COMPONENT   : Setting training pattern 0
COM6: BB: LEX: 02 13:05:05: 0008713352: iMjrEvt: DP_COMPONENT          : LinkTR: old state = 14, new state = 14 on event = 14
COM6: BB: LEX: 02 13:05:05: 0008811212: iMjrEvt: DP_COMPONENT          : LinkTR: old state = 14, new state = 14 on event = 14
COM6: BB: LEX: 02 13:05:05: 0008834279: iMjrEvt: DP_COMPONENT          : Aux got DP ISR Type = 0x1
COM6: BB: LEX: 02 13:05:05: 0009041069: iMjrEvt: DP_COMPONENT          : Aux Frame period = 1249752, FPS on LEX = 60011
COM6: BB: LEX: 02 13:05:05: 0009041097: iMjrErr: DP_STREAM_COMPONENT   : Color Code = 0x20
COM6: BB: LEX: 02 13:05:05: 0009041123: iMjrEvt: DP_STREAM_COMPONENT   : Lane Count                  = 4
COM6: BB: LEX: 02 13:05:05: 0009041132: iMjrEvt: DP_STREAM_COMPONENT   : Bandwidth                   = 5.40 Gbps
COM6: BB: LEX: 02 13:05:05: 0009041139: iMjrEvt: DP_STREAM_COMPONENT   : Enhanced Framing            = 1
COM6: BB: LEX: 02 13:05:06: 0009041147: iMjrEvt: DP_STREAM_COMPONENT   : Mvid                        = 519028
COM6: BB: LEX: 02 13:05:06: 0009041154: iMjrEvt: DP_STREAM_COMPONENT   : Nvid                        = 524288
COM6: BB: LEX: 02 13:05:06: 0009041162: iMjrEvt: DP_STREAM_COMPONENT   : H Total                     = 4000
COM6: BB: LEX: 02 13:05:06: 0009041169: iMjrEvt: DP_STREAM_COMPONENT   : H Start                     = 112
COM6: BB: LEX: 02 13:05:06: 0009041177: iMjrEvt: DP_STREAM_COMPONENT   : H Width                     = 3840
COM6: BB: LEX: 02 13:05:06: 0009041184: iMjrEvt: DP_STREAM_COMPONENT   : H Polarity                  = 0
COM6: BB: LEX: 02 13:05:06: 0009041192: iMjrEvt: DP_STREAM_COMPONENT   : H Sync Width                = 32
COM6: BB: LEX: 02 13:05:06: 0009041199: iMjrEvt: DP_STREAM_COMPONENT   : V Total                     = 2222
COM6: BB: LEX: 02 13:05:06: 0009041206: iMjrEvt: DP_STREAM_COMPONENT   : V Start                     = 59
COM6: BB: LEX: 02 13:05:06: 0009041214: iMjrEvt: DP_STREAM_COMPONENT   : V Height                    = 2160
COM6: BB: LEX: 02 13:05:06: 0009041221: iMjrEvt: DP_STREAM_COMPONENT   : V Polarity                  = 1
COM6: BB: LEX: 02 13:05:06: 0009041229: iMjrEvt: DP_STREAM_COMPONENT   : V Sync Width                = 5
COM6: BB: LEX: 02 13:05:06: 0009041236: iMjrEvt: DP_STREAM_COMPONENT   : Misc Y Only                 = 0
COM6: BB: LEX: 02 13:05:06: 0009041243: iMjrEvt: DP_STREAM_COMPONENT   : Misc Stereo                 = 0
COM6: BB: LEX: 02 13:05:06: 0009041251: iMjrEvt: DP_STREAM_COMPONENT   : Misc Int Total              = 0
COM6: BB: LEX: 02 13:05:06: 0009041258: iMjrEvt: DP_STREAM_COMPONENT   : Misc Clock Sync             = 1
COM6: BB: LEX: 02 13:05:06: 0009041266: iMjrEvt: DP_STREAM_COMPONENT   : CS Packet Length            = 450
COM6: BB: LEX: 02 13:05:06: 0009041273: iMjrEvt: DP_STREAM_COMPONENT   : Color Code                  = 0x20 and BPP = 30
COM6: BB: LEX: 02 13:05:06: 0009041281: iMjrEvt: DP_STREAM_COMPONENT   : bond_align_debug_stats      = 0xf00330
COM6: BB: LEX: 02 13:05:06: 0009041288: iMjrEvt: DP_STREAM_COMPONENT   : com_det_dbg                 = 0x88
COM6: BB: LEX: 02 13:05:06: 0009041296: iMjrEvt: DP_STREAM_COMPONENT   : fifo_rd_en_dbg              = 0x88
COM6: BB: LEX: 02 13:05:06: 0009041303: iMjrEvt: DP_STREAM_COMPONENT   : state_dbg                   = 0x44
COM6: BB: LEX: 02 13:05:06: 0009041311: iMjrEvt: DP_STREAM_COMPONENT   : TPS pattern used            = 3
COM6: BB: LEX: 02 13:05:06: 0009041318: iMjrEvt: DP_STREAM_COMPONENT   : Tu Size                     = 64
COM6: BB: LEX: 02 13:05:06: 0009041326: iMjrEvt: DP_STREAM_COMPONENT   : Frames per second           = 60011
COM6: BB: LEX: 02 13:05:06: 0009052997: iMjrEvt: DP_COMPONENT          : Policy maker: old state = 6, new state = 7 on event = 13
COM6: BB: LEX: 02 13:05:06: 0009053035: iUsrLog: DP_COMPONENT          : Sent Stream Parameters
COM6: BB: LEX: 02 13:05:06: 0009053046: iMjrEvt: DP_COMPONENT          : Policy maker: old state = 7, new state = 7 on event = 0
COM6: BB: LEX: 02 13:05:06: 0009053194: iMjrEvt: DP_COMPONENT          : Policy maker: old state = 7, new state = 8 on event = 27
COM6: BB: LEX: 02 13:05:06: 0009053228: iMjrEvt: DP_COMPONENT          : Policy maker: old state = 8, new state = 8 on event = 0
COM6: BB: LEX: 02 13:05:06: 0009053293: iMjrEvt: DP_COMPONENT          : Aux DP Channel Status: 1
COM6: BB: LEX: 02 13:05:06: 0009053310: iMjrEvt: DP_COMPONENT          : Aux DP Channel Status: 3
COM6: BB: LEX: 02 13:05:06: 0009053324: iMjrEvt: DP_COMPONENT          : Policy maker: old state = 8, new state = 9 on event = 4
COM6: BB: LEX: 02 13:05:06: 0009053335: iMjrEvt: DP_COMPONENT          : Policy maker: old state = 9, new state = 9 on event = 0
COM6: BB: LEX: 02 13:05:06: 0009053365: iMjrEvt: DP_COMPONENT          : Policy maker: old state = 9, new state = 10 on event = 18
COM6: BB: LEX: 02 13:05:06: 0009053375: iMjrEvt: DP_STREAM_COMPONENT   : Read Cx Fifo Overflow to clear it. C0:0, C1:0, C2:0
COM6: BB: LEX: 02 13:05:06: 0009053383: iMjrEvt: DP_STREAM_COMPONENT   : Reset TICO Encoder = 1 | (1:reset, 0:take out of reset)
COM6: BB: LEX: 02 13:05:06: 0009053391: iMjrEvt: DP_STREAM_COMPONENT   : Reset TICO Encoder = 0 | (1:reset, 0:take out of reset)
COM6: BB: LEX: 02 13:05:06: 0009053400: iMjrEvt: DP_STREAM_COMPONENT   : Enabling TICO encoder
COM6: BB: LEX: 02 13:05:06: 0009053422: iMjrEvt: DP_COMPONENT          : Policy maker: old state = 10, new state = 10 on event = 0
COM6: BB: LEX: 02 13:05:06: 0009074390: iMjrEvt: DP_COMPONENT          : Aux got DP ISR Type = 0x80000000
COM6: BB: LEX: 02 13:05:06: 0009074419: iMjrEvt: DP_COMPONENT          : Policy maker: old state = 10, new state = 10 on event = 24
COM6: BB: LEX: 02 13:05:06: 0009635695: iMjrEvt: DP_COMPONENT          : Aux got DP ISR Type = 0x80000000
COM6: BB: LEX: 02 13:05:06: 0009635723: iMjrEvt: DP_COMPONENT          : Policy maker: old state = 10, new state = 10 on event = 24
COM6: BB: LEX: 02 13:05:06: 0010087072: ISTATUS Video Operational, 3840*2160, 60.1  Hz, 10 bits per component, color code 0x40
COM6: BB: LEX: 02 13:05:15: 0001542786: iMjrEvt: DP_COMPONENT          : MCCS capabilities received. String size : 511
COM6: BB: LEX: 02 13:05:15: 0001543132: iMjrEvt: DP_COMPONENT          : VCP Table received. Table size : 39
COM6: BB: LEX: 02 13:05:15: 0002078064: iMjrEvt: DP_COMPONENT          : LinkTR: old state = 14, new state = 14 on event = 14
COM6: BB: LEX: 02 13:05:22: 0008692791: iMjrEvt: DP_COMPONENT          : MCCS capabilities received. String size : 511
COM6: BB: LEX: 02 13:05:22: 0008693137: iMjrEvt: DP_COMPONENT          : VCP Table received. Table size : 39
COM6: BB: LEX: 02 13:05:30: 0000523957: iMjrEvt: DP_STREAM_COMPONENT   : Lane Count                  = 4
COM6: BB: LEX: 02 13:05:30: 0000523974: iMjrEvt: DP_STREAM_COMPONENT   : Bandwidth                   = 5.40 Gbps
COM6: BB: LEX: 02 13:05:30: 0000523990: iMjrEvt: DP_STREAM_COMPONENT   : Enhanced Framing            = 1
COM6: BB: LEX: 02 13:05:30: 0000523997: iMjrEvt: DP_STREAM_COMPONENT   : Mvid                        = 519028
COM6: BB: LEX: 02 13:05:30: 0000524005: iMjrEvt: DP_STREAM_COMPONENT   : Nvid                        = 524288
COM6: BB: LEX: 02 13:05:30: 0000524012: iMjrEvt: DP_STREAM_COMPONENT   : H Total                     = 4000
COM6: BB: LEX: 02 13:05:30: 0000524020: iMjrEvt: DP_STREAM_COMPONENT   : H Start                     = 112
COM6: BB: LEX: 02 13:05:30: 0000524027: iMjrEvt: DP_STREAM_COMPONENT   : H Width                     = 3840
COM6: BB: LEX: 02 13:05:30: 0000524035: iMjrEvt: DP_STREAM_COMPONENT   : H Polarity                  = 0
COM6: BB: LEX: 02 13:05:30: 0000524042: iMjrEvt: DP_STREAM_COMPONENT   : H Sync Width                = 32
COM6: BB: LEX: 02 13:05:30: 0000524049: iMjrEvt: DP_STREAM_COMPONENT   : V Total                     = 2222
COM6: BB: LEX: 02 13:05:30: 0000524057: iMjrEvt: DP_STREAM_COMPONENT   : V Start                     = 59
COM6: BB: LEX: 02 13:05:30: 0000524064: iMjrEvt: DP_STREAM_COMPONENT   : V Height                    = 2160
COM6: BB: LEX: 02 13:05:30: 0000524071: iMjrEvt: DP_STREAM_COMPONENT   : V Polarity                  = 1
COM6: BB: LEX: 02 13:05:31: 0000524079: iMjrEvt: DP_STREAM_COMPONENT   : V Sync Width                = 5
COM6: BB: LEX: 02 13:05:31: 0000524086: iMjrEvt: DP_STREAM_COMPONENT   : Misc Y Only                 = 0
COM6: BB: LEX: 02 13:05:31: 0000524094: iMjrEvt: DP_STREAM_COMPONENT   : Misc Stereo                 = 0
COM6: BB: LEX: 02 13:05:31: 0000524101: iMjrEvt: DP_STREAM_COMPONENT   : Misc Int Total              = 0
COM6: BB: LEX: 02 13:05:31: 0000524109: iMjrEvt: DP_STREAM_COMPONENT   : Misc Clock Sync             = 1
COM6: BB: LEX: 02 13:05:31: 0000524116: iMjrEvt: DP_STREAM_COMPONENT   : CS Packet Length            = 450
COM6: BB: LEX: 02 13:05:31: 0000524124: iMjrEvt: DP_STREAM_COMPONENT   : Color Code                  = 0x20 and BPP = 30
COM6: BB: LEX: 02 13:05:31: 0000524131: iMjrEvt: DP_STREAM_COMPONENT   : bond_align_debug_stats      = 0xf00330
COM6: BB: LEX: 02 13:05:31: 0000524139: iMjrEvt: DP_STREAM_COMPONENT   : com_det_dbg                 = 0x88
COM6: BB: LEX: 02 13:05:31: 0000524146: iMjrEvt: DP_STREAM_COMPONENT   : fifo_rd_en_dbg              = 0x88
COM6: BB: LEX: 02 13:05:31: 0000524154: iMjrEvt: DP_STREAM_COMPONENT   : state_dbg                   = 0x44
COM6: BB: LEX: 02 13:05:31: 0000524161: iMjrEvt: DP_STREAM_COMPONENT   : TPS pattern used            = 3
COM6: BB: LEX: 02 13:05:31: 0000524169: iMjrEvt: DP_STREAM_COMPONENT   : Tu Size                     = 64
COM6: BB: LEX: 02 13:05:31: 0000524176: iMjrEvt: DP_STREAM_COMPONENT   : Frames per second           = 60011
COM6: BB: LEX: 02 13:05:31: 0000535011: iMjrEvt: DP_STREAM_COMPONENT   : **** DP STATS ****
COM6: BB: LEX: 02 13:05:31: 0000535026: iMjrEvt: DP_STREAM_COMPONENT   : vid_c0_fifo_overflow        = 0
COM6: BB: LEX: 02 13:05:31: 0000535042: iMjrEvt: DP_STREAM_COMPONENT   : vid_c0_fifo_underflow       = 0
COM6: BB: LEX: 02 13:05:31: 0000535050: iMjrEvt: DP_STREAM_COMPONENT   : vid_c0_fifo_level           = 4
COM6: BB: LEX: 02 13:05:31: 0000535058: iMjrEvt: DP_STREAM_COMPONENT   : vid_c0_fifo_level_watermark = 4
COM6: BB: LEX: 02 13:05:31: 0000535065: iMjrEvt: DP_STREAM_COMPONENT   : vid_c0_sr_full              = 0
COM6: BB: LEX: 02 13:05:31: 0000535072: iMjrEvt: DP_STREAM_COMPONENT   : vid_c1_fifo_overflow        = 0
COM6: BB: LEX: 02 13:05:31: 0000535080: iMjrEvt: DP_STREAM_COMPONENT   : vid_c1_fifo_underflow       = 0
COM6: BB: LEX: 02 13:05:31: 0000535087: iMjrEvt: DP_STREAM_COMPONENT   : vid_c1_fifo_level           = 3
COM6: BB: LEX: 02 13:05:31: 0000535094: iMjrEvt: DP_STREAM_COMPONENT   : vid_c1_fifo_level_watermark = 4
COM6: BB: LEX: 02 13:05:31: 0000535102: iMjrEvt: DP_STREAM_COMPONENT   : vid_c1_sr_full              = 0
COM6: BB: LEX: 02 13:05:31: 0000535109: iMjrEvt: DP_STREAM_COMPONENT   : vid_c2_fifo_overflow        = 0
COM6: BB: LEX: 02 13:05:31: 0000535117: iMjrEvt: DP_STREAM_COMPONENT   : vid_c2_fifo_underflow       = 0
COM6: BB: LEX: 02 13:05:31: 0000535124: iMjrEvt: DP_STREAM_COMPONENT   : vid_c2_fifo_level           = 3
COM6: BB: LEX: 02 13:05:31: 0000535132: iMjrEvt: DP_STREAM_COMPONENT   : vid_c2_fifo_level_watermark = 3
COM6: BB: LEX: 02 13:05:31: 0000535139: iMjrEvt: DP_STREAM_COMPONENT   : vid_c2_sr_full              = 0
COM6: BB: LEX: 02 13:05:31: 0000535148: iMjrErr: DP_STREAM_COMPONENT   : **** DP GTP STATS ****
COM6: BB: LEX: 02 13:05:31: 0000535154: iMjrEvt: DP_STREAM_COMPONENT   : dp_lane0_rxbyterealign_cnt          = 0
COM6: BB: LEX: 02 13:05:31: 0000535162: iMjrEvt: DP_STREAM_COMPONENT   : dp_lane1_rxbyterealign_cnt          = 0
COM6: BB: LEX: 02 13:05:31: 0000535169: iMjrEvt: DP_STREAM_COMPONENT   : dp_lane2_rxbyterealign_cnt          = 0
COM6: BB: LEX: 02 13:05:31: 0000535177: iMjrEvt: DP_STREAM_COMPONENT   : dp_lane3_rxbyterealign_cnt          = 0
COM6: BB: LEX: 02 13:05:31: 0000535188: iMjrEvt: DP_COMPONENT          : Voltage Swing Advertised on LEX: 2
COM6: BB: LEX: 02 13:05:31: 0000535200: iMjrEvt: DP_COMPONENT          : Pre Emphasis Advertised on LEX: 1
COM6: BB: LEX: 02 13:09:18: 0010269865: iMjrEvt: DP_STREAM_COMPONENT   : Lane Count                  = 4
COM6: BB: LEX: 02 13:09:18: 0010269883: iMjrEvt: DP_STREAM_COMPONENT   : Bandwidth                   = 5.40 Gbps
COM6: BB: LEX: 02 13:09:18: 0010269898: iMjrEvt: DP_STREAM_COMPONENT   : Enhanced Framing            = 1
COM6: BB: LEX: 02 13:09:18: 0010269906: iMjrEvt: DP_STREAM_COMPONENT   : Mvid                        = 519028
COM6: BB: LEX: 02 13:09:18: 0010269913: iMjrEvt: DP_STREAM_COMPONENT   : Nvid                        = 524288
COM6: BB: LEX: 02 13:09:18: 0010269921: iMjrEvt: DP_STREAM_COMPONENT   : H Total                     = 4000
COM6: BB: LEX: 02 13:09:18: 0010269928: iMjrEvt: DP_STREAM_COMPONENT   : H Start                     = 112
COM6: BB: LEX: 02 13:09:18: 0010269935: iMjrEvt: DP_STREAM_COMPONENT   : H Width                     = 3840
COM6: BB: LEX: 02 13:09:18: 0010269943: iMjrEvt: DP_STREAM_COMPONENT   : H Polarity                  = 0
COM6: BB: LEX: 02 13:09:18: 0010269950: iMjrEvt: DP_STREAM_COMPONENT   : H Sync Width                = 32
COM6: BB: LEX: 02 13:09:18: 0010269958: iMjrEvt: DP_STREAM_COMPONENT   : V Total                     = 2222
COM6: BB: LEX: 02 13:09:18: 0010269965: iMjrEvt: DP_STREAM_COMPONENT   : V Start                     = 59
COM6: BB: LEX: 02 13:09:18: 0010269973: iMjrEvt: DP_STREAM_COMPONENT   : V Height                    = 2160
COM6: BB: LEX: 02 13:09:18: 0010269980: iMjrEvt: DP_STREAM_COMPONENT   : V Polarity                  = 1
COM6: BB: LEX: 02 13:09:18: 0010269988: iMjrEvt: DP_STREAM_COMPONENT   : V Sync Width                = 5
COM6: BB: LEX: 02 13:09:18: 0010269995: iMjrEvt: DP_STREAM_COMPONENT   : Misc Y Only                 = 0
COM6: BB: LEX: 02 13:09:18: 0010270002: iMjrEvt: DP_STREAM_COMPONENT   : Misc Stereo                 = 0
COM6: BB: LEX: 02 13:09:18: 0010270010: iMjrEvt: DP_STREAM_COMPONENT   : Misc Int Total              = 0
COM6: BB: LEX: 02 13:09:18: 0010270017: iMjrEvt: DP_STREAM_COMPONENT   : Misc Clock Sync             = 1
COM6: BB: LEX: 02 13:09:18: 0010270024: iMjrEvt: DP_STREAM_COMPONENT   : CS Packet Length            = 450
COM6: BB: LEX: 02 13:09:18: 0010270032: iMjrEvt: DP_STREAM_COMPONENT   : Color Code                  = 0x20 and BPP = 30
COM6: BB: LEX: 02 13:09:18: 0010270040: iMjrEvt: DP_STREAM_COMPONENT   : bond_align_debug_stats      = 0xf00330
COM6: BB: LEX: 02 13:09:18: 0010270048: iMjrEvt: DP_STREAM_COMPONENT   : com_det_dbg                 = 0x88
COM6: BB: LEX: 02 13:09:18: 0010270055: iMjrEvt: DP_STREAM_COMPONENT   : fifo_rd_en_dbg              = 0x88
COM6: BB: LEX: 02 13:09:19: 0010270062: iMjrEvt: DP_STREAM_COMPONENT   : state_dbg                   = 0x44
COM6: BB: LEX: 02 13:09:19: 0010270070: iMjrEvt: DP_STREAM_COMPONENT   : TPS pattern used            = 3
COM6: BB: LEX: 02 13:09:19: 0010270077: iMjrEvt: DP_STREAM_COMPONENT   : Tu Size                     = 64
COM6: BB: LEX: 02 13:09:19: 0010270084: iMjrEvt: DP_STREAM_COMPONENT   : Frames per second           = 60011
COM6: BB: LEX: 02 13:09:19: 0010280921: iMjrEvt: DP_STREAM_COMPONENT   : **** DP STATS ****
COM6: BB: LEX: 02 13:09:19: 0010280937: iMjrEvt: DP_STREAM_COMPONENT   : vid_c0_fifo_overflow        = 0
COM6: BB: LEX: 02 13:09:19: 0010280953: iMjrEvt: DP_STREAM_COMPONENT   : vid_c0_fifo_underflow       = 0
COM6: BB: LEX: 02 13:09:19: 0010280961: iMjrEvt: DP_STREAM_COMPONENT   : vid_c0_fifo_level           = 4
COM6: BB: LEX: 02 13:09:19: 0010280968: iMjrEvt: DP_STREAM_COMPONENT   : vid_c0_fifo_level_watermark = 4
COM6: BB: LEX: 02 13:09:19: 0010280976: iMjrEvt: DP_STREAM_COMPONENT   : vid_c0_sr_full              = 0
COM6: BB: LEX: 02 13:09:19: 0010280983: iMjrEvt: DP_STREAM_COMPONENT   : vid_c1_fifo_overflow        = 0
COM6: BB: LEX: 02 13:09:19: 0010280991: iMjrEvt: DP_STREAM_COMPONENT   : vid_c1_fifo_underflow       = 0
COM6: BB: LEX: 02 13:09:19: 0010280998: iMjrEvt: DP_STREAM_COMPONENT   : vid_c1_fifo_level           = 4
COM6: BB: LEX: 02 13:09:19: 0010281006: iMjrEvt: DP_STREAM_COMPONENT   : vid_c1_fifo_level_watermark = 4
COM6: BB: LEX: 02 13:09:19: 0010281013: iMjrEvt: DP_STREAM_COMPONENT   : vid_c1_sr_full              = 0
COM6: BB: LEX: 02 13:09:19: 0010281020: iMjrEvt: DP_STREAM_COMPONENT   : vid_c2_fifo_overflow        = 0
COM6: BB: LEX: 02 13:09:19: 0010281028: iMjrEvt: DP_STREAM_COMPONENT   : vid_c2_fifo_underflow       = 0
COM6: BB: LEX: 02 13:09:19: 0010281035: iMjrEvt: DP_STREAM_COMPONENT   : vid_c2_fifo_level           = 3
COM6: BB: LEX: 02 13:09:19: 0010281042: iMjrEvt: DP_STREAM_COMPONENT   : vid_c2_fifo_level_watermark = 3
COM6: BB: LEX: 02 13:09:19: 0010281050: iMjrEvt: DP_STREAM_COMPONENT   : vid_c2_sr_full              = 0
COM6: BB: LEX: 02 13:09:19: 0010281058: iMjrErr: DP_STREAM_COMPONENT   : **** DP GTP STATS ****
COM6: BB: LEX: 02 13:09:19: 0010281065: iMjrEvt: DP_STREAM_COMPONENT   : dp_lane0_rxbyterealign_cnt          = 0
COM6: BB: LEX: 02 13:09:19: 0010281073: iMjrEvt: DP_STREAM_COMPONENT   : dp_lane1_rxbyterealign_cnt          = 0
COM6: BB: LEX: 02 13:09:19: 0010281080: iMjrEvt: DP_STREAM_COMPONENT   : dp_lane2_rxbyterealign_cnt          = 0
COM6: BB: LEX: 02 13:09:19: 0010281087: iMjrEvt: DP_STREAM_COMPONENT   : dp_lane3_rxbyterealign_cnt          = 0
COM6: BB: LEX: 02 13:09:19: 0010281099: iMjrEvt: DP_COMPONENT          : Voltage Swing Advertised on LEX: 2
COM6: BB: LEX: 02 13:09:19: 0010281110: iMjrEvt: DP_COMPONENT          : Pre Emphasis Advertised on LEX: 1
COM6: BB: LEX: 02 13:09:19: 0011551168: iMjrErr: DP_STREAM_COMPONENT   : **** DP SDP FIFO STATS ****
COM6: BB: LEX: 02 13:09:19: 0011551185: iMjrEvt: DP_STREAM_COMPONENT   : sdp_fifo_status_full                = 0
COM6: BB: LEX: 02 13:09:19: 0011551205: iMjrEvt: DP_STREAM_COMPONENT   : sdp_fifo_status_empty               = 181
COM6: BB: LEX: 02 13:09:19: 0011551216: iMjrEvt: DP_STREAM_COMPONENT   : sdp_fifo_status_overflow            = 0
COM6: BB: LEX: 02 13:09:20: 0011551226: iMjrEvt: DP_STREAM_COMPONENT   : sdp_fifo_status_underflow           = 0
COM6: BB: LEX: 02 13:09:20: 0011551238: iMjrEvt: DP_STREAM_COMPONENT   : sdp_fifo_status_level               = 0
COM6: BB: LEX: 02 13:09:20: 0011551250: iMjrEvt: DP_STREAM_COMPONENT   : sdp_fifo_status_level_watermark     = 5
COM6: BB: LEX: 02 13:09:20: 0011551260: iMjrEvt: DP_STREAM_COMPONENT   : sdp_ss_se_same_cycle_byte_num       = 0x12
COM6: BB: LEX: 02 13:09:20: 0011551270: iMjrEvt: DP_STREAM_COMPONENT   : sdp_pkt_sent_cnt                    = 204
COM6: BB: LEX: 02 13:09:20: 0011551280: iMjrEvt: DP_STREAM_COMPONENT   : sdp_pkt_sent_cnt_watermark          = 255
COM6: BB: LEX: 02 13:09:20: 0011551290: iMjrErr: DP_STREAM_COMPONENT   : **** DP SDP TAG FIFO STATS ****
COM6: BB: LEX: 02 13:09:20: 0011551300: iMjrEvt: DP_STREAM_COMPONENT   : sdp_tag_fifo_status_full            = 0
COM6: BB: LEX: 02 13:09:20: 0011551310: iMjrEvt: DP_STREAM_COMPONENT   : sdp_tag_fifo_status_empty           = 1
COM6: BB: LEX: 02 13:09:20: 0011551320: iMjrEvt: DP_STREAM_COMPONENT   : sdp_tag_fifo_status_overflow        = 0
COM6: BB: LEX: 02 13:09:20: 0011551331: iMjrEvt: DP_STREAM_COMPONENT   : sdp_tag_fifo_status_underflow       = 0
COM6: BB: LEX: 02 13:09:20: 0011551341: iMjrEvt: DP_STREAM_COMPONENT   : sdp_tag_fifo_status_level           = 0
COM6: BB: LEX: 02 13:09:20: 0011551351: iMjrEvt: DP_STREAM_COMPONENT   : sdp_tag_fifo_status_level_watermark = 2
COM6: BB: LEX: 02 13:09:20: 0011551366: iMjrEvt: DP_STREAM_COMPONENT   : DP sdp vbid = 0x0 || Maud = 212 || Mvid = 116
COM6: BB: LEX: 02 13:10:20: 0004762611: iMjrEvt: DP_COMPONENT          : LinkTR: old state = 14, new state = 14 on event = 14
COM6: BB: LEX: 02 13:10:20: 0004868014: iMjrEvt: DP_COMPONENT          : LinkTR: old state = 14, new state = 14 on event = 14
COM6: BB: LEX: 02 13:10:22: 0007413089: iMjrEvt: DP_COMPONENT          : LinkTR: old state = 14, new state = 14 on event = 14
COM6: BB: LEX: 02 13:10:25: 0009648194: iMjrEvt: DP_COMPONENT          : LinkTR: old state = 14, new state = 14 on event = 14
COM6: BB: LEX: 02 13:10:27: 0011831182: iMjrEvt: DP_COMPONENT          : LinkTR: old state = 14, new state = 14 on event = 14
COM6: BB: LEX: 02 13:10:29: 0013763628: iMjrEvt: DP_COMPONENT          : LinkTR: old state = 14, new state = 14 on event = 14
COM6: BB: LEX: 02 13:10:31: 0016394776: iMjrEvt: DP_COMPONENT          : LinkTR: old state = 14, new state = 14 on event = 14
COM6: BB: LEX: 02 13:10:33: 0001563113: iMjrEvt: DP_COMPONENT          : LinkTR: old state = 14, new state = 14 on event = 14
COM6: BB: LEX: 02 13:10:33: 0001670176: iMjrEvt: DP_COMPONENT          : LinkTR: old state = 14, new state = 14 on event = 14
COM6: BB: LEX: 02 13:10:33: 0001703255: iMjrEvt: DP_COMPONENT          : LinkTR: old state = 14, new state = 14 on event = 14
COM6: BB: LEX: 02 13:10:35: 0003675071: iMjrEvt: DP_COMPONENT          : LinkTR: old state = 14, new state = 14 on event = 14
COM6: BB: LEX: 02 13:10:37: 0005636202: iMjrEvt: DP_COMPONENT          : LinkTR: old state = 14, new state = 14 on event = 14
COM6: BB: LEX: 02 13:10:39: 0007567149: iMjrEvt: DP_COMPONENT          : LinkTR: old state = 14, new state = 14 on event = 14
COM6: BB: LEX: 02 13:10:41: 0009567459: iMjrEvt: DP_COMPONENT          : LinkTR: old state = 14, new state = 14 on event = 14
COM6: BB: LEX: 02 13:10:43: 0011498032: iMjrEvt: DP_COMPONENT          : LinkTR: old state = 14, new state = 14 on event = 14
COM6: BB: LEX: 02 13:10:43: 0011531080: iMjrEvt: DP_COMPONENT          : LinkTR: old state = 14, new state = 14 on event = 14
COM6: BB: LEX: 02 13:10:45: 0013460019: iMjrEvt: DP_COMPONENT          : LinkTR: old state = 14, new state = 14 on event = 14
COM6: BB: LEX: 02 13:10:47: 0015400369: iMjrEvt: DP_COMPONENT          : LinkTR: old state = 14, new state = 14 on event = 14
COM6: BB: LEX: 02 13:10:49: 0000552726: iMjrEvt: DP_COMPONENT          : LinkTR: old state = 14, new state = 14 on event = 14
COM6: BB: LEX: 02 13:11:18: 0012478408: iMjrErr: DP_STREAM_COMPONENT   : **** DP SDP FIFO STATS ****
COM6: BB: LEX: 02 13:11:18: 0012478425: iMjrEvt: DP_STREAM_COMPONENT   : sdp_fifo_status_full                = 0
COM6: BB: LEX: 02 13:11:18: 0012478445: iMjrEvt: DP_STREAM_COMPONENT   : sdp_fifo_status_empty               = 184
COM6: BB: LEX: 02 13:11:18: 0012478456: iMjrEvt: DP_STREAM_COMPONENT   : sdp_fifo_status_overflow            = 0
COM6: BB: LEX: 02 13:11:18: 0012478466: iMjrEvt: DP_STREAM_COMPONENT   : sdp_fifo_status_underflow           = 0
COM6: BB: LEX: 02 13:11:18: 0012478478: iMjrEvt: DP_STREAM_COMPONENT   : sdp_fifo_status_level               = 0
COM6: BB: LEX: 02 13:11:18: 0012478490: iMjrEvt: DP_STREAM_COMPONENT   : sdp_fifo_status_level_watermark     = 5
COM6: BB: LEX: 02 13:11:18: 0012478500: iMjrEvt: DP_STREAM_COMPONENT   : sdp_ss_se_same_cycle_byte_num       = 0x48
COM6: BB: LEX: 02 13:11:18: 0012478510: iMjrEvt: DP_STREAM_COMPONENT   : sdp_pkt_sent_cnt                    = 238
COM6: BB: LEX: 02 13:11:18: 0012478520: iMjrEvt: DP_STREAM_COMPONENT   : sdp_pkt_sent_cnt_watermark          = 255
COM6: BB: LEX: 02 13:11:18: 0012478530: iMjrErr: DP_STREAM_COMPONENT   : **** DP SDP TAG FIFO STATS ****
COM6: BB: LEX: 02 13:11:18: 0012478540: iMjrEvt: DP_STREAM_COMPONENT   : sdp_tag_fifo_status_full            = 0
COM6: BB: LEX: 02 13:11:18: 0012478550: iMjrEvt: DP_STREAM_COMPONENT   : sdp_tag_fifo_status_empty           = 39
COM6: BB: LEX: 02 13:11:18: 0012478560: iMjrEvt: DP_STREAM_COMPONENT   : sdp_tag_fifo_status_overflow        = 0
COM6: BB: LEX: 02 13:11:18: 0012478571: iMjrEvt: DP_STREAM_COMPONENT   : sdp_tag_fifo_status_underflow       = 0
COM6: BB: LEX: 02 13:11:18: 0012478581: iMjrEvt: DP_STREAM_COMPONENT   : sdp_tag_fifo_status_level           = 0
COM6: BB: LEX: 02 13:11:18: 0012478591: iMjrEvt: DP_STREAM_COMPONENT   : sdp_tag_fifo_status_level_watermark = 2
COM6: BB: LEX: 02 13:11:18: 0012478606: iMjrEvt: DP_STREAM_COMPONENT   : DP sdp vbid = 0x0 || Maud = 212 || Mvid = 116
COM6: BB: LEX: 02 13:11:20: 0014718694: iMjrErr: DP_STREAM_COMPONENT   : **** DP SDP FIFO STATS ****
COM6: BB: LEX: 02 13:11:20: 0014718711: iMjrEvt: DP_STREAM_COMPONENT   : sdp_fifo_status_full                = 0
COM6: BB: LEX: 02 13:11:20: 0014718731: iMjrEvt: DP_STREAM_COMPONENT   : sdp_fifo_status_empty               = 239
COM6: BB: LEX: 02 13:11:20: 0014718742: iMjrEvt: DP_STREAM_COMPONENT   : sdp_fifo_status_overflow            = 0
COM6: BB: LEX: 02 13:11:20: 0014718752: iMjrEvt: DP_STREAM_COMPONENT   : sdp_fifo_status_underflow           = 0
COM6: BB: LEX: 02 13:11:20: 0014718763: iMjrEvt: DP_STREAM_COMPONENT   : sdp_fifo_status_level               = 0
COM6: BB: LEX: 02 13:11:20: 0014718776: iMjrEvt: DP_STREAM_COMPONENT   : sdp_fifo_status_level_watermark     = 5
COM6: BB: LEX: 02 13:11:20: 0014718786: iMjrEvt: DP_STREAM_COMPONENT   : sdp_ss_se_same_cycle_byte_num       = 0x48
COM6: BB: LEX: 02 13:11:20: 0014718796: iMjrEvt: DP_STREAM_COMPONENT   : sdp_pkt_sent_cnt                    = 7
COM6: BB: LEX: 02 13:11:20: 0014718806: iMjrEvt: DP_STREAM_COMPONENT   : sdp_pkt_sent_cnt_watermark          = 255
COM6: BB: LEX: 02 13:11:20: 0014718815: iMjrErr: DP_STREAM_COMPONENT   : **** DP SDP TAG FIFO STATS ****
COM6: BB: LEX: 02 13:11:20: 0014718825: iMjrEvt: DP_STREAM_COMPONENT   : sdp_tag_fifo_status_full            = 0
COM6: BB: LEX: 02 13:11:20: 0014718836: iMjrEvt: DP_STREAM_COMPONENT   : sdp_tag_fifo_status_empty           = 69
COM6: BB: LEX: 02 13:11:20: 0014718846: iMjrEvt: DP_STREAM_COMPONENT   : sdp_tag_fifo_status_overflow        = 0
COM6: BB: LEX: 02 13:11:20: 0014718857: iMjrEvt: DP_STREAM_COMPONENT   : sdp_tag_fifo_status_underflow       = 0
COM6: BB: LEX: 02 13:11:20: 0014718867: iMjrEvt: DP_STREAM_COMPONENT   : sdp_tag_fifo_status_level           = 0
COM6: BB: LEX: 02 13:11:20: 0014718876: iMjrEvt: DP_STREAM_COMPONENT   : sdp_tag_fifo_status_level_watermark = 2
COM6: BB: LEX: 02 13:11:20: 0014718892: iMjrEvt: DP_STREAM_COMPONENT   : DP sdp vbid = 0x0 || Maud = 216 || Mvid = 116
COM6: BB: LEX: 02 13:11:22: 0016494644: iMjrEvt: DP_STREAM_COMPONENT   : Lane Count                  = 4
COM6: BB: LEX: 02 13:11:22: 0016494661: iMjrEvt: DP_STREAM_COMPONENT   : Bandwidth                   = 5.40 Gbps
COM6: BB: LEX: 02 13:11:22: 0016494677: iMjrEvt: DP_STREAM_COMPONENT   : Enhanced Framing            = 1
COM6: BB: LEX: 02 13:11:22: 0016494684: iMjrEvt: DP_STREAM_COMPONENT   : Mvid                        = 519028
COM6: BB: LEX: 02 13:11:22: 0016494691: iMjrEvt: DP_STREAM_COMPONENT   : Nvid                        = 524288
COM6: BB: LEX: 02 13:11:22: 0016494699: iMjrEvt: DP_STREAM_COMPONENT   : H Total                     = 4000
COM6: BB: LEX: 02 13:11:22: 0016494706: iMjrEvt: DP_STREAM_COMPONENT   : H Start                     = 112
COM6: BB: LEX: 02 13:11:22: 0016494714: iMjrEvt: DP_STREAM_COMPONENT   : H Width                     = 3840
COM6: BB: LEX: 02 13:11:22: 0016494721: iMjrEvt: DP_STREAM_COMPONENT   : H Polarity                  = 0
COM6: BB: LEX: 02 13:11:22: 0016494729: iMjrEvt: DP_STREAM_COMPONENT   : H Sync Width                = 32
COM6: BB: LEX: 02 13:11:22: 0016494736: iMjrEvt: DP_STREAM_COMPONENT   : V Total                     = 2222
COM6: BB: LEX: 02 13:11:22: 0016494744: iMjrEvt: DP_STREAM_COMPONENT   : V Start                     = 59
COM6: BB: LEX: 02 13:11:22: 0016494751: iMjrEvt: DP_STREAM_COMPONENT   : V Height                    = 2160
COM6: BB: LEX: 02 13:11:22: 0016494758: iMjrEvt: DP_STREAM_COMPONENT   : V Polarity                  = 1
COM6: BB: LEX: 02 13:11:22: 0016494766: iMjrEvt: DP_STREAM_COMPONENT   : V Sync Width                = 5
COM6: BB: LEX: 02 13:11:22: 0016494773: iMjrEvt: DP_STREAM_COMPONENT   : Misc Y Only                 = 0
COM6: BB: LEX: 02 13:11:22: 0016494780: iMjrEvt: DP_STREAM_COMPONENT   : Misc Stereo                 = 0
COM6: BB: LEX: 02 13:11:22: 0016494788: iMjrEvt: DP_STREAM_COMPONENT   : Misc Int Total              = 0
COM6: BB: LEX: 02 13:11:22: 0016494795: iMjrEvt: DP_STREAM_COMPONENT   : Misc Clock Sync             = 1
COM6: BB: LEX: 02 13:11:22: 0016494803: iMjrEvt: DP_STREAM_COMPONENT   : CS Packet Length            = 450
COM6: BB: LEX: 02 13:11:22: 0016494810: iMjrEvt: DP_STREAM_COMPONENT   : Color Code                  = 0x20 and BPP = 30
COM6: BB: LEX: 02 13:11:22: 0016494818: iMjrEvt: DP_STREAM_COMPONENT   : bond_align_debug_stats      = 0xf00330
COM6: BB: LEX: 02 13:11:22: 0016494826: iMjrEvt: DP_STREAM_COMPONENT   : com_det_dbg                 = 0x88
COM6: BB: LEX: 02 13:11:22: 0016494833: iMjrEvt: DP_STREAM_COMPONENT   : fifo_rd_en_dbg              = 0x88
COM6: BB: LEX: 02 13:11:22: 0016494840: iMjrEvt: DP_STREAM_COMPONENT   : state_dbg                   = 0x44
COM6: BB: LEX: 02 13:11:22: 0016494848: iMjrEvt: DP_STREAM_COMPONENT   : TPS pattern used            = 3
COM6: BB: LEX: 02 13:11:22: 0016494855: iMjrEvt: DP_STREAM_COMPONENT   : Tu Size                     = 64
COM6: BB: LEX: 02 13:11:22: 0016494863: iMjrEvt: DP_STREAM_COMPONENT   : Frames per second           = 60011
COM6: BB: LEX: 02 13:11:22: 0016505699: iMjrEvt: DP_STREAM_COMPONENT   : **** DP STATS ****
COM6: BB: LEX: 02 13:11:22: 0016505715: iMjrEvt: DP_STREAM_COMPONENT   : vid_c0_fifo_overflow        = 0
COM6: BB: LEX: 02 13:11:22: 0016505731: iMjrEvt: DP_STREAM_COMPONENT   : vid_c0_fifo_underflow       = 0
COM6: BB: LEX: 02 13:11:22: 0016505739: iMjrEvt: DP_STREAM_COMPONENT   : vid_c0_fifo_level           = 0
COM6: BB: LEX: 02 13:11:22: 0016505747: iMjrEvt: DP_STREAM_COMPONENT   : vid_c0_fifo_level_watermark = 4
COM6: BB: LEX: 02 13:11:22: 0016505754: iMjrEvt: DP_STREAM_COMPONENT   : vid_c0_sr_full              = 0
COM6: BB: LEX: 02 13:11:22: 0016505762: iMjrEvt: DP_STREAM_COMPONENT   : vid_c1_fifo_overflow        = 0
COM6: BB: LEX: 02 13:11:22: 0016505769: iMjrEvt: DP_STREAM_COMPONENT   : vid_c1_fifo_underflow       = 0
COM6: BB: LEX: 02 13:11:22: 0016505776: iMjrEvt: DP_STREAM_COMPONENT   : vid_c1_fifo_level           = 4
COM6: BB: LEX: 02 13:11:22: 0016505784: iMjrEvt: DP_STREAM_COMPONENT   : vid_c1_fifo_level_watermark = 4
COM6: BB: LEX: 02 13:11:22: 0016505791: iMjrEvt: DP_STREAM_COMPONENT   : vid_c1_sr_full              = 0
COM6: BB: LEX: 02 13:11:22: 0016505798: iMjrEvt: DP_STREAM_COMPONENT   : vid_c2_fifo_overflow        = 0
COM6: BB: LEX: 02 13:11:22: 0016505806: iMjrEvt: DP_STREAM_COMPONENT   : vid_c2_fifo_underflow       = 0
COM6: BB: LEX: 02 13:11:22: 0016505813: iMjrEvt: DP_STREAM_COMPONENT   : vid_c2_fifo_level           = 3
COM6: BB: LEX: 02 13:11:22: 0016505820: iMjrEvt: DP_STREAM_COMPONENT   : vid_c2_fifo_level_watermark = 3
COM6: BB: LEX: 02 13:11:22: 0016505828: iMjrEvt: DP_STREAM_COMPONENT   : vid_c2_sr_full              = 0
COM6: BB: LEX: 02 13:11:22: 0016505836: iMjrErr: DP_STREAM_COMPONENT   : **** DP GTP STATS ****
COM6: BB: LEX: 02 13:11:22: 0016505843: iMjrEvt: DP_STREAM_COMPONENT   : dp_lane0_rxbyterealign_cnt          = 0
COM6: BB: LEX: 02 13:11:22: 0016505851: iMjrEvt: DP_STREAM_COMPONENT   : dp_lane1_rxbyterealign_cnt          = 0
COM6: BB: LEX: 02 13:11:22: 0016505858: iMjrEvt: DP_STREAM_COMPONENT   : dp_lane2_rxbyterealign_cnt          = 0
COM6: BB: LEX: 02 13:11:22: 0016505865: iMjrEvt: DP_STREAM_COMPONENT   : dp_lane3_rxbyterealign_cnt          = 0
COM6: BB: LEX: 02 13:11:22: 0016505877: iMjrEvt: DP_COMPONENT          : Voltage Swing Advertised on LEX: 2
COM6: BB: LEX: 02 13:11:22: 0016505888: iMjrEvt: DP_COMPONENT          : Pre Emphasis Advertised on LEX: 1
COM6: BB: LEX: 02 13:13:25: 0005146326: iMjrEvt: DP_COMPONENT          : Aux got DP ISR Type = 0x80000000
COM6: BB: LEX: 02 13:13:25: 0005146355: iMjrEvt: DP_COMPONENT          : Policy maker: old state = 10, new state = 10 on event = 24
COM6: BB: LEX: 02 13:13:25: 0005843395: iMjrEvt: DP_COMPONENT          : Aux got DP ISR Type = 0x80000000
COM6: BB: LEX: 02 13:13:25: 0005843424: iMjrEvt: DP_COMPONENT          : Policy maker: old state = 10, new state = 10 on event = 24
COM6: BB: LEX: 02 13:16:51: 0009657236: ISTATUS ICRON Technologies Software Version v255.255.255
COM6: BB: LEX: 02 13:16:51: 0009657263: ISTATUS SW build was done on 2019/10/01
COM6: BB: LEX: 02 13:16:51: 0009657282: ISTATUS SW build was done at 15:24:40
COM6: BB: LEX: 02 13:16:51: 0009657297: ISTATUS This device is a Lex
COM6: BB: LEX: 02 13:16:51: 0009657310: ISTATUS Chip ID is Major 0x17, Minor 0x1, Debug 0x1
COM6: BB: LEX: 02 13:16:51: 0009657326: ISTATUS Chip build date 2019/09/09
COM6: BB: LEX: 02 13:16:51: 0009657341: ISTATUS Chip build time 12:13:16
COM6: BB: LEX:  15:36:37.245:   
COM6: BB: LEX:  15:36:38.630: 
COM6: BB: LEX:  15:36:38.754: 
COM6: BB: LEX:  15:36:38.771: 
COM6: BB: LEX:  15:36:38.787: 
COM6: BB: LEX:  15:36:38.818: 
COM6: BB: LEX:  15:36:38.829: 
COM6: BB: LEX:  15:36:38.837:  
COM6: BB: LEX:  15:36:38.851:  
COM6: BB: LEX:  15:36:38.862: 
COM6: BB: LEX:  15:36:38.875: 
COM6: BB: LEX:  15:36:38.885: 
COM6: BB: LEX:  15:36:38.902: Software Info message: FPGA Chip ID Major 17 Minor 1 Debug 1 HW build was done on 2019/09/09 at 12:13:16 FallbackStatus 0x0
Bootrom ID Major 0 Minor 12 Software revision Major 255 Minor 255 Debug 255 SW build was done on 2019/10/02 at 14:25:53 this is LEX
COM6: BB: LEX: 02 15:36:38: 0000002926: iMinEvt: FLASH_DATA_COMPONENT  : Block number 0 address 0xc0b00000 status 1
COM6: BB: LEX: 02 15:36:38: 0000014747: iMinEvt: FLASH_DATA_COMPONENT  : Block number 1 address 0xc0b10000 status 0
COM6: BB: LEX: 02 15:36:38: 0000026550: iMinEvt: FLASH_DATA_COMPONENT  : *** Flash Vars erased header data found, from address c0b000d4, 65312 bytes
COM6: BB: LEX: 02 15:36:38: 0000026569: iMinEvt: FLASH_DATA_COMPONENT  : Flash storage initialization - status 0 active block 0 used space = 0xd4
COM6: BB: LEX: 02 15:36:38: 0000039271: iMjrErr: TOPLEVEL_COMPONENT    :   *** This is a PlugTest Image ***
COM6: BB: LEX: 02 15:36:38: 0000257815: iMjrErr: DP_COMPONENT          : ****** DP ISOLATED LEX DISABLED *******
COM6: BB: LEX: 02 15:36:38: 0000257835: iDbgGrn: DP_AUX_COMPONENT      : Clearing the AUX trans buffer
COM6: BB: LEX: 02 15:36:38: 0000262376: ISTATUS DP not in over current state
COM6: BB: LEX: 02 15:36:38: 0000262394: ISTATUS DP not in over current state
COM6: BB: LEX: 02 15:36:38: 0000262429: iMjrEvt: DP_AUX_COMPONENT      : Generating HPD down event
COM6: BB: LEX: 02 15:36:38: 0000262439: iMjrEvt: DP_STREAM_COMPONENT   : Reset DP Sink = 1 | (1:reset, 0:take out of reset)
COM6: BB: LEX: 02 15:36:38: 0000262447: iMjrEvt: DP_STREAM_COMPONENT   : Reset TICO Encoder = 1 | (1:reset, 0:take out of reset)
COM6: BB: LEX: 02 15:36:38: 0000262466: iMjrEvt: DP_COMPONENT          : LinkTR: old state = 0, new state = 0 on event = 0
COM6: BB: LEX: 02 15:36:38: 0000262488: iMjrEvt: DP_COMPONENT          : Policy maker: old state = 0, new state = 0 on event = 0
COM6: BB: LEX: 02 15:36:38: 0000262504: iMjrEvt: DP_COMPONENT          : Policy maker: old state = 0, new state = 1 on event = 2
COM6: BB: LEX: 02 15:36:39: 0000262531: iUsrLog: DP_COMPONENT          : Enable AUX over UART = 0
COM6: BB: LEX: 02 15:36:39: 0000262544: iMjrEvt: DP_COMPONENT          : Policy maker: old state = 1, new state = 1 on event = 0
COM6: BB: LEX: 02 15:36:39: 0000262574: iMjrEvt: DP_COMPONENT          : LinkTR: old state = 0, new state = 0 on event = 3
COM6: BB: LEX: 02 15:36:39: 0000262586: iMjrEvt: DP_COMPONENT          : LinkTR: old state = 0, new state = 0 on event = 3
COM6: BB: LEX: 02 15:36:39: 0000263685: iMjrEvt: DP_COMPONENT          : LinkTR: old state = 0, new state = 0 on event = 4
COM6: BB: LEX:  15:36:39.046: GE DBG:
COM6: BB: LEX:  15:36:39.055: Goldenears SW 255.255.255
COM6: BB: LEX:  15:36:39.062: GE DBG:
COM6: BB: LEX:  15:36:39.071: ASIC rev. B detected
COM6: BB: LEX: 02 15:36:39: 0000518014: iMjrEvt: DP_COMPONENT          : Policy maker: old state = 1, new state = 2 on event = 17
COM6: BB: LEX: 02 15:36:39: 0000518037: iMjrEvt: DP_COMPONENT          : AUX Got Host Connection Msg = 0
COM6: BB: LEX: 02 15:36:39: 0000518055: iMjrEvt: DP_COMPONENT          : Policy maker: old state = 2, new state = 2 on event = 0
COM6: BB: LEX: 02 15:36:39: 0000518067: iMjrEvt: DP_COMPONENT          : Policy maker: old state = 2, new state = 2 on event = 9
COM6: BB: LEX: 02 15:36:39: 0002311014: iMjrEvt: DP_COMPONENT          : LinkTR: old state = 0, new state = 1 on event = 21
COM6: BB: LEX: 02 15:36:39: 0002311037: iMjrEvt: DP_COMPONENT          : LinkTR: old state = 1, new state = 1 on event = 0
COM6: BB: LEX: 02 15:36:39: 0002410987: ISTATUS ** Host DP connected **
COM6: BB: LEX: 02 15:36:39: 0002411001: iMjrEvt: DP_COMPONENT          : AUX Got Host Connection Msg = 1
COM6: BB: LEX: 02 15:36:39: 0002411026: iUsrLog: DP_COMPONENT          : Enable AUX over UART = 0
COM6: BB: LEX: 02 15:36:39: 0002411039: iMjrEvt: DP_COMPONENT          : Policy maker: old state = 2, new state = 2 on event = 8
COM6: BB: LEX: 02 15:36:44: 0006827906: ISTATUS Data Link Operational, CATx at 10Gbps
COM6: BB: LEX: 02 15:36:51: 0006896944: iFtlErr: DP_AUX_COMPONENT      : RECEIVED AUX TRANSACTION WITH INVALID SIZE 21 !!!!!!!!!!!!!!!!!!!!!!!!!!!!!!!!!!!!!!!!!!!!!!!!!!!
COM6: BB: LEX: 02 15:37:01: 0016699160: ISTATUS Data Link Disconnected
