COM5: BB: REX: 01 13:06:15: 0006391817: ISTATUS Data Link Disconnected
COM5: BB: REX: 01 13:06:15: 0006391834: iMjrEvt: DP_COMPONENT          : AUX Got Phy Link Msg = 0
COM5: BB: REX:  14:08:52.790: Software Info message: FPGA Chip ID Major 17 Minor 1 Debug 1 HW build was done on 2019/09/09 at 12:13:16 FallbackStatus 0x0
Bootrom ID Major 0 Minor 12 Software revision Major 0 Minor 0 Debug 70 SW build was done on 2019/09/19 at 15:19:44 this is REX
COM5: BB: REX: 01 14:08:52: 0000002640: iMinEvt: FLASH_DATA_COMPONENT  : Block number 0 address 0xc0b00000 status 1
COM5: BB: REX: 01 14:08:52: 0000014461: iMinEvt: FLASH_DATA_COMPONENT  : Block number 1 address 0xc0b10000 status 0
COM5: BB: REX: 01 14:08:52: 0000026195: iMinEvt: FLASH_DATA_COMPONENT  : *** Flash Vars erased header data found, from address c0b00374, 64640 bytes
COM5: BB: REX: 01 14:08:52: 0000026215: iMinEvt: FLASH_DATA_COMPONENT  : Flash storage initialization - status 0 active block 0 used space = 0x374
COM5: BB: REX: 01 14:08:52: 0000040454: iMjrErr: TOPLEVEL_COMPONENT    :   *** This is a PlugTest Image ***
COM5: BB: REX: 01 14:08:53: 0000258759: iMjrErr: DP_COMPONENT          : ****** DP ISOLATED REX DISABLED *******
COM5: BB: REX: 01 14:08:53: 0000258779: iDbgGrn: DP_AUX_COMPONENT      : Clearing the AUX trans buffer
COM5: BB: REX: 01 14:08:53: 0000259671: ISTATUS DP not in over current state
COM5: BB: REX: 01 14:08:53: 0000259690: ISTATUS DP not in over current state
COM5: BB: REX: 01 14:08:53: 0000259732: iMjrEvt: DP_COMPONENT          : Policy maker: old state = 0, new state = 0 on event = 0
COM5: BB: REX: 01 14:08:53: 0000259753: iMjrEvt: DP_COMPONENT          : Policy maker: old state = 0, new state = 1 on event = 2
COM5: BB: REX: 01 14:08:53: 0000259791: iUsrLog: DP_COMPONENT          : Enable AUX over UART = 0
COM5: BB: REX: 01 14:08:53: 0000259800: iMjrEvt: DP_COMPONENT          : Policy maker: old state = 1, new state = 1 on event = 0
COM5: BB: REX: 01 14:08:53: 0000259828: iMjrEvt: DP_COMPONENT          : LinkTR: old state = 0, new state = 0 on event = 3
COM5: BB: REX: 01 14:08:53: 0000259846: iMjrEvt: DP_COMPONENT          : LinkTR: old state = 0, new state = 0 on event = 3
COM5: BB: REX:  14:08:53.179: GE DBG:
COM5: BB: REX:  14:08:53.193: Goldenears SW 0.1.4
COM5: BB: REX:  14:08:53.208: GE DBG:
COM5: BB: REX:  14:08:53.217: ASIC rev. B detected
COM5: BB: REX: 01 14:08:53: 0000669367: iMjrEvt: DP_COMPONENT          : Policy maker: old state = 1, new state = 1 on event = 16
COM5: BB: REX: 01 14:08:56: 0003326981: ISTATUS ** Monitor connected **
COM5: BB: REX: 01 14:08:56: 0003326995: iMjrEvt: DP_COMPONENT          : Got HPD up event
COM5: BB: REX: 01 14:08:56: 0003327017: iMjrEvt: DP_COMPONENT          : Policy maker: old state = 1, new state = 1 on event = 8
