2019-10-03 08:06:20,625 INFO: Cobs 1.1.3 release - June 25, 2019 on IronPython 2.7.5.0 on .NET 4.0.30319.42000
2019-10-03 08:06:20,789 INFO: Executing startup script
2019-10-03 08:06:25,840 INFO: Open Icron file button is clicked
2019-10-03 08:06:28,365 INFO: C:\Users\Sumit.Rathore\Desktop\dp_cobs\icron_file
2019-10-03 08:06:29,556 INFO: Icron file path is changed C:\Users\Sumit.Rathore\Desktop\dp_cobs\icron_file\cobs_plug_test_debug.icron
2019-10-03 08:06:36,971 INFO: Icron file is loaded C:\Users\Sumit.Rathore\Desktop\dp_cobs\icron_file\cobs_plug_test_debug.icron
2019-10-03 08:06:37,610 INFO: Add Device button is clicked
2019-10-03 08:06:37,743 INFO: COM5: blackbird: Icron model is loaded C:\Users\Sumit.Rathore\Desktop\70\rex_imcd_to_force_last_tu_4\cobs_plug_test_debug.icron
2019-10-03 08:06:38,549 INFO: FPGA image : False
2019-10-03 08:06:38,620 INFO: COM5: blackbird: Device is created
2019-10-03 08:06:38,632 INFO: COM5: goldenears: Icron model is loaded C:\Users\Sumit.Rathore\Desktop\70\rex_imcd_to_force_last_tu_4\cobs_plug_test_debug.icron
2019-10-03 08:06:38,684 INFO: FPGA image : True
2019-10-03 08:06:38,726 INFO: COM5: goldenears: Device is created
2019-10-03 08:06:39,808 INFO: Device client goldenears connected to COM5 is removed
2019-10-03 08:06:44,854 INFO: Add Device button is clicked
2019-10-03 08:06:44,859 INFO: COM6: blackbird: Icron model is loaded C:\Users\Sumit.Rathore\Desktop\70\rex_imcd_to_force_last_tu_4\cobs_plug_test_debug.icron
2019-10-03 08:06:45,000 INFO: FPGA image : False
2019-10-03 08:06:45,050 INFO: COM6: blackbird: Device is created
2019-10-03 08:06:45,092 INFO: COM6: goldenears: Icron model is loaded C:\Users\Sumit.Rathore\Desktop\70\rex_imcd_to_force_last_tu_4\cobs_plug_test_debug.icron
2019-10-03 08:06:45,174 INFO: FPGA image : True
2019-10-03 08:06:45,211 INFO: COM6: goldenears: Device is created
2019-10-03 08:06:46,262 INFO: Device client goldenears connected to COM6 is removed
2019-10-03 08:06:46,812 INFO: COM5: Serial port disposed event occurred
2019-10-03 08:06:53,155 INFO: COM6: Serial port disposed event occurred
2019-10-03 08:06:55,027 INFO: COM5: blackbird: Device has no response for device info query
2019-10-03 08:07:01,406 INFO: COM6: blackbird: Device has no response for device info query
2019-10-03 08:07:08,702 INFO: COM6: blackbird: Received an invalid packet=[128]
2019-10-03 08:07:09,078 INFO: COM6: blackbird: Received an invalid packet=[138]
2019-10-03 08:07:09,084 INFO: COM6: blackbird: Received an invalid packet=[33]
2019-10-03 08:07:09,092 INFO: COM6: blackbird: Received an invalid packet=[1, 31]
2019-10-03 08:07:09,097 INFO: COM6: blackbird: Received an invalid packet=[0]
2019-10-03 08:07:09,105 INFO: COM6: blackbird: Received an invalid packet=[69]
2019-10-03 08:07:09,115 INFO: COM6: blackbird: Received an invalid packet=[197]
2019-10-03 08:07:09,125 INFO: COM6: blackbird: Received an invalid packet=[34]
2019-10-03 08:07:09,129 INFO: COM6: blackbird: Received an invalid packet=[254]
2019-10-03 08:07:09,147 INFO: COM6: blackbird: Received an invalid packet=[176]
2019-10-03 08:07:09,185 INFO: COM6: blackbird: Received an invalid packet=[138]
2019-10-03 08:07:09,215 INFO: COM6: blackbird: Received an invalid packet=[248]
2019-10-03 08:07:09,224 INFO: COM6: blackbird: Received an invalid packet=[224]
2019-10-03 08:07:09,239 INFO: COM6: blackbird: Received an invalid packet=[91]
2019-10-03 08:07:09,252 INFO: COM6: blackbird: Received an invalid packet=[64]
2019-10-03 08:07:09,269 INFO: COM6: blackbird: Received an invalid packet=[66]
2019-10-03 08:07:09,274 INFO: COM6: blackbird: Received an invalid packet=[106]
2019-10-03 08:07:09,296 INFO: COM6: blackbird: Received an invalid packet=[2]
2019-10-03 08:07:09,334 INFO: COM6: blackbird: Received an invalid packet=[248]
2019-10-03 08:07:09,358 INFO: COM6: blackbird: Received an invalid packet=[224]
2019-10-03 08:07:09,383 INFO: COM6: blackbird: Received an invalid packet=[219]
2019-10-03 08:07:09,390 INFO: COM6: blackbird: Received an invalid packet=[200]
2019-10-03 08:07:09,401 INFO: COM6: blackbird: Received an invalid packet=[4]
2019-10-03 08:07:09,410 INFO: COM6: blackbird: Received an invalid packet=[66]
2019-10-03 08:07:09,420 INFO: COM6: blackbird: Received an invalid packet=[0]
2019-10-03 08:07:09,433 INFO: COM6: blackbird: Received an invalid packet=[254]
2019-10-03 08:07:09,456 INFO: COM6: blackbird: Received an invalid packet=[224]
2019-10-03 08:07:09,470 INFO: COM6: blackbird: Received an invalid packet=[155]
2019-10-03 08:07:09,476 INFO: COM6: blackbird: Received an invalid packet=[72]
2019-10-03 08:07:09,488 INFO: COM6: blackbird: Received an invalid packet=[42]
2019-10-03 08:07:09,495 INFO: COM6: blackbird: Received an invalid packet=[194]
2019-10-03 08:07:09,504 INFO: COM6: blackbird: Received an invalid packet=[1, 174]
2019-10-03 08:07:09,519 INFO: COM6: blackbird: Received an invalid packet=[0]
2019-10-03 08:07:09,532 INFO: COM6: blackbird: Received an invalid packet=[255]
2019-10-03 08:07:09,543 INFO: COM6: blackbird: Received an invalid packet=[66]
2019-10-03 08:07:09,555 INFO: COM6: blackbird: Received an invalid packet=[0]
2019-10-03 08:07:09,570 INFO: COM6: blackbird: Received an invalid packet=[210]
2019-10-03 08:07:09,583 INFO: COM6: blackbird: Received an invalid packet=[0]
2019-10-03 08:07:09,622 INFO: COM6: blackbird: Received an invalid packet=[138]
2019-10-03 08:07:09,631 INFO: COM6: blackbird: Received an invalid packet=[97]
2019-10-03 08:07:09,641 INFO: COM6: blackbird: Received an invalid packet=[252]
2019-10-03 08:07:09,650 INFO: COM6: blackbird: Received an invalid packet=[200]
2019-10-03 08:07:09,664 INFO: COM6: blackbird: Received an invalid packet=[26]
2019-10-03 08:07:09,673 INFO: COM6: blackbird: Received an invalid packet=[32]
2019-10-03 08:07:09,688 INFO: COM6: blackbird: Received an invalid packet=[1, 184]
2019-10-03 08:07:09,697 INFO: COM6: blackbird: Received an invalid packet=[195]
2019-10-03 08:07:09,706 INFO: COM6: blackbird: Received an invalid packet=[98]
2019-10-03 08:07:09,714 INFO: COM6: blackbird: Received an invalid packet=[254]
2019-10-03 08:07:09,725 INFO: COM6: blackbird: Received an invalid packet=[192]
2019-10-03 08:07:09,734 INFO: COM6: blackbird: Received an invalid packet=[66]
2019-10-03 08:07:09,743 INFO: COM6: blackbird: Received an invalid packet=[192]
2019-10-03 08:07:09,751 INFO: COM6: blackbird: Received an invalid packet=[2]
2019-10-03 08:07:09,760 INFO: COM6: blackbird: Received an invalid packet=[66]
2019-10-03 08:07:09,770 INFO: COM6: blackbird: Received an invalid packet=[232]
2019-10-03 08:07:09,780 INFO: COM6: blackbird: Received an invalid packet=[43]
2019-10-03 08:07:09,793 INFO: COM6: blackbird: Received an invalid packet=[142]
2019-10-03 08:07:09,802 INFO: COM6: blackbird: Received an invalid packet=[33]
2019-10-03 08:07:09,812 INFO: COM6: blackbird: Received an invalid packet=[62]
2019-10-03 08:07:09,824 INFO: COM6: blackbird: Received an invalid packet=[66]
2019-10-03 08:07:09,835 INFO: COM6: blackbird: Received an invalid packet=[2]
2019-10-03 08:07:09,841 INFO: COM6: blackbird: Received an invalid packet=[194]
2019-10-03 08:07:09,853 INFO: COM6: blackbird: Received an invalid packet=[224]
2019-10-03 08:07:09,864 INFO: COM6: blackbird: Received an invalid packet=[91]
2019-10-03 08:07:11,302 INFO: COM6: blackbird: Received an invalid packet=[32]
2019-10-03 08:07:11,355 INFO: COM6: blackbird: Received an invalid packet=[66]
2019-10-03 08:07:11,449 INFO: COM6: blackbird: Received an invalid packet=[66]
2019-10-03 08:07:11,478 INFO: COM6: blackbird: Received an invalid packet=[0]
2019-10-03 08:07:11,526 INFO: COM6: blackbird: Received an invalid packet=[86]
2019-10-03 08:07:11,542 INFO: COM6: blackbird: Received an invalid packet=[142]
2019-10-03 08:07:11,557 INFO: COM6: blackbird: Received an invalid packet=[45]
2019-10-03 08:07:11,587 INFO: COM6: blackbird: Received an invalid packet=[39]
2019-10-03 08:07:11,601 INFO: COM6: blackbird: Received an invalid packet=[194]
2019-10-03 08:07:11,611 INFO: COM6: blackbird: Received an invalid packet=[200]
2019-10-03 08:07:11,623 INFO: COM6: blackbird: Received an invalid packet=[155]
2019-10-03 08:07:11,710 INFO: COM6: blackbird: Received an invalid packet=[210]
2019-10-03 08:07:11,732 INFO: COM6: blackbird: Received an invalid packet=[0]
2019-10-03 08:07:11,743 INFO: COM6: blackbird: Received an invalid packet=[2]
2019-10-03 08:07:11,761 INFO: COM6: blackbird: Received an invalid packet=[66]
2019-10-03 08:07:11,771 INFO: COM6: blackbird: Received an invalid packet=[2]
2019-10-03 08:07:11,782 INFO: COM6: blackbird: Received an invalid packet=[219]
2019-10-03 08:07:11,791 INFO: COM6: blackbird: Received an invalid packet=[210]
2019-10-03 08:07:11,801 INFO: COM6: blackbird: Received an invalid packet=[1, 66]
2019-10-03 08:07:11,814 INFO: COM6: blackbird: Received an invalid packet=[2]
2019-10-03 08:07:11,823 INFO: COM6: blackbird: Received an invalid packet=[0]
2019-10-03 08:07:11,833 INFO: COM6: blackbird: Received an invalid packet=[110]
2019-10-03 08:07:11,842 INFO: COM6: blackbird: Received an invalid packet=[9]
2019-10-03 08:07:11,850 INFO: COM6: blackbird: Received an invalid packet=[6]
2019-10-03 08:07:11,860 INFO: COM6: blackbird: Received an invalid packet=[2]
2019-10-03 08:07:11,869 INFO: COM6: blackbird: Received an invalid packet=[66]
2019-10-03 08:07:11,881 INFO: COM6: blackbird: Received an invalid packet=[210]
2019-10-03 08:07:11,890 INFO: COM6: blackbird: Received an invalid packet=[200]
2019-10-03 08:07:11,899 INFO: COM6: blackbird: Received an invalid packet=[14]
2019-10-03 08:07:11,910 INFO: COM6: blackbird: Received an invalid packet=[32]
2019-10-03 08:07:11,920 INFO: COM6: blackbird: Received an invalid packet=[18]
2019-10-03 08:07:11,931 INFO: COM6: blackbird: Received an invalid packet=[238]
2019-10-03 08:07:11,940 INFO: COM6: blackbird: Received an invalid packet=[222]
2019-10-03 08:07:11,949 INFO: COM6: blackbird: Received an invalid packet=[53]
2019-10-03 08:07:11,960 INFO: COM6: blackbird: Received an invalid packet=[65]
2019-10-03 08:07:11,967 INFO: COM6: blackbird: Received an invalid packet=[68]
2019-10-03 08:07:11,982 INFO: COM6: blackbird: Received an invalid packet=[247]
2019-10-03 08:07:11,988 INFO: COM6: blackbird: Received an invalid packet=[195]
2019-10-03 08:07:11,997 INFO: COM6: blackbird: Received an invalid packet=[10]
2019-10-03 08:07:12,005 INFO: COM6: blackbird: Received an invalid packet=[200]
2019-10-03 08:07:12,015 INFO: COM6: blackbird: Received an invalid packet=[12]
2019-10-03 08:07:12,023 INFO: COM6: blackbird: Received an invalid packet=[24]
2019-10-03 08:07:12,032 INFO: COM6: blackbird: Received an invalid packet=[8]
2019-10-03 08:07:12,041 INFO: COM6: blackbird: Received an invalid packet=[130]
2019-10-03 08:07:12,050 INFO: COM6: blackbird: Received an invalid packet=[194]
2019-10-03 08:07:12,055 INFO: COM6: blackbird: Received an invalid packet=[254]
2019-10-03 08:07:12,065 INFO: COM6: blackbird: Received an invalid packet=[200]
2019-10-03 08:07:12,074 INFO: COM6: blackbird: Received an invalid packet=[143]
2019-10-03 08:07:12,082 INFO: COM6: blackbird: Received an invalid packet=[88]
2019-10-03 08:07:12,090 INFO: COM6: blackbird: Received an invalid packet=[0]
2019-10-03 08:07:12,099 INFO: COM6: blackbird: Received an invalid packet=[1, 0, 248]
2019-10-03 08:07:12,109 INFO: COM6: blackbird: Received an invalid packet=[200]
2019-10-03 08:07:12,117 INFO: COM6: blackbird: Received an invalid packet=[140]
2019-10-03 08:07:12,123 INFO: COM6: blackbird: Received an invalid packet=[24]
2019-10-03 08:07:12,130 INFO: COM6: blackbird: Received an invalid packet=[1, 128]
2019-10-03 08:07:12,140 INFO: COM6: blackbird: Received an invalid packet=[0]
2019-10-03 08:07:12,153 INFO: COM6: blackbird: Received an invalid packet=[251]
2019-10-03 08:07:12,160 INFO: COM6: blackbird: Received an invalid packet=[200]
2019-10-03 08:07:12,168 INFO: COM6: blackbird: Received an invalid packet=[206]
2019-10-03 08:07:12,178 INFO: COM6: blackbird: Received an invalid packet=[128]
2019-10-03 08:07:12,188 INFO: COM6: blackbird: Received an invalid packet=[247]
2019-10-03 08:07:12,197 INFO: COM6: blackbird: Received an invalid packet=[200]
2019-10-03 08:07:12,206 INFO: COM6: blackbird: Received an invalid packet=[30]
2019-10-03 08:07:12,215 INFO: COM6: blackbird: Received an invalid packet=[32]
2019-10-03 08:07:12,223 INFO: COM6: blackbird: Received an invalid packet=[18]
2019-10-03 08:07:12,233 INFO: COM6: blackbird: Received an invalid packet=[126]
2019-10-03 08:07:12,242 INFO: COM6: blackbird: Received an invalid packet=[44]
2019-10-03 08:07:12,249 INFO: COM6: blackbird: Received an invalid packet=[239]
2019-10-03 08:07:12,254 INFO: COM6: blackbird: Received an invalid packet=[18]
2019-10-03 08:07:12,264 INFO: COM6: blackbird: Received an invalid packet=[247]
2019-10-03 08:07:12,272 INFO: COM6: blackbird: Received an invalid packet=[236]
2019-10-03 08:07:12,282 INFO: COM6: blackbird: Received an invalid packet=[10]
2019-10-03 08:07:12,290 INFO: COM6: blackbird: Received an invalid packet=[160]
2019-10-03 08:07:12,310 INFO: COM6: blackbird: Received an invalid packet=[78]
2019-10-03 08:07:12,325 INFO: COM6: blackbird: Received an invalid packet=[49]
2019-10-03 08:07:12,330 INFO: COM6: blackbird: Received an invalid packet=[3]
2019-10-03 08:07:12,336 INFO: COM6: blackbird: Received an invalid packet=[248]
2019-10-03 08:07:12,345 INFO: COM6: blackbird: Received an invalid packet=[224]
2019-10-03 08:07:12,354 INFO: COM6: blackbird: Received an invalid packet=[207]
2019-10-03 08:07:12,364 INFO: COM6: blackbird: Received an invalid packet=[66]
2019-10-03 08:07:12,372 INFO: COM6: blackbird: Received an invalid packet=[1, 132]
2019-10-03 08:07:12,381 INFO: COM6: blackbird: Received an invalid packet=[248]
2019-10-03 08:07:12,390 INFO: COM6: blackbird: Received an invalid packet=[200]
2019-10-03 08:07:12,397 INFO: COM6: blackbird: Received an invalid packet=[95]
2019-10-03 08:07:12,402 INFO: COM6: blackbird: Received an invalid packet=[33]
2019-10-03 08:07:12,412 INFO: COM6: blackbird: Received an invalid packet=[39]
2019-10-03 08:07:12,420 INFO: COM6: blackbird: Received an invalid packet=[86]
2019-10-03 08:07:12,430 INFO: COM6: blackbird: Received an invalid packet=[136]
2019-10-03 08:07:12,438 INFO: COM6: blackbird: Received an invalid packet=[224]
2019-10-03 08:07:12,448 INFO: COM6: blackbird: Received an invalid packet=[79]
2019-10-03 08:07:12,456 INFO: COM6: blackbird: Received an invalid packet=[0]
2019-10-03 08:07:12,464 INFO: COM6: blackbird: Received an invalid packet=[2]
2019-10-03 08:07:12,472 INFO: COM6: blackbird: Received an invalid packet=[66]
2019-10-03 08:07:12,478 INFO: COM6: blackbird: Received an invalid packet=[2]
2019-10-03 08:07:12,486 INFO: COM6: blackbird: Received an invalid packet=[254]
2019-10-03 08:07:12,495 INFO: COM6: blackbird: Received an invalid packet=[200]
2019-10-03 08:07:12,504 INFO: COM6: blackbird: Received an invalid packet=[141]
2019-10-03 08:07:12,514 INFO: COM6: blackbird: Received an invalid packet=[194]
2019-10-03 08:07:12,523 INFO: COM6: blackbird: Received an invalid packet=[67]
2019-10-03 08:07:12,532 INFO: COM6: blackbird: Received an invalid packet=[66]
2019-10-03 08:07:12,540 INFO: COM6: blackbird: Received an invalid packet=[248]
2019-10-03 08:07:12,549 INFO: COM6: blackbird: Received an invalid packet=[200]
2019-10-03 08:07:12,557 INFO: COM6: blackbird: Received an invalid packet=[14]
2019-10-03 08:07:12,562 INFO: COM6: blackbird: Received an invalid packet=[72]
2019-10-03 08:07:12,570 INFO: COM6: blackbird: Received an invalid packet=[254]
2019-10-03 08:07:12,579 INFO: COM6: blackbird: Received an invalid packet=[200]
2019-10-03 08:07:12,588 INFO: COM6: blackbird: Received an invalid packet=[78]
2019-10-03 08:07:12,599 INFO: COM6: blackbird: Received an invalid packet=[0]
2019-10-03 08:07:12,608 INFO: COM6: blackbird: Received an invalid packet=[249]
2019-10-03 08:07:12,616 INFO: COM6: blackbird: Received an invalid packet=[232]
2019-10-03 08:07:12,625 INFO: COM6: blackbird: Received an invalid packet=[78]
2019-10-03 08:07:12,633 INFO: COM6: blackbird: Received an invalid packet=[144]
2019-10-03 08:07:12,638 INFO: COM6: blackbird: Received an invalid packet=[67]
2019-10-03 08:07:12,644 INFO: COM6: blackbird: Received an invalid packet=[251]
2019-10-03 08:07:12,652 INFO: COM6: blackbird: Received an invalid packet=[224]
2019-10-03 08:07:12,663 INFO: COM6: blackbird: Received an invalid packet=[78]
2019-10-03 08:07:12,672 INFO: COM6: blackbird: Received an invalid packet=[0]
2019-10-03 08:07:12,681 INFO: COM6: blackbird: Received an invalid packet=[249]
2019-10-03 08:07:12,689 INFO: COM6: blackbird: Received an invalid packet=[200]
2019-10-03 08:07:12,699 INFO: COM6: blackbird: Received an invalid packet=[206]
2019-10-03 08:07:12,705 INFO: COM6: blackbird: Received an invalid packet=[0]
2019-10-03 08:07:12,714 INFO: COM6: blackbird: Received an invalid packet=[246]
2019-10-03 08:07:12,723 INFO: COM6: blackbird: Received an invalid packet=[200]
2019-10-03 08:07:12,731 INFO: COM6: blackbird: Received an invalid packet=[206]
2019-10-03 08:07:12,740 INFO: COM6: blackbird: Received an invalid packet=[18]
2019-10-03 08:07:12,749 INFO: COM6: blackbird: Received an invalid packet=[247]
2019-10-03 08:07:12,759 INFO: COM6: blackbird: Received an invalid packet=[200]
2019-10-03 08:07:12,767 INFO: COM6: blackbird: Received an invalid packet=[206]
2019-10-03 08:07:12,777 INFO: COM6: blackbird: Received an invalid packet=[200]
2019-10-03 08:07:12,785 INFO: COM6: blackbird: Received an invalid packet=[247]
2019-10-03 08:07:12,793 INFO: COM6: blackbird: Received an invalid packet=[200]
2019-10-03 08:07:12,797 INFO: COM6: blackbird: Received an invalid packet=[207]
2019-10-03 08:07:12,805 INFO: COM6: blackbird: Received an invalid packet=[82]
2019-10-03 08:07:12,814 INFO: COM6: blackbird: Received an invalid packet=[130]
2019-10-03 08:07:12,821 INFO: COM6: blackbird: Received an invalid packet=[66]
2019-10-03 08:07:12,826 INFO: COM6: blackbird: Received an invalid packet=[254]
2019-10-03 08:07:12,833 INFO: COM6: blackbird: Received an invalid packet=[200]
2019-10-03 08:07:12,842 INFO: COM6: blackbird: Received an invalid packet=[140]
2019-10-03 08:07:12,851 INFO: COM6: blackbird: Received an invalid packet=[1, 3]
2019-10-03 08:07:12,859 INFO: COM6: blackbird: Received an invalid packet=[246]
2019-10-03 08:07:12,863 INFO: COM6: blackbird: Received an invalid packet=[200]
2019-10-03 08:07:12,871 INFO: COM6: blackbird: Received an invalid packet=[12]
2019-10-03 08:07:12,880 INFO: COM6: blackbird: Received an invalid packet=[82]
2019-10-03 08:07:12,889 INFO: COM6: blackbird: Received an invalid packet=[9]
2019-10-03 08:07:12,897 INFO: COM6: blackbird: Received an invalid packet=[248]
2019-10-03 08:07:12,906 INFO: COM6: blackbird: Received an invalid packet=[224]
2019-10-03 08:07:12,911 INFO: COM6: blackbird: Received an invalid packet=[223]
2019-10-03 08:07:12,919 INFO: COM6: blackbird: Received an invalid packet=[16]
