2019-10-02 09:43:51,362 INFO: Cobs 1.1.3 release - June 25, 2019 on IronPython 2.7.5.0 on .NET 4.0.30319.42000
2019-10-02 09:43:51,405 INFO: Executing startup script
2019-10-02 09:46:11,647 INFO: Open Icron file button is clicked
2019-10-02 09:46:13,405 INFO: C:\Users\Sumit.Rathore\Desktop\dp_cobs\icron_file
2019-10-02 09:46:13,883 INFO: Icron file path is changed C:\Users\Sumit.Rathore\Desktop\dp_cobs\icron_file\cobs_plug_test_debug.icron
2019-10-02 09:46:16,908 INFO: Icron file is loaded C:\Users\Sumit.Rathore\Desktop\dp_cobs\icron_file\cobs_plug_test_debug.icron
2019-10-02 09:46:20,565 INFO: Add Device button is clicked
2019-10-02 09:46:20,610 INFO: COM5: blackbird: Icron model is loaded C:\Users\Sumit.Rathore\Desktop\70\rex_imcd_to_force_last_tu_4\cobs_plug_test_debug.icron
2019-10-02 09:46:20,885 INFO: FPGA image : False
2019-10-02 09:46:20,906 INFO: COM5: blackbird: Device is created
2019-10-02 09:46:20,913 INFO: COM5: goldenears: Icron model is loaded C:\Users\Sumit.Rathore\Desktop\70\rex_imcd_to_force_last_tu_4\cobs_plug_test_debug.icron
2019-10-02 09:46:20,940 INFO: FPGA image : True
2019-10-02 09:46:20,980 INFO: COM5: goldenears: Device is created
2019-10-02 09:46:21,006 INFO: COM5: blackbird: REX: Received software info
2019-10-02 09:46:21,079 INFO: COM5: blackbird: Device is connected
2019-10-02 09:46:22,103 INFO: Device client goldenears connected to COM5 is removed
2019-10-02 09:46:25,589 INFO: Add Device button is clicked
2019-10-02 09:46:25,593 INFO: COM6: blackbird: Icron model is loaded C:\Users\Sumit.Rathore\Desktop\70\rex_imcd_to_force_last_tu_4\cobs_plug_test_debug.icron
2019-10-02 09:46:25,638 INFO: FPGA image : False
2019-10-02 09:46:25,644 INFO: COM6: blackbird: Device is created
2019-10-02 09:46:25,649 INFO: COM6: goldenears: Icron model is loaded C:\Users\Sumit.Rathore\Desktop\70\rex_imcd_to_force_last_tu_4\cobs_plug_test_debug.icron
2019-10-02 09:46:25,675 INFO: FPGA image : True
2019-10-02 09:46:25,687 INFO: COM6: goldenears: Device is created
2019-10-02 09:46:25,729 INFO: COM6: blackbird: LEX: Received software info
2019-10-02 09:46:25,825 INFO: COM6: blackbird: Device is connected
2019-10-02 09:46:27,243 INFO: Device client goldenears connected to COM6 is removed
2019-10-02 09:47:08,525 INFO: COM6: blackbird: DP Debug Button is clicked
2019-10-02 09:47:08,534 INFO: COM6: blackbird: Trying to send an icmd with a packet of [1, 0, 129, 255, 3, 152, 9, 0, 4]
2019-10-02 09:52:22,596 INFO: COM6: blackbird: DP Debug Button is clicked
2019-10-02 09:52:22,598 INFO: COM6: blackbird: Trying to send an icmd with a packet of [1, 0, 129, 255, 3, 152, 9, 0, 4]
2019-10-02 09:52:26,397 INFO: COM5: blackbird: DP Debug Button is clicked
2019-10-02 09:52:26,399 INFO: COM5: blackbird: Trying to send an icmd with a packet of [1, 0, 129, 255, 3, 152, 9, 0, 4]
2019-10-02 10:09:04,412 INFO: COM5: blackbird: Read DPCD Button is clicked
2019-10-02 10:09:04,414 INFO: COM5: blackbird: Trying to send an icmd with a packet of [1, 0, 129, 255, 3, 152, 7, 25, 4]
2019-10-02 10:09:26,452 INFO: COM6: blackbird: DP Debug Button is clicked
2019-10-02 10:09:26,454 INFO: COM6: blackbird: Trying to send an icmd with a packet of [1, 0, 129, 255, 3, 152, 9, 0, 4]
2019-10-02 10:09:54,284 INFO: COM6: blackbird: Enable Aux Analyser button is checked
2019-10-02 10:09:54,291 INFO: COM6: blackbird: Trying to send an icmd with a packet of [1, 0, 129, 255, 7, 153, 7, 37, 0, 0, 0, 1, 4]
2019-10-02 10:10:08,877 INFO: COM6: blackbird: Go Button is clicked
2019-10-02 10:10:08,879 INFO: COM6: blackbird: Clear Button Status: False
2019-10-02 10:10:08,879 INFO: COM6: blackbird: Trying to send an icmd with a packet of [1, 0, 129, 255, 3, 152, 7, 36, 4]
2019-10-02 10:10:20,834 INFO: COM6: blackbird: Changing Aux Menu
2019-10-02 10:10:20,837 INFO: COM6: blackbird: Aux Menu Item selected
2019-10-02 10:10:20,838 INFO: COM6: blackbird: Aux Index Button is clicked
2019-10-02 10:10:20,866 INFO: COM6: blackbird: Trying to send an icmd with a packet of [1, 0, 129, 255, 3, 152, 8, 0, 4]
2019-10-02 10:10:22,788 INFO: COM6: blackbird: Changing Aux Menu
2019-10-02 10:10:22,789 INFO: COM6: blackbird: Aux Menu Item selected
2019-10-02 10:10:22,790 INFO: COM6: blackbird: Print Aux Log Button is clicked
2019-10-02 10:10:22,818 INFO: COM6: blackbird: Aux Index Button is clicked
2019-10-02 10:10:22,820 INFO: COM6: blackbird: Trying to send an icmd with a packet of [1, 0, 129, 255, 3, 152, 8, 0, 4]
2019-10-02 10:10:22,823 INFO: COM6: blackbird: Trying to send an icmd with a packet of [1, 0, 129, 255, 3, 152, 8, 2, 4]
2019-10-02 10:10:22,929 INFO: COM6: blackbird: Trying to send an icmd with a packet of [1, 0, 129, 255, 3, 152, 8, 2, 4]
2019-10-02 10:10:23,032 INFO: COM6: blackbird: Trying to send an icmd with a packet of [1, 0, 129, 255, 3, 152, 8, 2, 4]
2019-10-02 10:10:23,135 INFO: COM6: blackbird: Trying to send an icmd with a packet of [1, 0, 129, 255, 3, 152, 8, 2, 4]
2019-10-02 10:10:23,237 INFO: COM6: blackbird: Trying to send an icmd with a packet of [1, 0, 129, 255, 3, 152, 8, 2, 4]
2019-10-02 10:10:23,339 INFO: COM6: blackbird: Trying to send an icmd with a packet of [1, 0, 129, 255, 3, 152, 8, 2, 4]
2019-10-02 10:10:23,441 INFO: COM6: blackbird: Trying to send an icmd with a packet of [1, 0, 129, 255, 3, 152, 8, 2, 4]
2019-10-02 10:10:23,543 INFO: COM6: blackbird: Trying to send an icmd with a packet of [1, 0, 129, 255, 3, 152, 8, 2, 4]
2019-10-02 10:10:23,646 INFO: COM6: blackbird: Trying to send an icmd with a packet of [1, 0, 129, 255, 3, 152, 8, 2, 4]
2019-10-02 10:10:23,749 INFO: COM6: blackbird: Trying to send an icmd with a packet of [1, 0, 129, 255, 3, 152, 8, 2, 4]
2019-10-02 10:10:23,851 INFO: COM6: blackbird: Trying to send an icmd with a packet of [1, 0, 129, 255, 3, 152, 8, 2, 4]
2019-10-02 10:10:23,954 INFO: COM6: blackbird: Trying to send an icmd with a packet of [1, 0, 129, 255, 3, 152, 8, 2, 4]
2019-10-02 10:10:24,056 INFO: COM6: blackbird: Trying to send an icmd with a packet of [1, 0, 129, 255, 3, 152, 8, 2, 4]
2019-10-02 10:10:24,160 INFO: COM6: blackbird: Trying to send an icmd with a packet of [1, 0, 129, 255, 3, 152, 8, 2, 4]
2019-10-02 10:10:24,264 INFO: COM6: blackbird: Trying to send an icmd with a packet of [1, 0, 129, 255, 3, 152, 8, 2, 4]
2019-10-02 10:10:24,367 INFO: COM6: blackbird: Trying to send an icmd with a packet of [1, 0, 129, 255, 3, 152, 8, 2, 4]
2019-10-02 10:10:24,470 INFO: COM6: blackbird: Trying to send an icmd with a packet of [1, 0, 129, 255, 3, 152, 8, 2, 4]
2019-10-02 10:10:24,571 INFO: COM6: blackbird: Trying to send an icmd with a packet of [1, 0, 129, 255, 3, 152, 8, 2, 4]
2019-10-02 10:10:24,674 INFO: COM6: blackbird: Trying to send an icmd with a packet of [1, 0, 129, 255, 3, 152, 8, 2, 4]
2019-10-02 10:10:24,777 INFO: COM6: blackbird: Trying to send an icmd with a packet of [1, 0, 129, 255, 3, 152, 8, 2, 4]
2019-10-02 10:10:24,880 INFO: COM6: blackbird: Trying to send an icmd with a packet of [1, 0, 129, 255, 3, 152, 8, 2, 4]
2019-10-02 10:10:24,983 INFO: COM6: blackbird: Trying to send an icmd with a packet of [1, 0, 129, 255, 3, 152, 8, 2, 4]
2019-10-02 10:10:25,085 INFO: COM6: blackbird: Trying to send an icmd with a packet of [1, 0, 129, 255, 3, 152, 8, 2, 4]
2019-10-02 10:10:25,191 INFO: COM6: blackbird: Trying to send an icmd with a packet of [1, 0, 129, 255, 3, 152, 8, 2, 4]
2019-10-02 10:10:25,294 INFO: COM6: blackbird: Trying to send an icmd with a packet of [1, 0, 129, 255, 3, 152, 8, 2, 4]
2019-10-02 10:10:25,396 INFO: COM6: blackbird: Trying to send an icmd with a packet of [1, 0, 129, 255, 3, 152, 8, 2, 4]
2019-10-02 10:10:25,498 INFO: COM6: blackbird: Trying to send an icmd with a packet of [1, 0, 129, 255, 3, 152, 8, 2, 4]
2019-10-02 10:10:25,600 INFO: COM6: blackbird: Trying to send an icmd with a packet of [1, 0, 129, 255, 3, 152, 8, 2, 4]
2019-10-02 10:10:25,702 INFO: COM6: blackbird: Trying to send an icmd with a packet of [1, 0, 129, 255, 3, 152, 8, 2, 4]
2019-10-02 10:10:25,805 INFO: COM6: blackbird: Trying to send an icmd with a packet of [1, 0, 129, 255, 3, 152, 8, 2, 4]
2019-10-02 10:10:25,908 INFO: COM6: blackbird: Trying to send an icmd with a packet of [1, 0, 129, 255, 3, 152, 8, 2, 4]
2019-10-02 10:10:26,010 INFO: COM6: blackbird: Trying to send an icmd with a packet of [1, 0, 129, 255, 3, 152, 8, 2, 4]
2019-10-02 10:10:26,111 INFO: COM6: blackbird: Trying to send an icmd with a packet of [1, 0, 129, 255, 3, 152, 8, 2, 4]
2019-10-02 10:10:26,216 INFO: COM6: blackbird: Trying to send an icmd with a packet of [1, 0, 129, 255, 3, 152, 8, 2, 4]
2019-10-02 10:10:26,319 INFO: COM6: blackbird: Trying to send an icmd with a packet of [1, 0, 129, 255, 3, 152, 8, 2, 4]
2019-10-02 10:10:26,423 INFO: COM6: blackbird: Trying to send an icmd with a packet of [1, 0, 129, 255, 3, 152, 8, 2, 4]
2019-10-02 10:10:26,525 INFO: COM6: blackbird: Trying to send an icmd with a packet of [1, 0, 129, 255, 3, 152, 8, 2, 4]
2019-10-02 10:10:26,627 INFO: COM6: blackbird: Trying to send an icmd with a packet of [1, 0, 129, 255, 3, 152, 8, 2, 4]
2019-10-02 10:10:26,728 INFO: COM6: blackbird: Trying to send an icmd with a packet of [1, 0, 129, 255, 3, 152, 8, 2, 4]
2019-10-02 10:10:26,830 INFO: COM6: blackbird: Trying to send an icmd with a packet of [1, 0, 129, 255, 3, 152, 8, 2, 4]
2019-10-02 10:10:26,932 INFO: COM6: blackbird: Trying to send an icmd with a packet of [1, 0, 129, 255, 3, 152, 8, 2, 4]
2019-10-02 10:10:27,035 INFO: COM6: blackbird: Trying to send an icmd with a packet of [1, 0, 129, 255, 3, 152, 8, 2, 4]
2019-10-02 10:10:27,137 INFO: COM6: blackbird: Trying to send an icmd with a packet of [1, 0, 129, 255, 3, 152, 8, 2, 4]
2019-10-02 10:10:27,240 INFO: COM6: blackbird: Trying to send an icmd with a packet of [1, 0, 129, 255, 3, 152, 8, 2, 4]
2019-10-02 10:10:27,342 INFO: COM6: blackbird: Trying to send an icmd with a packet of [1, 0, 129, 255, 3, 152, 8, 2, 4]
2019-10-02 10:10:27,443 INFO: COM6: blackbird: Trying to send an icmd with a packet of [1, 0, 129, 255, 3, 152, 8, 2, 4]
2019-10-02 10:10:27,546 INFO: COM6: blackbird: Trying to send an icmd with a packet of [1, 0, 129, 255, 3, 152, 8, 2, 4]
2019-10-02 10:10:27,648 INFO: COM6: blackbird: Trying to send an icmd with a packet of [1, 0, 129, 255, 3, 152, 8, 2, 4]
2019-10-02 10:10:27,751 INFO: COM6: blackbird: Trying to send an icmd with a packet of [1, 0, 129, 255, 3, 152, 8, 2, 4]
2019-10-02 10:10:27,853 INFO: COM6: blackbird: Trying to send an icmd with a packet of [1, 0, 129, 255, 3, 152, 8, 2, 4]
2019-10-02 10:10:27,955 INFO: COM6: blackbird: Trying to send an icmd with a packet of [1, 0, 129, 255, 3, 152, 8, 2, 4]
2019-10-02 10:10:28,062 INFO: COM6: blackbird: Trying to send an icmd with a packet of [1, 0, 129, 255, 3, 152, 8, 2, 4]
2019-10-02 10:10:28,164 INFO: COM6: blackbird: Trying to send an icmd with a packet of [1, 0, 129, 255, 3, 152, 8, 2, 4]
2019-10-02 10:10:28,267 INFO: COM6: blackbird: Trying to send an icmd with a packet of [1, 0, 129, 255, 3, 152, 8, 2, 4]
2019-10-02 10:10:28,369 INFO: COM6: blackbird: Trying to send an icmd with a packet of [1, 0, 129, 255, 3, 152, 8, 2, 4]
2019-10-02 10:10:28,471 INFO: COM6: blackbird: Trying to send an icmd with a packet of [1, 0, 129, 255, 3, 152, 8, 2, 4]
2019-10-02 10:10:28,573 INFO: COM6: blackbird: Trying to send an icmd with a packet of [1, 0, 129, 255, 3, 152, 8, 2, 4]
2019-10-02 10:10:28,675 INFO: COM6: blackbird: Trying to send an icmd with a packet of [1, 0, 129, 255, 3, 152, 8, 2, 4]
2019-10-02 10:10:28,778 INFO: COM6: blackbird: Trying to send an icmd with a packet of [1, 0, 129, 255, 3, 152, 8, 2, 4]
2019-10-02 10:10:28,880 INFO: COM6: blackbird: Trying to send an icmd with a packet of [1, 0, 129, 255, 3, 152, 8, 2, 4]
2019-10-02 10:10:28,982 INFO: COM6: blackbird: Trying to send an icmd with a packet of [1, 0, 129, 255, 3, 152, 8, 2, 4]
2019-10-02 10:10:29,084 INFO: COM6: blackbird: Trying to send an icmd with a packet of [1, 0, 129, 255, 3, 152, 8, 2, 4]
2019-10-02 10:10:29,187 INFO: COM6: blackbird: Trying to send an icmd with a packet of [1, 0, 129, 255, 3, 152, 8, 2, 4]
2019-10-02 10:10:29,289 INFO: COM6: blackbird: Trying to send an icmd with a packet of [1, 0, 129, 255, 3, 152, 8, 2, 4]
2019-10-02 10:10:29,392 INFO: COM6: blackbird: Trying to send an icmd with a packet of [1, 0, 129, 255, 3, 152, 8, 2, 4]
2019-10-02 10:10:29,494 INFO: COM6: blackbird: Trying to send an icmd with a packet of [1, 0, 129, 255, 3, 152, 8, 2, 4]
2019-10-02 10:10:29,597 INFO: COM6: blackbird: Trying to send an icmd with a packet of [1, 0, 129, 255, 3, 152, 8, 2, 4]
2019-10-02 10:10:29,699 INFO: COM6: blackbird: Trying to send an icmd with a packet of [1, 0, 129, 255, 3, 152, 8, 2, 4]
2019-10-02 10:10:29,801 INFO: COM6: blackbird: Trying to send an icmd with a packet of [1, 0, 129, 255, 3, 152, 8, 2, 4]
2019-10-02 10:10:29,904 INFO: COM6: blackbird: Trying to send an icmd with a packet of [1, 0, 129, 255, 3, 152, 8, 2, 4]
2019-10-02 10:10:30,006 INFO: COM6: blackbird: Trying to send an icmd with a packet of [1, 0, 129, 255, 3, 152, 8, 2, 4]
2019-10-02 10:10:30,107 INFO: COM6: blackbird: Trying to send an icmd with a packet of [1, 0, 129, 255, 3, 152, 8, 2, 4]
2019-10-02 10:10:30,208 INFO: COM6: blackbird: Trying to send an icmd with a packet of [1, 0, 129, 255, 3, 152, 8, 2, 4]
2019-10-02 10:10:30,311 INFO: COM6: blackbird: Trying to send an icmd with a packet of [1, 0, 129, 255, 3, 152, 8, 2, 4]
2019-10-02 10:10:30,413 INFO: COM6: blackbird: Trying to send an icmd with a packet of [1, 0, 129, 255, 3, 152, 8, 2, 4]
2019-10-02 10:10:30,515 INFO: COM6: blackbird: Trying to send an icmd with a packet of [1, 0, 129, 255, 3, 152, 8, 2, 4]
2019-10-02 10:10:30,618 INFO: COM6: blackbird: Trying to send an icmd with a packet of [1, 0, 129, 255, 3, 152, 8, 2, 4]
2019-10-02 10:10:30,719 INFO: COM6: blackbird: Trying to send an icmd with a packet of [1, 0, 129, 255, 3, 152, 8, 2, 4]
2019-10-02 10:10:30,822 INFO: COM6: blackbird: Trying to send an icmd with a packet of [1, 0, 129, 255, 3, 152, 8, 2, 4]
2019-10-02 10:10:30,924 INFO: COM6: blackbird: Trying to send an icmd with a packet of [1, 0, 129, 255, 3, 152, 8, 2, 4]
2019-10-02 10:10:31,028 INFO: COM6: blackbird: Trying to send an icmd with a packet of [1, 0, 129, 255, 3, 152, 8, 2, 4]
2019-10-02 10:10:31,130 INFO: COM6: blackbird: Trying to send an icmd with a packet of [1, 0, 129, 255, 3, 152, 8, 2, 4]
2019-10-02 10:10:31,237 INFO: COM6: blackbird: Trying to send an icmd with a packet of [1, 0, 129, 255, 3, 152, 8, 2, 4]
2019-10-02 10:10:31,340 INFO: COM6: blackbird: Trying to send an icmd with a packet of [1, 0, 129, 255, 3, 152, 8, 2, 4]
2019-10-02 10:10:31,442 INFO: COM6: blackbird: Trying to send an icmd with a packet of [1, 0, 129, 255, 3, 152, 8, 2, 4]
2019-10-02 10:10:31,545 INFO: COM6: blackbird: Trying to send an icmd with a packet of [1, 0, 129, 255, 3, 152, 8, 2, 4]
2019-10-02 10:10:31,647 INFO: COM6: blackbird: Trying to send an icmd with a packet of [1, 0, 129, 255, 3, 152, 8, 2, 4]
2019-10-02 10:10:31,750 INFO: COM6: blackbird: Trying to send an icmd with a packet of [1, 0, 129, 255, 3, 152, 8, 2, 4]
2019-10-02 10:10:31,852 INFO: COM6: blackbird: Trying to send an icmd with a packet of [1, 0, 129, 255, 3, 152, 8, 2, 4]
2019-10-02 10:10:31,954 INFO: COM6: blackbird: Trying to send an icmd with a packet of [1, 0, 129, 255, 3, 152, 8, 2, 4]
2019-10-02 10:10:32,056 INFO: COM6: blackbird: Trying to send an icmd with a packet of [1, 0, 129, 255, 3, 152, 8, 2, 4]
2019-10-02 10:10:32,159 INFO: COM6: blackbird: Trying to send an icmd with a packet of [1, 0, 129, 255, 3, 152, 8, 2, 4]
2019-10-02 10:10:32,261 INFO: COM6: blackbird: Trying to send an icmd with a packet of [1, 0, 129, 255, 3, 152, 8, 2, 4]
2019-10-02 10:10:32,363 INFO: COM6: blackbird: Trying to send an icmd with a packet of [1, 0, 129, 255, 3, 152, 8, 2, 4]
2019-10-02 10:10:32,465 INFO: COM6: blackbird: Trying to send an icmd with a packet of [1, 0, 129, 255, 3, 152, 8, 2, 4]
2019-10-02 10:10:32,568 INFO: COM6: blackbird: Trying to send an icmd with a packet of [1, 0, 129, 255, 3, 152, 8, 2, 4]
2019-10-02 10:10:32,669 INFO: COM6: blackbird: Trying to send an icmd with a packet of [1, 0, 129, 255, 3, 152, 8, 2, 4]
2019-10-02 10:10:32,771 INFO: COM6: blackbird: Trying to send an icmd with a packet of [1, 0, 129, 255, 3, 152, 8, 2, 4]
2019-10-02 10:10:32,874 INFO: COM6: blackbird: Trying to send an icmd with a packet of [1, 0, 129, 255, 3, 152, 8, 2, 4]
2019-10-02 10:10:32,976 INFO: COM6: blackbird: Trying to send an icmd with a packet of [1, 0, 129, 255, 3, 152, 8, 2, 4]
2019-10-02 10:10:33,078 INFO: COM6: blackbird: Trying to send an icmd with a packet of [1, 0, 129, 255, 3, 152, 8, 2, 4]
2019-10-02 10:10:33,181 INFO: COM6: blackbird: Trying to send an icmd with a packet of [1, 0, 129, 255, 3, 152, 8, 2, 4]
2019-10-02 10:10:33,283 INFO: COM6: blackbird: Trying to send an icmd with a packet of [1, 0, 129, 255, 3, 152, 8, 2, 4]
2019-10-02 10:10:33,385 INFO: COM6: blackbird: Trying to send an icmd with a packet of [1, 0, 129, 255, 3, 152, 8, 2, 4]
2019-10-02 10:10:33,488 INFO: COM6: blackbird: Trying to send an icmd with a packet of [1, 0, 129, 255, 3, 152, 8, 2, 4]
2019-10-02 10:10:33,589 INFO: COM6: blackbird: Trying to send an icmd with a packet of [1, 0, 129, 255, 3, 152, 8, 2, 4]
2019-10-02 10:10:33,691 INFO: COM6: blackbird: Trying to send an icmd with a packet of [1, 0, 129, 255, 3, 152, 8, 2, 4]
2019-10-02 10:10:33,793 INFO: COM6: blackbird: Trying to send an icmd with a packet of [1, 0, 129, 255, 3, 152, 8, 2, 4]
2019-10-02 10:10:33,896 INFO: COM6: blackbird: Trying to send an icmd with a packet of [1, 0, 129, 255, 3, 152, 8, 2, 4]
2019-10-02 10:10:33,998 INFO: COM6: blackbird: Trying to send an icmd with a packet of [1, 0, 129, 255, 3, 152, 8, 2, 4]
2019-10-02 10:10:34,100 INFO: COM6: blackbird: Trying to send an icmd with a packet of [1, 0, 129, 255, 3, 152, 8, 2, 4]
2019-10-02 10:10:34,203 INFO: COM6: blackbird: Trying to send an icmd with a packet of [1, 0, 129, 255, 3, 152, 8, 2, 4]
2019-10-02 10:10:34,305 INFO: COM6: blackbird: Trying to send an icmd with a packet of [1, 0, 129, 255, 3, 152, 8, 2, 4]
2019-10-02 10:10:34,407 INFO: COM6: blackbird: Trying to send an icmd with a packet of [1, 0, 129, 255, 3, 152, 8, 2, 4]
2019-10-02 10:10:34,509 INFO: COM6: blackbird: Trying to send an icmd with a packet of [1, 0, 129, 255, 3, 152, 8, 2, 4]
2019-10-02 10:10:34,611 INFO: COM6: blackbird: Trying to send an icmd with a packet of [1, 0, 129, 255, 3, 152, 8, 2, 4]
2019-10-02 10:10:34,713 INFO: COM6: blackbird: Trying to send an icmd with a packet of [1, 0, 129, 255, 3, 152, 8, 2, 4]
2019-10-02 10:10:34,815 INFO: COM6: blackbird: Trying to send an icmd with a packet of [1, 0, 129, 255, 3, 152, 8, 2, 4]
2019-10-02 10:10:34,917 INFO: COM6: blackbird: Trying to send an icmd with a packet of [1, 0, 129, 255, 3, 152, 8, 2, 4]
2019-10-02 10:10:35,024 INFO: COM6: blackbird: Trying to send an icmd with a packet of [1, 0, 129, 255, 3, 152, 8, 2, 4]
2019-10-02 10:10:35,126 INFO: COM6: blackbird: Trying to send an icmd with a packet of [1, 0, 129, 255, 3, 152, 8, 2, 4]
2019-10-02 10:10:35,228 INFO: COM6: blackbird: Trying to send an icmd with a packet of [1, 0, 129, 255, 3, 152, 8, 2, 4]
2019-10-02 10:10:35,330 INFO: COM6: blackbird: Trying to send an icmd with a packet of [1, 0, 129, 255, 3, 152, 8, 2, 4]
2019-10-02 10:10:35,433 INFO: COM6: blackbird: Trying to send an icmd with a packet of [1, 0, 129, 255, 3, 152, 8, 2, 4]
2019-10-02 10:10:35,536 INFO: COM6: blackbird: Trying to send an icmd with a packet of [1, 0, 129, 255, 3, 152, 8, 2, 4]
2019-10-02 10:10:35,638 INFO: COM6: blackbird: Trying to send an icmd with a packet of [1, 0, 129, 255, 3, 152, 8, 2, 4]
2019-10-02 10:10:35,740 INFO: COM6: blackbird: Trying to send an icmd with a packet of [1, 0, 129, 255, 3, 152, 8, 2, 4]
2019-10-02 10:10:35,842 INFO: COM6: blackbird: Trying to send an icmd with a packet of [1, 0, 129, 255, 3, 152, 8, 2, 4]
2019-10-02 10:10:35,945 INFO: COM6: blackbird: Trying to send an icmd with a packet of [1, 0, 129, 255, 3, 152, 8, 2, 4]
2019-10-02 10:10:36,046 INFO: COM6: blackbird: Trying to send an icmd with a packet of [1, 0, 129, 255, 3, 152, 8, 2, 4]
2019-10-02 10:10:36,148 INFO: COM6: blackbird: Trying to send an icmd with a packet of [1, 0, 129, 255, 3, 152, 8, 2, 4]
2019-10-02 10:10:36,250 INFO: COM6: blackbird: Trying to send an icmd with a packet of [1, 0, 129, 255, 3, 152, 8, 2, 4]
2019-10-02 10:10:36,352 INFO: COM6: blackbird: Trying to send an icmd with a packet of [1, 0, 129, 255, 3, 152, 8, 2, 4]
2019-10-02 10:10:36,455 INFO: COM6: blackbird: Trying to send an icmd with a packet of [1, 0, 129, 255, 3, 152, 8, 2, 4]
2019-10-02 10:10:36,557 INFO: COM6: blackbird: Trying to send an icmd with a packet of [1, 0, 129, 255, 3, 152, 8, 2, 4]
2019-10-02 10:10:36,658 INFO: COM6: blackbird: Trying to send an icmd with a packet of [1, 0, 129, 255, 3, 152, 8, 2, 4]
2019-10-02 10:10:36,761 INFO: COM6: blackbird: Trying to send an icmd with a packet of [1, 0, 129, 255, 3, 152, 8, 2, 4]
2019-10-02 10:10:36,863 INFO: COM6: blackbird: Trying to send an icmd with a packet of [1, 0, 129, 255, 3, 152, 8, 2, 4]
2019-10-02 10:10:36,966 INFO: COM6: blackbird: Trying to send an icmd with a packet of [1, 0, 129, 255, 3, 152, 8, 2, 4]
2019-10-02 10:10:37,069 INFO: COM6: blackbird: Trying to send an icmd with a packet of [1, 0, 129, 255, 3, 152, 8, 2, 4]
2019-10-02 10:10:37,171 INFO: COM6: blackbird: Trying to send an icmd with a packet of [1, 0, 129, 255, 3, 152, 8, 2, 4]
2019-10-02 10:10:37,273 INFO: COM6: blackbird: Trying to send an icmd with a packet of [1, 0, 129, 255, 3, 152, 8, 2, 4]
2019-10-02 10:10:37,375 INFO: COM6: blackbird: Trying to send an icmd with a packet of [1, 0, 129, 255, 3, 152, 8, 2, 4]
2019-10-02 10:10:37,477 INFO: COM6: blackbird: Trying to send an icmd with a packet of [1, 0, 129, 255, 3, 152, 8, 2, 4]
2019-10-02 10:10:37,579 INFO: COM6: blackbird: Trying to send an icmd with a packet of [1, 0, 129, 255, 3, 152, 8, 2, 4]
2019-10-02 10:10:37,682 INFO: COM6: blackbird: Trying to send an icmd with a packet of [1, 0, 129, 255, 3, 152, 8, 2, 4]
2019-10-02 10:10:37,783 INFO: COM6: blackbird: Trying to send an icmd with a packet of [1, 0, 129, 255, 3, 152, 8, 2, 4]
2019-10-02 10:10:37,885 INFO: COM6: blackbird: Trying to send an icmd with a packet of [1, 0, 129, 255, 3, 152, 8, 2, 4]
2019-10-02 10:10:37,988 INFO: COM6: blackbird: Trying to send an icmd with a packet of [1, 0, 129, 255, 3, 152, 8, 2, 4]
2019-10-02 10:10:38,090 INFO: COM6: blackbird: Trying to send an icmd with a packet of [1, 0, 129, 255, 3, 152, 8, 2, 4]
2019-10-02 10:10:38,192 INFO: COM6: blackbird: Trying to send an icmd with a packet of [1, 0, 129, 255, 3, 152, 8, 2, 4]
2019-10-02 10:10:38,295 INFO: COM6: blackbird: Trying to send an icmd with a packet of [1, 0, 129, 255, 3, 152, 8, 2, 4]
2019-10-02 10:10:38,397 INFO: COM6: blackbird: Trying to send an icmd with a packet of [1, 0, 129, 255, 3, 152, 8, 2, 4]
2019-10-02 10:10:38,499 INFO: COM6: blackbird: Trying to send an icmd with a packet of [1, 0, 129, 255, 3, 152, 8, 2, 4]
2019-10-02 10:10:38,601 INFO: COM6: blackbird: Trying to send an icmd with a packet of [1, 0, 129, 255, 3, 152, 8, 2, 4]
2019-10-02 10:10:38,703 INFO: COM6: blackbird: Trying to send an icmd with a packet of [1, 0, 129, 255, 3, 152, 8, 2, 4]
2019-10-02 10:10:38,805 INFO: COM6: blackbird: Trying to send an icmd with a packet of [1, 0, 129, 255, 3, 152, 8, 2, 4]
2019-10-02 10:10:38,908 INFO: COM6: blackbird: Trying to send an icmd with a packet of [1, 0, 129, 255, 3, 152, 8, 2, 4]
2019-10-02 10:10:39,010 INFO: COM6: blackbird: Trying to send an icmd with a packet of [1, 0, 129, 255, 3, 152, 8, 2, 4]
2019-10-02 10:10:39,113 INFO: COM6: blackbird: Trying to send an icmd with a packet of [1, 0, 129, 255, 3, 152, 8, 2, 4]
2019-10-02 10:10:39,214 INFO: COM6: blackbird: Trying to send an icmd with a packet of [1, 0, 129, 255, 3, 152, 8, 2, 4]
2019-10-02 10:10:39,318 INFO: COM6: blackbird: Trying to send an icmd with a packet of [1, 0, 129, 255, 3, 152, 8, 2, 4]
2019-10-02 10:10:39,419 INFO: COM6: blackbird: Trying to send an icmd with a packet of [1, 0, 129, 255, 3, 152, 8, 2, 4]
2019-10-02 10:10:39,521 INFO: COM6: blackbird: Trying to send an icmd with a packet of [1, 0, 129, 255, 3, 152, 8, 2, 4]
2019-10-02 10:10:39,624 INFO: COM6: blackbird: Trying to send an icmd with a packet of [1, 0, 129, 255, 3, 152, 8, 2, 4]
2019-10-02 10:10:39,726 INFO: COM6: blackbird: Trying to send an icmd with a packet of [1, 0, 129, 255, 3, 152, 8, 2, 4]
2019-10-02 10:10:39,828 INFO: COM6: blackbird: Trying to send an icmd with a packet of [1, 0, 129, 255, 3, 152, 8, 2, 4]
2019-10-02 10:10:39,931 INFO: COM6: blackbird: Trying to send an icmd with a packet of [1, 0, 129, 255, 3, 152, 8, 2, 4]
2019-10-02 10:10:40,033 INFO: COM6: blackbird: Trying to send an icmd with a packet of [1, 0, 129, 255, 3, 152, 8, 2, 4]
2019-10-02 10:10:40,134 INFO: COM6: blackbird: Trying to send an icmd with a packet of [1, 0, 129, 255, 3, 152, 8, 2, 4]
2019-10-02 10:10:40,236 INFO: COM6: blackbird: Trying to send an icmd with a packet of [1, 0, 129, 255, 3, 152, 8, 2, 4]
2019-10-02 10:10:40,338 INFO: COM6: blackbird: Trying to send an icmd with a packet of [1, 0, 129, 255, 3, 152, 8, 2, 4]
2019-10-02 10:10:40,440 INFO: COM6: blackbird: Trying to send an icmd with a packet of [1, 0, 129, 255, 3, 152, 8, 2, 4]
2019-10-02 10:10:40,542 INFO: COM6: blackbird: Trying to send an icmd with a packet of [1, 0, 129, 255, 3, 152, 8, 2, 4]
2019-10-02 10:10:40,644 INFO: COM6: blackbird: Trying to send an icmd with a packet of [1, 0, 129, 255, 3, 152, 8, 2, 4]
2019-10-02 10:10:40,746 INFO: COM6: blackbird: Trying to send an icmd with a packet of [1, 0, 129, 255, 3, 152, 8, 2, 4]
2019-10-02 10:10:40,850 INFO: COM6: blackbird: Trying to send an icmd with a packet of [1, 0, 129, 255, 3, 152, 8, 2, 4]
2019-10-02 10:10:40,951 INFO: COM6: blackbird: Trying to send an icmd with a packet of [1, 0, 129, 255, 3, 152, 8, 2, 4]
2019-10-02 10:10:41,053 INFO: COM6: blackbird: Trying to send an icmd with a packet of [1, 0, 129, 255, 3, 152, 8, 2, 4]
2019-10-02 10:10:41,155 INFO: COM6: blackbird: Trying to send an icmd with a packet of [1, 0, 129, 255, 3, 152, 8, 2, 4]
2019-10-02 10:10:41,256 INFO: COM6: blackbird: Trying to send an icmd with a packet of [1, 0, 129, 255, 3, 152, 8, 2, 4]
2019-10-02 10:10:41,358 INFO: COM6: blackbird: Trying to send an icmd with a packet of [1, 0, 129, 255, 3, 152, 8, 2, 4]
2019-10-02 10:10:41,461 INFO: COM6: blackbird: Trying to send an icmd with a packet of [1, 0, 129, 255, 3, 152, 8, 2, 4]
2019-10-02 10:10:41,563 INFO: COM6: blackbird: Trying to send an icmd with a packet of [1, 0, 129, 255, 3, 152, 8, 2, 4]
2019-10-02 10:10:41,665 INFO: COM6: blackbird: Trying to send an icmd with a packet of [1, 0, 129, 255, 3, 152, 8, 2, 4]
2019-10-02 10:10:41,769 INFO: COM6: blackbird: Trying to send an icmd with a packet of [1, 0, 129, 255, 3, 152, 8, 2, 4]
2019-10-02 10:10:41,871 INFO: COM6: blackbird: Trying to send an icmd with a packet of [1, 0, 129, 255, 3, 152, 8, 2, 4]
2019-10-02 10:10:41,973 INFO: COM6: blackbird: Trying to send an icmd with a packet of [1, 0, 129, 255, 3, 152, 8, 2, 4]
2019-10-02 10:10:42,075 INFO: COM6: blackbird: Trying to send an icmd with a packet of [1, 0, 129, 255, 3, 152, 8, 2, 4]
2019-10-02 10:10:42,177 INFO: COM6: blackbird: Trying to send an icmd with a packet of [1, 0, 129, 255, 3, 152, 8, 2, 4]
2019-10-02 10:10:42,280 INFO: COM6: blackbird: Trying to send an icmd with a packet of [1, 0, 129, 255, 3, 152, 8, 2, 4]
2019-10-02 10:10:42,382 INFO: COM6: blackbird: Trying to send an icmd with a packet of [1, 0, 129, 255, 3, 152, 8, 2, 4]
2019-10-02 10:10:42,484 INFO: COM6: blackbird: Trying to send an icmd with a packet of [1, 0, 129, 255, 3, 152, 8, 2, 4]
2019-10-02 10:10:42,586 INFO: COM6: blackbird: Trying to send an icmd with a packet of [1, 0, 129, 255, 3, 152, 8, 2, 4]
2019-10-02 10:10:42,689 INFO: COM6: blackbird: Trying to send an icmd with a packet of [1, 0, 129, 255, 3, 152, 8, 2, 4]
2019-10-02 10:10:42,791 INFO: COM6: blackbird: Trying to send an icmd with a packet of [1, 0, 129, 255, 3, 152, 8, 2, 4]
2019-10-02 10:10:42,894 INFO: COM6: blackbird: Trying to send an icmd with a packet of [1, 0, 129, 255, 3, 152, 8, 2, 4]
2019-10-02 10:10:42,996 INFO: COM6: blackbird: Trying to send an icmd with a packet of [1, 0, 129, 255, 3, 152, 8, 2, 4]
2019-10-02 10:10:43,099 INFO: COM6: blackbird: Trying to send an icmd with a packet of [1, 0, 129, 255, 3, 152, 8, 2, 4]
2019-10-02 10:10:43,200 INFO: COM6: blackbird: Trying to send an icmd with a packet of [1, 0, 129, 255, 3, 152, 8, 2, 4]
2019-10-02 10:10:43,302 INFO: COM6: blackbird: Trying to send an icmd with a packet of [1, 0, 129, 255, 3, 152, 8, 2, 4]
2019-10-02 10:10:43,405 INFO: COM6: blackbird: Trying to send an icmd with a packet of [1, 0, 129, 255, 3, 152, 8, 2, 4]
2019-10-02 10:10:43,507 INFO: COM6: blackbird: Trying to send an icmd with a packet of [1, 0, 129, 255, 3, 152, 8, 2, 4]
2019-10-02 10:10:43,609 INFO: COM6: blackbird: Trying to send an icmd with a packet of [1, 0, 129, 255, 3, 152, 8, 2, 4]
2019-10-02 10:10:43,712 INFO: COM6: blackbird: Trying to send an icmd with a packet of [1, 0, 129, 255, 3, 152, 8, 2, 4]
2019-10-02 10:10:43,815 INFO: COM6: blackbird: Trying to send an icmd with a packet of [1, 0, 129, 255, 3, 152, 8, 2, 4]
2019-10-02 10:10:43,917 INFO: COM6: blackbird: Trying to send an icmd with a packet of [1, 0, 129, 255, 3, 152, 8, 2, 4]
2019-10-02 10:10:44,019 INFO: COM6: blackbird: Trying to send an icmd with a packet of [1, 0, 129, 255, 3, 152, 8, 2, 4]
2019-10-02 10:10:44,120 INFO: COM6: blackbird: Trying to send an icmd with a packet of [1, 0, 129, 255, 3, 152, 8, 2, 4]
2019-10-02 10:10:44,224 INFO: COM6: blackbird: Trying to send an icmd with a packet of [1, 0, 129, 255, 3, 152, 8, 2, 4]
2019-10-02 10:10:44,325 INFO: COM6: blackbird: Trying to send an icmd with a packet of [1, 0, 129, 255, 3, 152, 8, 2, 4]
2019-10-02 10:10:44,427 INFO: COM6: blackbird: Trying to send an icmd with a packet of [1, 0, 129, 255, 3, 152, 8, 2, 4]
2019-10-02 10:10:44,529 INFO: COM6: blackbird: Trying to send an icmd with a packet of [1, 0, 129, 255, 3, 152, 8, 2, 4]
2019-10-02 10:10:44,631 INFO: COM6: blackbird: Trying to send an icmd with a packet of [1, 0, 129, 255, 3, 152, 8, 2, 4]
2019-10-02 10:10:44,734 INFO: COM6: blackbird: Trying to send an icmd with a packet of [1, 0, 129, 255, 3, 152, 8, 2, 4]
2019-10-02 10:10:44,836 INFO: COM6: blackbird: Trying to send an icmd with a packet of [1, 0, 129, 255, 3, 152, 8, 2, 4]
2019-10-02 10:10:44,938 INFO: COM6: blackbird: Trying to send an icmd with a packet of [1, 0, 129, 255, 3, 152, 8, 2, 4]
2019-10-02 10:10:45,041 INFO: COM6: blackbird: Trying to send an icmd with a packet of [1, 0, 129, 255, 3, 152, 8, 2, 4]
2019-10-02 10:10:45,143 INFO: COM6: blackbird: Trying to send an icmd with a packet of [1, 0, 129, 255, 3, 152, 8, 2, 4]
2019-10-02 10:10:45,245 INFO: COM6: blackbird: Trying to send an icmd with a packet of [1, 0, 129, 255, 3, 152, 8, 2, 4]
2019-10-02 10:10:45,348 INFO: COM6: blackbird: Trying to send an icmd with a packet of [1, 0, 129, 255, 3, 152, 8, 2, 4]
2019-10-02 10:10:45,450 INFO: COM6: blackbird: Trying to send an icmd with a packet of [1, 0, 129, 255, 3, 152, 8, 2, 4]
2019-10-02 10:10:45,552 INFO: COM6: blackbird: Trying to send an icmd with a packet of [1, 0, 129, 255, 3, 152, 8, 2, 4]
2019-10-02 10:10:45,654 INFO: COM6: blackbird: Trying to send an icmd with a packet of [1, 0, 129, 255, 3, 152, 8, 2, 4]
2019-10-02 10:10:45,757 INFO: COM6: blackbird: Trying to send an icmd with a packet of [1, 0, 129, 255, 3, 152, 8, 2, 4]
2019-10-02 10:10:45,859 INFO: COM6: blackbird: Trying to send an icmd with a packet of [1, 0, 129, 255, 3, 152, 8, 2, 4]
2019-10-02 10:10:45,961 INFO: COM6: blackbird: Trying to send an icmd with a packet of [1, 0, 129, 255, 3, 152, 8, 2, 4]
2019-10-02 10:10:46,064 INFO: COM6: blackbird: Trying to send an icmd with a packet of [1, 0, 129, 255, 3, 152, 8, 2, 4]
2019-10-02 10:10:46,167 INFO: COM6: blackbird: Trying to send an icmd with a packet of [1, 0, 129, 255, 3, 152, 8, 2, 4]
2019-10-02 10:10:46,270 INFO: COM6: blackbird: Trying to send an icmd with a packet of [1, 0, 129, 255, 3, 152, 8, 2, 4]
2019-10-02 10:10:46,372 INFO: COM6: blackbird: Trying to send an icmd with a packet of [1, 0, 129, 255, 3, 152, 8, 2, 4]
2019-10-02 10:10:46,474 INFO: COM6: blackbird: Trying to send an icmd with a packet of [1, 0, 129, 255, 3, 152, 8, 2, 4]
2019-10-02 10:10:46,576 INFO: COM6: blackbird: Trying to send an icmd with a packet of [1, 0, 129, 255, 3, 152, 8, 2, 4]
2019-10-02 10:10:46,678 INFO: COM6: blackbird: Trying to send an icmd with a packet of [1, 0, 129, 255, 3, 152, 8, 2, 4]
2019-10-02 10:10:46,781 INFO: COM6: blackbird: Trying to send an icmd with a packet of [1, 0, 129, 255, 3, 152, 8, 2, 4]
2019-10-02 10:10:46,883 INFO: COM6: blackbird: Trying to send an icmd with a packet of [1, 0, 129, 255, 3, 152, 8, 2, 4]
2019-10-02 10:10:46,985 INFO: COM6: blackbird: Trying to send an icmd with a packet of [1, 0, 129, 255, 3, 152, 8, 2, 4]
2019-10-02 10:10:47,087 INFO: COM6: blackbird: Trying to send an icmd with a packet of [1, 0, 129, 255, 3, 152, 8, 2, 4]
2019-10-02 10:10:47,190 INFO: COM6: blackbird: Trying to send an icmd with a packet of [1, 0, 129, 255, 3, 152, 8, 2, 4]
2019-10-02 10:10:47,292 INFO: COM6: blackbird: Trying to send an icmd with a packet of [1, 0, 129, 255, 3, 152, 8, 2, 4]
2019-10-02 10:10:47,394 INFO: COM6: blackbird: Trying to send an icmd with a packet of [1, 0, 129, 255, 3, 152, 8, 2, 4]
2019-10-02 10:10:47,497 INFO: COM6: blackbird: Trying to send an icmd with a packet of [1, 0, 129, 255, 3, 152, 8, 2, 4]
2019-10-02 10:10:47,599 INFO: COM6: blackbird: Trying to send an icmd with a packet of [1, 0, 129, 255, 3, 152, 8, 2, 4]
2019-10-02 10:10:47,702 INFO: COM6: blackbird: Trying to send an icmd with a packet of [1, 0, 129, 255, 3, 152, 8, 2, 4]
2019-10-02 10:10:47,803 INFO: COM6: blackbird: Trying to send an icmd with a packet of [1, 0, 129, 255, 3, 152, 8, 2, 4]
2019-10-02 10:10:47,905 INFO: COM6: blackbird: Trying to send an icmd with a packet of [1, 0, 129, 255, 3, 152, 8, 2, 4]
2019-10-02 10:10:48,008 INFO: COM6: blackbird: Trying to send an icmd with a packet of [1, 0, 129, 255, 3, 152, 8, 2, 4]
2019-10-02 10:10:48,109 INFO: COM6: blackbird: Trying to send an icmd with a packet of [1, 0, 129, 255, 3, 152, 8, 2, 4]
2019-10-02 10:10:48,211 INFO: COM6: blackbird: Trying to send an icmd with a packet of [1, 0, 129, 255, 3, 152, 8, 2, 4]
2019-10-02 10:10:48,315 INFO: COM6: blackbird: Trying to send an icmd with a packet of [1, 0, 129, 255, 3, 152, 8, 2, 4]
2019-10-02 10:10:48,416 INFO: COM6: blackbird: Trying to send an icmd with a packet of [1, 0, 129, 255, 3, 152, 8, 2, 4]
2019-10-02 10:10:48,519 INFO: COM6: blackbird: Trying to send an icmd with a packet of [1, 0, 129, 255, 3, 152, 8, 2, 4]
2019-10-02 10:10:48,621 INFO: COM6: blackbird: Trying to send an icmd with a packet of [1, 0, 129, 255, 3, 152, 8, 2, 4]
2019-10-02 10:10:48,723 INFO: COM6: blackbird: Trying to send an icmd with a packet of [1, 0, 129, 255, 3, 152, 8, 2, 4]
2019-10-02 10:10:48,825 INFO: COM6: blackbird: Trying to send an icmd with a packet of [1, 0, 129, 255, 3, 152, 8, 2, 4]
2019-10-02 10:10:48,927 INFO: COM6: blackbird: Trying to send an icmd with a packet of [1, 0, 129, 255, 3, 152, 8, 2, 4]
2019-10-02 10:10:49,029 INFO: COM6: blackbird: Trying to send an icmd with a packet of [1, 0, 129, 255, 3, 152, 8, 2, 4]
2019-10-02 10:10:49,131 INFO: COM6: blackbird: Trying to send an icmd with a packet of [1, 0, 129, 255, 3, 152, 8, 2, 4]
2019-10-02 10:10:49,234 INFO: COM6: blackbird: Trying to send an icmd with a packet of [1, 0, 129, 255, 3, 152, 8, 2, 4]
2019-10-02 10:10:49,336 INFO: COM6: blackbird: Trying to send an icmd with a packet of [1, 0, 129, 255, 3, 152, 8, 2, 4]
2019-10-02 10:10:49,438 INFO: COM6: blackbird: Trying to send an icmd with a packet of [1, 0, 129, 255, 3, 152, 8, 2, 4]
2019-10-02 10:10:49,540 INFO: COM6: blackbird: Trying to send an icmd with a packet of [1, 0, 129, 255, 3, 152, 8, 2, 4]
2019-10-02 10:10:49,642 INFO: COM6: blackbird: Trying to send an icmd with a packet of [1, 0, 129, 255, 3, 152, 8, 2, 4]
2019-10-02 10:10:49,744 INFO: COM6: blackbird: Trying to send an icmd with a packet of [1, 0, 129, 255, 3, 152, 8, 2, 4]
2019-10-02 10:10:49,847 INFO: COM6: blackbird: Trying to send an icmd with a packet of [1, 0, 129, 255, 3, 152, 8, 2, 4]
2019-10-02 10:10:49,948 INFO: COM6: blackbird: Trying to send an icmd with a packet of [1, 0, 129, 255, 3, 152, 8, 2, 4]
2019-10-02 10:10:50,051 INFO: COM6: blackbird: Trying to send an icmd with a packet of [1, 0, 129, 255, 3, 152, 8, 2, 4]
2019-10-02 10:10:50,153 INFO: COM6: blackbird: Trying to send an icmd with a packet of [1, 0, 129, 255, 3, 152, 8, 2, 4]
2019-10-02 10:10:50,254 INFO: COM6: blackbird: Trying to send an icmd with a packet of [1, 0, 129, 255, 3, 152, 8, 2, 4]
2019-10-02 10:10:50,357 INFO: COM6: blackbird: Trying to send an icmd with a packet of [1, 0, 129, 255, 3, 152, 8, 2, 4]
2019-10-02 10:10:50,460 INFO: COM6: blackbird: Trying to send an icmd with a packet of [1, 0, 129, 255, 3, 152, 8, 2, 4]
2019-10-02 10:10:50,562 INFO: COM6: blackbird: Trying to send an icmd with a packet of [1, 0, 129, 255, 3, 152, 8, 2, 4]
2019-10-02 10:10:50,664 INFO: COM6: blackbird: Trying to send an icmd with a packet of [1, 0, 129, 255, 3, 152, 8, 2, 4]
2019-10-02 10:10:50,766 INFO: COM6: blackbird: Trying to send an icmd with a packet of [1, 0, 129, 255, 3, 152, 8, 2, 4]
2019-10-02 10:10:50,868 INFO: COM6: blackbird: Trying to send an icmd with a packet of [1, 0, 129, 255, 3, 152, 8, 2, 4]
2019-10-02 10:10:50,970 INFO: COM6: blackbird: Trying to send an icmd with a packet of [1, 0, 129, 255, 3, 152, 8, 2, 4]
2019-10-02 10:10:51,071 INFO: COM6: blackbird: Trying to send an icmd with a packet of [1, 0, 129, 255, 3, 152, 8, 2, 4]
2019-10-02 10:10:51,173 INFO: COM6: blackbird: Trying to send an icmd with a packet of [1, 0, 129, 255, 3, 152, 8, 2, 4]
2019-10-02 10:10:51,275 INFO: COM6: blackbird: Trying to send an icmd with a packet of [1, 0, 129, 255, 3, 152, 8, 2, 4]
2019-10-02 10:10:51,381 INFO: COM6: blackbird: Trying to send an icmd with a packet of [1, 0, 129, 255, 3, 152, 8, 2, 4]
2019-10-02 10:10:51,483 INFO: COM6: blackbird: Trying to send an icmd with a packet of [1, 0, 129, 255, 3, 152, 8, 2, 4]
2019-10-02 10:10:51,586 INFO: COM6: blackbird: Trying to send an icmd with a packet of [1, 0, 129, 255, 3, 152, 8, 2, 4]
2019-10-02 10:10:51,688 INFO: COM6: blackbird: Trying to send an icmd with a packet of [1, 0, 129, 255, 3, 152, 8, 2, 4]
2019-10-02 10:10:51,790 INFO: COM6: blackbird: Trying to send an icmd with a packet of [1, 0, 129, 255, 3, 152, 8, 2, 4]
2019-10-02 10:10:51,892 INFO: COM6: blackbird: Trying to send an icmd with a packet of [1, 0, 129, 255, 3, 152, 8, 2, 4]
2019-10-02 10:10:51,995 INFO: COM6: blackbird: Trying to send an icmd with a packet of [1, 0, 129, 255, 3, 152, 8, 2, 4]
2019-10-02 10:10:52,096 INFO: COM6: blackbird: Trying to send an icmd with a packet of [1, 0, 129, 255, 3, 152, 8, 2, 4]
2019-10-02 10:10:52,199 INFO: COM6: blackbird: Trying to send an icmd with a packet of [1, 0, 129, 255, 3, 152, 8, 2, 4]
2019-10-02 10:10:52,301 INFO: COM6: blackbird: Trying to send an icmd with a packet of [1, 0, 129, 255, 3, 152, 8, 2, 4]
2019-10-02 10:10:52,403 INFO: COM6: blackbird: Trying to send an icmd with a packet of [1, 0, 129, 255, 3, 152, 8, 2, 4]
2019-10-02 10:10:52,504 INFO: COM6: blackbird: Trying to send an icmd with a packet of [1, 0, 129, 255, 3, 152, 8, 2, 4]
2019-10-02 10:10:52,606 INFO: COM6: blackbird: Trying to send an icmd with a packet of [1, 0, 129, 255, 3, 152, 8, 2, 4]
2019-10-02 10:10:52,708 INFO: COM6: blackbird: Trying to send an icmd with a packet of [1, 0, 129, 255, 3, 152, 8, 2, 4]
2019-10-02 10:10:52,810 INFO: COM6: blackbird: Trying to send an icmd with a packet of [1, 0, 129, 255, 3, 152, 8, 2, 4]
2019-10-02 10:10:52,913 INFO: COM6: blackbird: Trying to send an icmd with a packet of [1, 0, 129, 255, 3, 152, 8, 2, 4]
2019-10-02 10:10:53,016 INFO: COM6: blackbird: Trying to send an icmd with a packet of [1, 0, 129, 255, 3, 152, 8, 2, 4]
2019-10-02 10:10:53,117 INFO: COM6: blackbird: Trying to send an icmd with a packet of [1, 0, 129, 255, 3, 152, 8, 2, 4]
2019-10-02 10:10:53,219 INFO: COM6: blackbird: Trying to send an icmd with a packet of [1, 0, 129, 255, 3, 152, 8, 2, 4]
2019-10-02 10:10:53,323 INFO: COM6: blackbird: Trying to send an icmd with a packet of [1, 0, 129, 255, 3, 152, 8, 2, 4]
2019-10-02 10:10:53,425 INFO: COM6: blackbird: Trying to send an icmd with a packet of [1, 0, 129, 255, 3, 152, 8, 2, 4]
2019-10-02 10:10:53,527 INFO: COM6: blackbird: Trying to send an icmd with a packet of [1, 0, 129, 255, 3, 152, 8, 2, 4]
2019-10-02 10:10:53,631 INFO: COM6: blackbird: Trying to send an icmd with a packet of [1, 0, 129, 255, 3, 152, 8, 2, 4]
2019-10-02 10:10:53,733 INFO: COM6: blackbird: Trying to send an icmd with a packet of [1, 0, 129, 255, 3, 152, 8, 2, 4]
2019-10-02 10:10:53,836 INFO: COM6: blackbird: Trying to send an icmd with a packet of [1, 0, 129, 255, 3, 152, 8, 2, 4]
2019-10-02 10:10:53,938 INFO: COM6: blackbird: Trying to send an icmd with a packet of [1, 0, 129, 255, 3, 152, 8, 2, 4]
2019-10-02 10:10:54,040 INFO: COM6: blackbird: Trying to send an icmd with a packet of [1, 0, 129, 255, 3, 152, 8, 2, 4]
2019-10-02 10:10:54,142 INFO: COM6: blackbird: Trying to send an icmd with a packet of [1, 0, 129, 255, 3, 152, 8, 2, 4]
2019-10-02 10:10:54,245 INFO: COM6: blackbird: Trying to send an icmd with a packet of [1, 0, 129, 255, 3, 152, 8, 2, 4]
2019-10-02 10:10:54,347 INFO: COM6: blackbird: Trying to send an icmd with a packet of [1, 0, 129, 255, 3, 152, 8, 2, 4]
2019-10-02 10:10:54,450 INFO: COM6: blackbird: Trying to send an icmd with a packet of [1, 0, 129, 255, 3, 152, 8, 2, 4]
2019-10-02 10:10:54,553 INFO: COM6: blackbird: Trying to send an icmd with a packet of [1, 0, 129, 255, 3, 152, 8, 2, 4]
2019-10-02 10:10:54,655 INFO: COM6: blackbird: Trying to send an icmd with a packet of [1, 0, 129, 255, 3, 152, 8, 2, 4]
2019-10-02 10:10:54,758 INFO: COM6: blackbird: Trying to send an icmd with a packet of [1, 0, 129, 255, 3, 152, 8, 2, 4]
2019-10-02 10:10:54,860 INFO: COM6: blackbird: Trying to send an icmd with a packet of [1, 0, 129, 255, 3, 152, 8, 2, 4]
2019-10-02 10:10:54,963 INFO: COM6: blackbird: Trying to send an icmd with a packet of [1, 0, 129, 255, 3, 152, 8, 2, 4]
2019-10-02 10:10:55,064 INFO: COM6: blackbird: Trying to send an icmd with a packet of [1, 0, 129, 255, 3, 152, 8, 2, 4]
2019-10-02 10:10:55,166 INFO: COM6: blackbird: Trying to send an icmd with a packet of [1, 0, 129, 255, 3, 152, 8, 2, 4]
2019-10-02 10:10:55,268 INFO: COM6: blackbird: Trying to send an icmd with a packet of [1, 0, 129, 255, 3, 152, 8, 2, 4]
2019-10-02 10:10:55,370 INFO: COM6: blackbird: Trying to send an icmd with a packet of [1, 0, 129, 255, 3, 152, 8, 2, 4]
2019-10-02 10:10:55,472 INFO: COM6: blackbird: Trying to send an icmd with a packet of [1, 0, 129, 255, 3, 152, 8, 2, 4]
2019-10-02 10:10:55,575 INFO: COM6: blackbird: Trying to send an icmd with a packet of [1, 0, 129, 255, 3, 152, 8, 2, 4]
2019-10-02 10:10:55,677 INFO: COM6: blackbird: Trying to send an icmd with a packet of [1, 0, 129, 255, 3, 152, 8, 2, 4]
2019-10-02 10:10:55,778 INFO: COM6: blackbird: Trying to send an icmd with a packet of [1, 0, 129, 255, 3, 152, 8, 2, 4]
2019-10-02 10:10:55,881 INFO: COM6: blackbird: Trying to send an icmd with a packet of [1, 0, 129, 255, 3, 152, 8, 2, 4]
2019-10-02 10:10:55,983 INFO: COM6: blackbird: Trying to send an icmd with a packet of [1, 0, 129, 255, 3, 152, 8, 2, 4]
2019-10-02 10:10:56,085 INFO: COM6: blackbird: Trying to send an icmd with a packet of [1, 0, 129, 255, 3, 152, 8, 2, 4]
2019-10-02 10:10:56,187 INFO: COM6: blackbird: Trying to send an icmd with a packet of [1, 0, 129, 255, 3, 152, 8, 2, 4]
2019-10-02 10:10:56,288 INFO: COM6: blackbird: Trying to send an icmd with a packet of [1, 0, 129, 255, 3, 152, 8, 2, 4]
2019-10-02 10:10:56,390 INFO: COM6: blackbird: Trying to send an icmd with a packet of [1, 0, 129, 255, 3, 152, 8, 2, 4]
2019-10-02 10:10:56,492 INFO: COM6: blackbird: Trying to send an icmd with a packet of [1, 0, 129, 255, 3, 152, 8, 2, 4]
2019-10-02 10:10:56,594 INFO: COM6: blackbird: Trying to send an icmd with a packet of [1, 0, 129, 255, 3, 152, 8, 2, 4]
2019-10-02 10:10:56,696 INFO: COM6: blackbird: Trying to send an icmd with a packet of [1, 0, 129, 255, 3, 152, 8, 2, 4]
2019-10-02 10:10:56,799 INFO: COM6: blackbird: Trying to send an icmd with a packet of [1, 0, 129, 255, 3, 152, 8, 2, 4]
2019-10-02 10:10:56,902 INFO: COM6: blackbird: Trying to send an icmd with a packet of [1, 0, 129, 255, 3, 152, 8, 2, 4]
2019-10-02 10:10:57,003 INFO: COM6: blackbird: Trying to send an icmd with a packet of [1, 0, 129, 255, 3, 152, 8, 2, 4]
2019-10-02 10:10:57,106 INFO: COM6: blackbird: Trying to send an icmd with a packet of [1, 0, 129, 255, 3, 152, 8, 2, 4]
2019-10-02 10:10:57,209 INFO: COM6: blackbird: Trying to send an icmd with a packet of [1, 0, 129, 255, 3, 152, 8, 2, 4]
2019-10-02 10:10:57,311 INFO: COM6: blackbird: Trying to send an icmd with a packet of [1, 0, 129, 255, 3, 152, 8, 2, 4]
2019-10-02 10:10:57,414 INFO: COM6: blackbird: Trying to send an icmd with a packet of [1, 0, 129, 255, 3, 152, 8, 2, 4]
2019-10-02 10:10:57,516 INFO: COM6: blackbird: Trying to send an icmd with a packet of [1, 0, 129, 255, 3, 152, 8, 2, 4]
2019-10-02 10:10:57,619 INFO: COM6: blackbird: Trying to send an icmd with a packet of [1, 0, 129, 255, 3, 152, 8, 2, 4]
2019-10-02 10:10:57,721 INFO: COM6: blackbird: Trying to send an icmd with a packet of [1, 0, 129, 255, 3, 152, 8, 2, 4]
2019-10-02 10:10:57,823 INFO: COM6: blackbird: Trying to send an icmd with a packet of [1, 0, 129, 255, 3, 152, 8, 2, 4]
2019-10-02 10:10:57,925 INFO: COM6: blackbird: Trying to send an icmd with a packet of [1, 0, 129, 255, 3, 152, 8, 2, 4]
2019-10-02 10:10:58,029 INFO: COM6: blackbird: Trying to send an icmd with a packet of [1, 0, 129, 255, 3, 152, 8, 2, 4]
2019-10-02 10:10:58,130 INFO: COM6: blackbird: Trying to send an icmd with a packet of [1, 0, 129, 255, 3, 152, 8, 2, 4]
2019-10-02 10:10:58,233 INFO: COM6: blackbird: Trying to send an icmd with a packet of [1, 0, 129, 255, 3, 152, 8, 2, 4]
2019-10-02 10:10:58,335 INFO: COM6: blackbird: Trying to send an icmd with a packet of [1, 0, 129, 255, 3, 152, 8, 2, 4]
2019-10-02 10:10:58,437 INFO: COM6: blackbird: Trying to send an icmd with a packet of [1, 0, 129, 255, 3, 152, 8, 2, 4]
2019-10-02 10:10:58,540 INFO: COM6: blackbird: Trying to send an icmd with a packet of [1, 0, 129, 255, 3, 152, 8, 2, 4]
2019-10-02 10:11:01,620 INFO: COM6: blackbird: AuxTransaction Button is clicked
2019-10-02 10:11:14,994 INFO: COM6: blackbird: Aux Analyser folder is : C:\Users\Sumit.Rathore\Desktop\plugTest_2019\tests\New folder
2019-10-02 10:11:15,002 INFO: Device Type : LEX
2019-10-02 10:11:15,010 ERROR: COM6: blackbird: Encountered an error while loading aux_analyser.py: [Errno 2] Could not find a part of the path 'C:\Users\Sumit.Rathore\Desktop\plugTest_2019\tests\New folder\aux_transaction_LEX.txt'.: C:\Users\Sumit.Rathore\Desktop\plugTest_2019\tests\New folder\aux_transaction_LEX.txt
Traceback (most recent call last):
  File "C:\Users\Sumit.Rathore\Desktop\dp_cobs\Device.py", line 3245, in auxTransaction_click
    aux_trans = aux_analyser.aux_trace(self.dev, self.auxAnalyserPath)
  File "C:\Users\Sumit.Rathore\Desktop\dp_cobs\Scripts\aux_analyser.py", line 168, in __init__
    with open(self.path, "w") as aux_transaction_l:
IOError: [Errno 2] Could not find a part of the path 'C:\Users\Sumit.Rathore\Desktop\plugTest_2019\tests\New folder\aux_transaction_LEX.txt'.: C:\Users\Sumit.Rathore\Desktop\plugTest_2019\tests\New folder\aux_transaction_LEX.txt
2019-10-02 10:11:27,588 INFO: COM6: blackbird: AuxTransaction Button is clicked
2019-10-02 10:11:34,987 INFO: COM6: blackbird: Aux Analyser folder is : C:\Users\Sumit.Rathore\Desktop\plugTest_2019\tests\Apple_shanky
2019-10-02 10:11:34,987 INFO: Device Type : LEX
2019-10-02 10:11:34,990 INFO: output REX file opened
2019-10-02 10:11:35,048 INFO: C:\Users\Sumit.Rathore\Desktop\plugTest_2019\tests\Apple_shanky\aux_transaction_LEX.txt opened
2019-10-02 10:11:40,932 INFO: COM6: blackbird: Enable Aux Analyser button is checked
2019-10-02 10:11:40,935 INFO: COM6: blackbird: Trying to send an icmd with a packet of [1, 0, 129, 255, 7, 153, 7, 37, 0, 0, 0, 0, 4]
2019-10-02 10:11:43,444 INFO: COM6: blackbird: Go Button is clicked
2019-10-02 10:11:43,445 INFO: COM6: blackbird: Clear Button Status: False
2019-10-02 10:11:43,445 INFO: COM6: blackbird: Trying to send an icmd with a packet of [1, 0, 129, 255, 3, 152, 7, 36, 4]
2019-10-02 10:13:19,532 INFO: COM6: blackbird: DP Debug Button is clicked
2019-10-02 10:13:19,533 INFO: COM6: blackbird: Trying to send an icmd with a packet of [1, 0, 129, 255, 3, 152, 9, 0, 4]
2019-10-02 10:13:22,613 INFO: COM5: blackbird: DP Debug Button is clicked
2019-10-02 10:13:22,614 INFO: COM5: blackbird: Trying to send an icmd with a packet of [1, 0, 129, 255, 3, 152, 9, 0, 4]
2019-10-02 10:13:25,870 INFO: Exporting Device Logs
2019-10-02 10:16:54,159 INFO: COM6: blackbird: Dark Mode Button is clicked
2019-10-02 10:16:58,606 INFO: COM5: blackbird: Dark Mode Button is clicked
2019-10-02 10:20:25,907 INFO: COM6: Serial port pin changed event occurred
2019-10-02 10:22:14,922 INFO: COM6: Serial port pin changed event occurred
2019-10-02 13:03:07,136 INFO: COM5: blackbird: REX: Received software info
2019-10-02 13:03:12,467 INFO: COM5: Serial port disposed event occurred
2019-10-02 13:03:12,467 INFO: Device client blackbird connected to COM5 is removed
2019-10-02 13:03:12,469 INFO: COM5 serial port manager is removed
2019-10-02 13:03:12,483 INFO: COM6: Serial port disposed event occurred
2019-10-02 13:03:12,483 INFO: Device client blackbird connected to COM6 is removed
2019-10-02 13:03:12,484 INFO: COM6 serial port manager is removed
2019-10-02 13:03:12,506 WARNING: No device client blackbird found to be removed from port COM5.
2019-10-02 13:03:12,507 WARNING: No device client blackbird found to be removed from port COM6.
2019-10-02 13:03:12,512 INFO: Cobs exits
