2020-01-27 16:12:58,445 INFO: Cobs 1.1.3 release - June 25, 2019 on IronPython 2.7.5.0 on .NET 4.0.30319.42000
2020-01-27 16:12:58,491 INFO: Executing startup script
2020-01-27 16:13:04,756 INFO: Open Icron file button is clicked
2020-01-27 16:13:14,564 INFO: C:\Users\Sumit.Rathore\Desktop\dp_cobs\icron_file
2020-01-27 16:13:32,384 INFO: Icron file path is changed C:\Users\Sumit.Rathore\Desktop\dp_cobs\icron_file\cobs_current_debug.icron
2020-01-27 16:13:35,524 INFO: Icron file is loaded C:\Users\Sumit.Rathore\Desktop\dp_cobs\icron_file\cobs_current_debug.icron
2020-01-27 16:13:36,510 INFO: Add Device button is clicked
2020-01-27 16:13:36,561 INFO: COM5: blackbird: Icron model is loaded Z:\designs\blackbird\working\bhupinderr\DP\dp_sumit\blackbird_a7_debug_bin\cobs_current_debug.icron
2020-01-27 16:13:36,846 INFO: FPGA image : False
2020-01-27 16:13:36,869 INFO: COM5: blackbird: Device is created
2020-01-27 16:13:36,873 INFO: COM5: goldenears: Icron model is loaded Z:\designs\blackbird\working\bhupinderr\DP\dp_sumit\blackbird_a7_debug_bin\cobs_current_debug.icron
2020-01-27 16:13:36,904 INFO: FPGA image : True
2020-01-27 16:13:36,934 INFO: COM5: goldenears: Device is created
2020-01-27 16:13:37,010 INFO: COM5: blackbird: REX: Received software info
2020-01-27 16:13:37,100 INFO: COM5: blackbird: Device is connected
2020-01-27 16:13:39,285 INFO: Device client goldenears connected to COM5 is removed
2020-01-27 16:13:46,028 INFO: COM5: blackbird: Dark Mode Button is clicked
2020-01-27 16:19:24,435 INFO: COM5: Serial port disposed event occurred
2020-01-27 16:19:24,436 INFO: Device client blackbird connected to COM5 is removed
2020-01-27 16:19:24,437 INFO: COM5 serial port manager is removed
2020-01-27 16:19:24,444 WARNING: No device client blackbird found to be removed from port COM5.
2020-01-27 16:19:24,448 INFO: Cobs exits
