2019-10-02 13:03:20,529 INFO: Cobs 1.1.3 release - June 25, 2019 on IronPython 2.7.5.0 on .NET 4.0.30319.42000
2019-10-02 13:03:20,573 INFO: Executing startup script
2019-10-02 13:03:53,879 INFO: Open Icron file button is clicked
2019-10-02 13:03:55,942 INFO: C:\Users\Sumit.Rathore\Desktop\dp_cobs\icron_file
2019-10-02 13:03:56,389 INFO: Icron file path is changed C:\Users\Sumit.Rathore\Desktop\dp_cobs\icron_file\cobs_plug_test_debug.icron
2019-10-02 13:03:59,543 INFO: Icron file is loaded C:\Users\Sumit.Rathore\Desktop\dp_cobs\icron_file\cobs_plug_test_debug.icron
2019-10-02 13:04:02,185 INFO: Add Device button is clicked
2019-10-02 13:04:02,232 INFO: COM5: blackbird: Icron model is loaded C:\Users\Sumit.Rathore\Desktop\70\rex_imcd_to_force_last_tu_4\cobs_plug_test_debug.icron
2019-10-02 13:04:02,491 INFO: FPGA image : False
2019-10-02 13:04:02,515 INFO: COM5: blackbird: Device is created
2019-10-02 13:04:02,527 INFO: COM5: goldenears: Icron model is loaded C:\Users\Sumit.Rathore\Desktop\70\rex_imcd_to_force_last_tu_4\cobs_plug_test_debug.icron
2019-10-02 13:04:02,560 INFO: FPGA image : True
2019-10-02 13:04:02,593 INFO: COM5: goldenears: Device is created
2019-10-02 13:04:02,652 INFO: COM5: blackbird: REX: Received software info
2019-10-02 13:04:02,742 INFO: COM5: blackbird: Device is connected
2019-10-02 13:04:03,698 INFO: Device client goldenears connected to COM5 is removed
2019-10-02 13:04:08,360 INFO: Add Device button is clicked
2019-10-02 13:04:08,363 INFO: COM6: blackbird: Icron model is loaded C:\Users\Sumit.Rathore\Desktop\70\rex_imcd_to_force_last_tu_4\cobs_plug_test_debug.icron
2019-10-02 13:04:08,414 INFO: FPGA image : False
2019-10-02 13:04:08,420 INFO: COM6: blackbird: Device is created
2019-10-02 13:04:08,423 INFO: COM6: goldenears: Icron model is loaded C:\Users\Sumit.Rathore\Desktop\70\rex_imcd_to_force_last_tu_4\cobs_plug_test_debug.icron
2019-10-02 13:04:08,458 INFO: FPGA image : True
2019-10-02 13:04:08,470 INFO: COM6: goldenears: Device is created
2019-10-02 13:04:08,516 INFO: COM6: blackbird: LEX: Received software info
2019-10-02 13:04:08,614 INFO: COM6: blackbird: Device is connected
2019-10-02 13:04:09,880 INFO: Device client goldenears connected to COM6 is removed
2019-10-02 13:05:30,817 INFO: COM6: blackbird: DP Debug Button is clicked
2019-10-02 13:05:30,825 INFO: COM6: blackbird: Trying to send an icmd with a packet of [1, 0, 129, 255, 3, 152, 9, 0, 4]
2019-10-02 13:05:34,928 INFO: COM5: blackbird: DP Debug Button is clicked
2019-10-02 13:05:34,930 INFO: COM5: blackbird: Trying to send an icmd with a packet of [1, 0, 129, 255, 3, 152, 9, 0, 4]
2019-10-02 13:09:18,672 INFO: COM6: blackbird: DP Debug Button is clicked
2019-10-02 13:09:18,673 INFO: COM6: blackbird: Trying to send an icmd with a packet of [1, 0, 129, 255, 3, 152, 9, 0, 4]
2019-10-02 13:09:19,953 INFO: COM6: blackbird: DP Stats Button is clicked
2019-10-02 13:09:19,955 INFO: COM6: blackbird: Trying to send an icmd with a packet of [1, 0, 129, 255, 3, 152, 9, 1, 4]
2019-10-02 13:09:23,545 INFO: COM5: blackbird: DP Debug Button is clicked
2019-10-02 13:09:23,546 INFO: COM5: blackbird: Trying to send an icmd with a packet of [1, 0, 129, 255, 3, 152, 9, 0, 4]
2019-10-02 13:09:24,392 INFO: COM5: blackbird: DP Stats Button is clicked
2019-10-02 13:09:24,394 INFO: COM5: blackbird: Trying to send an icmd with a packet of [1, 0, 129, 255, 3, 152, 9, 1, 4]
2019-10-02 13:11:18,320 INFO: COM6: blackbird: DP Stats Button is clicked
2019-10-02 13:11:18,322 INFO: COM6: blackbird: Trying to send an icmd with a packet of [1, 0, 129, 255, 3, 152, 9, 1, 4]
2019-10-02 13:11:20,561 INFO: COM6: blackbird: DP Stats Button is clicked
2019-10-02 13:11:20,562 INFO: COM6: blackbird: Trying to send an icmd with a packet of [1, 0, 129, 255, 3, 152, 9, 1, 4]
2019-10-02 13:11:22,336 INFO: COM6: blackbird: DP Debug Button is clicked
2019-10-02 13:11:22,338 INFO: COM6: blackbird: Trying to send an icmd with a packet of [1, 0, 129, 255, 3, 152, 9, 0, 4]
2019-10-02 13:16:51,041 INFO: COM6: blackbird: SWversion Button is clicked
2019-10-02 13:16:51,044 INFO: COM6: blackbird: Trying to send an icmd with a packet of [1, 0, 129, 255, 3, 152, 2, 0, 4]
2019-10-02 13:16:55,113 INFO: COM5: blackbird: SWversion Button is clicked
2019-10-02 13:16:55,114 INFO: COM5: blackbird: Trying to send an icmd with a packet of [1, 0, 129, 255, 3, 152, 2, 0, 4]
2019-10-02 13:18:59,354 INFO: Exporting Device Logs
2019-10-02 15:36:36,219 INFO: COM5: blackbird: REX: Received software info
2019-10-02 15:36:38,547 INFO: COM6: blackbird: Received an invalid packet=[1, 0, 128, 255, 1, 0, 128]
2019-10-02 15:36:38,634 INFO: COM6: blackbird: Received an invalid packet=[255]
2019-10-02 15:36:38,754 INFO: COM6: blackbird: Received an invalid packet=[8]
2019-10-02 15:36:38,772 INFO: COM6: blackbird: Received an invalid packet=[248]
2019-10-02 15:36:38,787 INFO: COM6: blackbird: Received an invalid packet=[2]
2019-10-02 15:36:38,819 INFO: COM6: blackbird: Received an invalid packet=[26]
2019-10-02 15:36:38,830 INFO: COM6: blackbird: Received an invalid packet=[5]
2019-10-02 15:36:38,838 INFO: COM6: blackbird: Received an invalid packet=[0]
2019-10-02 15:36:38,852 INFO: COM6: blackbird: Received an invalid packet=[0]
2019-10-02 15:36:38,863 INFO: COM6: blackbird: Received an invalid packet=[2]
2019-10-02 15:36:38,875 INFO: COM6: blackbird: Received an invalid packet=[28]
2019-10-02 15:36:38,886 INFO: COM6: blackbird: Received an invalid packet=[4]
2019-10-02 15:36:38,902 INFO: COM6: blackbird: LEX: Received software info
2019-10-02 15:36:42,113 INFO: COM6: blackbird: Clear Output Button is clicked
2019-10-02 15:36:44,689 INFO: COM5: blackbird: Clear Output Button is clicked
2019-10-02 15:37:37,265 INFO: COM5: blackbird: SWversion Button is clicked
2019-10-02 15:37:37,266 INFO: COM5: blackbird: Trying to send an icmd with a packet of [1, 0, 129, 255, 3, 152, 2, 0, 4]
2019-10-02 15:37:53,385 INFO: COM5: blackbird: iCommands Button is clicked
2019-10-02 15:38:06,710 INFO: COM5: blackbird: Trying to send an icmd with a packet of [1, 0, 129, 255, 7, 153, 7, 28, 0, 0, 0, 1, 4]
2019-10-02 15:38:07,001 INFO: COM5: blackbird: Trying to send an icmd with a packet of [1, 0, 129, 255, 7, 153, 7, 28, 0, 0, 0, 1, 4]
2019-10-02 15:38:07,145 INFO: COM5: blackbird: Trying to send an icmd with a packet of [1, 0, 129, 255, 7, 153, 7, 28, 0, 0, 0, 1, 4]
2019-10-02 15:38:11,546 INFO: COM5: blackbird: Reset Device Button is clicked
2019-10-02 15:38:11,549 INFO: COM5: blackbird: Reset device
2019-10-02 15:38:11,553 INFO: COM5: blackbird: Got a response=[1] for reset device
2019-10-02 15:38:15,610 INFO: COM5: blackbird: REX: Received software info
2019-10-02 15:38:38,309 INFO: COM5: blackbird: Test Assert Button is clicked
2019-10-02 15:38:38,311 INFO: COM5: blackbird: Trying to send an icmd with a packet of [1, 0, 129, 255, 3, 152, 2, 3, 4]
2019-10-02 15:38:41,824 INFO: COM5: blackbird: Suspend Checkbox is clicked
2019-10-02 15:38:48,624 INFO: COM5: blackbird: Suspend Checkbox is clicked
2019-10-02 15:38:49,328 INFO: COM5: blackbird: Reset Device Button is clicked
2019-10-02 15:38:49,331 INFO: COM5: blackbird: Reset device
2019-10-02 15:38:49,335 INFO: COM5: blackbird: Got a response=[1] for reset device
2019-10-02 15:38:50,633 INFO: COM5: blackbird: Clear Output Button is clicked
2019-10-02 15:38:53,391 INFO: COM5: blackbird: REX: Received software info
2019-10-02 15:38:58,265 INFO: COM5: blackbird: Suspend Checkbox is clicked
2019-10-02 15:38:58,809 INFO: COM5: blackbird: Clear Output Button is clicked
2019-10-02 15:39:12,345 INFO: COM5: blackbird: Suspend Checkbox is clicked
2019-10-02 15:39:15,913 INFO: COM5: blackbird: Go Button is clicked
2019-10-02 15:39:15,915 INFO: COM5: blackbird: Clear Button Status: False
2019-10-02 15:39:15,915 INFO: COM5: blackbird: Trying to send an icmd with a packet of [1, 0, 129, 255, 3, 152, 7, 36, 4]
2019-10-02 15:39:18,465 INFO: COM5: blackbird: Suspend Checkbox is clicked
2019-10-02 15:39:20,001 INFO: COM5: blackbird: Clear Output Button is clicked
2019-10-02 15:39:21,497 INFO: COM5: blackbird: Suspend Checkbox is clicked
2019-10-02 15:39:22,457 INFO: COM5: blackbird: Go Button is clicked
2019-10-02 15:39:22,459 INFO: COM5: blackbird: Clear Button Status: False
2019-10-02 15:39:22,459 INFO: COM5: blackbird: Trying to send an icmd with a packet of [1, 0, 129, 255, 3, 152, 7, 36, 4]
2019-10-02 15:39:28,561 INFO: COM5: blackbird: Reset Device Button is clicked
2019-10-02 15:39:28,562 INFO: COM5: blackbird: Reset device
2019-10-02 15:39:28,566 INFO: COM5: blackbird: Got a response=[1] for reset device
2019-10-02 15:39:29,265 INFO: COM5: blackbird: Clear Output Button is clicked
2019-10-02 15:39:32,622 INFO: COM5: blackbird: REX: Received software info
2019-10-02 15:40:36,723 INFO: COM5: blackbird: Suspend Checkbox is clicked
2019-10-02 15:40:43,545 INFO: COM5: blackbird: Test Assert Button is clicked
2019-10-02 15:40:43,547 INFO: COM5: blackbird: Trying to send an icmd with a packet of [1, 0, 129, 255, 3, 152, 2, 3, 4]
2019-10-02 15:40:57,777 INFO: COM5: blackbird: Suspend Checkbox is clicked
2019-10-02 15:40:58,577 INFO: COM5: blackbird: Clear Output Button is clicked
2019-10-02 15:40:59,865 INFO: COM5: blackbird: Read DPCD Button is clicked
2019-10-02 15:40:59,867 INFO: COM5: blackbird: Trying to send an icmd with a packet of [1, 0, 129, 255, 3, 152, 7, 25, 4]
2019-10-02 15:41:03,721 INFO: COM5: blackbird: Interpred DPCD Button is clicked
2019-10-02 15:41:16,706 INFO: COM5: blackbird: edidPrint Button is clicked
2019-10-02 15:41:16,710 INFO: COM5: blackbird: Trying to send an icmd with a packet of [1, 0, 129, 255, 3, 152, 7, 24, 4]
2019-10-02 15:41:16,711 INFO: COM5: blackbird: Trying to send an icmd with a packet of [1, 0, 129, 255, 3, 152, 7, 2, 4]
2019-10-02 15:41:23,426 INFO: COM5: blackbird: EDID Timing Button is clicked
2019-10-02 15:41:25,817 INFO: COM5: blackbird: Reset Device Button is clicked
2019-10-02 15:41:25,819 INFO: COM5: blackbird: Reset device
2019-10-02 15:41:25,822 INFO: COM5: blackbird: Got a response=[1] for reset device
2019-10-02 15:41:29,883 INFO: COM5: blackbird: REX: Received software info
2019-10-02 15:41:36,361 INFO: COM5: blackbird: DP Debug Button is clicked
2019-10-02 15:41:36,363 INFO: COM5: blackbird: Trying to send an icmd with a packet of [1, 0, 129, 255, 3, 152, 9, 0, 4]
2019-10-02 15:42:07,529 INFO: COM5: blackbird: DP Debug Button is clicked
2019-10-02 15:42:07,531 INFO: COM5: blackbird: Trying to send an icmd with a packet of [1, 0, 129, 255, 3, 152, 9, 0, 4]
2019-10-02 15:43:49,145 INFO: COM5: blackbird: DP Debug Button is clicked
2019-10-02 15:43:49,147 INFO: COM5: blackbird: Trying to send an icmd with a packet of [1, 0, 129, 255, 3, 152, 9, 0, 4]
2019-10-02 15:46:31,614 INFO: COM5: blackbird: Changing Lane Count
2019-10-02 15:46:31,616 INFO: COM5: blackbird: Lane Count Selected
2019-10-02 15:46:31,617 INFO: COM5: blackbird: Trying to send an icmd with a packet of [1, 0, 129, 255, 11, 154, 7, 26, 0, 0, 0, 0, 0, 0, 0, 0, 4]
2019-10-02 15:46:44,909 INFO: COM5: blackbird: Changing Lane Count
2019-10-02 15:46:44,910 INFO: COM5: blackbird: Lane Count Selected
2019-10-02 15:46:44,911 INFO: COM5: blackbird: Trying to send an icmd with a packet of [1, 0, 129, 255, 11, 154, 7, 26, 0, 0, 0, 0, 0, 0, 0, 1, 4]
2019-10-02 15:46:50,329 INFO: COM5: blackbird: Go Button is clicked
2019-10-02 15:46:50,331 INFO: COM5: blackbird: Clear Button Status: False
2019-10-02 15:46:50,331 INFO: COM5: blackbird: Trying to send an icmd with a packet of [1, 0, 129, 255, 3, 152, 7, 36, 4]
2019-10-02 15:46:56,489 INFO: COM5: blackbird: DP Debug Button is clicked
2019-10-02 15:46:56,491 INFO: COM5: blackbird: Trying to send an icmd with a packet of [1, 0, 129, 255, 3, 152, 9, 0, 4]
2019-10-02 15:47:53,001 INFO: COM5: blackbird: Suspend Checkbox is clicked
2019-10-02 15:48:48,348 INFO: COM5: blackbird: Suspend Checkbox is clicked
2019-10-02 17:11:13,454 INFO: Exporting Device Logs
2019-10-02 17:11:52,573 INFO: COM5: Serial port disposed event occurred
2019-10-02 17:11:52,574 INFO: Device client blackbird connected to COM5 is removed
2019-10-02 17:11:52,577 INFO: COM5 serial port manager is removed
2019-10-02 17:11:52,605 INFO: COM6: Serial port disposed event occurred
2019-10-02 17:11:52,605 INFO: Device client blackbird connected to COM6 is removed
2019-10-02 17:11:52,606 INFO: COM6 serial port manager is removed
2019-10-02 17:11:52,613 WARNING: No device client blackbird found to be removed from port COM5.
2019-10-02 17:11:52,613 WARNING: No device client blackbird found to be removed from port COM6.
2019-10-02 17:11:52,616 INFO: Cobs exits
