2019-11-06 16:20:14,150 INFO: Cobs 1.1.3 release - June 25, 2019 on IronPython 2.7.5.0 on .NET 4.0.30319.42000
2019-11-06 16:20:14,210 INFO: Executing startup script
2019-11-06 16:20:17,751 INFO: Open Icron file button is clicked
2019-11-06 16:20:20,075 INFO: C:\Users\Sumit.Rathore\Desktop\dp_cobs\icron_file
2019-11-06 16:20:20,574 INFO: Icron file path is changed C:\Users\Sumit.Rathore\Desktop\dp_cobs\icron_file\cobs_plug_test_debug.icron
2019-11-06 16:20:23,816 INFO: Icron file is loaded C:\Users\Sumit.Rathore\Desktop\dp_cobs\icron_file\cobs_plug_test_debug.icron
2019-11-06 16:20:24,611 INFO: Add Device button is clicked
2019-11-06 16:20:24,671 INFO: COM13: blackbird: Icron model is loaded C:\Users\Sumit.Rathore\Desktop\70\rex_imcd_to_force_last_tu_4\cobs_plug_test_debug.icron
2019-11-06 16:20:24,951 INFO: FPGA image : False
2019-11-06 16:20:25,100 ERROR: Can't open serial port COM13.
Traceback (most recent call last):
  File "C:\Users\Sumit.Rathore\Desktop\dp_cobs\icron_lib\serial_port_manager.py", line 44, in open_port
    self.serial_port.Open()
IOError: [Errno 87] The parameter is incorrect.

2019-11-06 16:20:25,129 INFO: COM13: blackbird: Device is created
2019-11-06 16:20:25,135 INFO: COM13: goldenears: Icron model is loaded C:\Users\Sumit.Rathore\Desktop\70\rex_imcd_to_force_last_tu_4\cobs_plug_test_debug.icron
2019-11-06 16:20:25,176 INFO: FPGA image : True
2019-11-06 16:20:25,185 ERROR: Got an error when writing data to serial port COM13
Traceback (most recent call last):
  File "C:\Users\Sumit.Rathore\Desktop\dp_cobs\icron_lib\serial_port_manager.py", line 108, in write
    self.serial_port.Write(Array[Byte](data), 0, len(data))
SystemError: The port is closed.
2019-11-06 16:20:25,310 ERROR: Can't open serial port COM13.
Traceback (most recent call last):
  File "C:\Users\Sumit.Rathore\Desktop\dp_cobs\icron_lib\serial_port_manager.py", line 44, in open_port
    self.serial_port.Open()
IOError: [Errno 87] The parameter is incorrect.

2019-11-06 16:20:25,314 INFO: COM13: goldenears: Device is created
2019-11-06 16:20:30,227 INFO: COM13: blackbird: Add user comment to log
2019-11-06 16:20:33,206 ERROR: COM13 : blackbird: Got an exception when changing baud rate to 115200
Traceback (most recent call last):
  File "C:\Users\Sumit.Rathore\Desktop\dp_cobs\Device.py", line 279, in change_baud_rate
    while self.serial_port_manager.serial_port.BytesToWrite != 0:
SystemError: The port is closed.
2019-11-06 16:20:33,214 ERROR: Got an error when writing data to serial port COM13
Traceback (most recent call last):
  File "C:\Users\Sumit.Rathore\Desktop\dp_cobs\icron_lib\serial_port_manager.py", line 108, in write
    self.serial_port.Write(Array[Byte](data), 0, len(data))
SystemError: The port is closed.
2019-11-06 16:20:39,170 INFO: COM13: blackbird: Add Button is clicked
2019-11-06 16:20:41,322 INFO: COM13: blackbird: Device has no response for device info query
2019-11-06 16:21:11,881 INFO: COM13: blackbird: Add Button is clicked
2019-11-06 16:21:37,708 INFO: Device client blackbird connected to COM13 is removed
2019-11-06 16:21:38,698 INFO: Device client goldenears connected to COM13 is removed
2019-11-06 16:21:38,698 INFO: COM13 serial port manager is removed
2019-11-06 16:21:38,712 INFO: Cobs exits
